# JRE version: Java(TM) SE Runtime Environment (8.0_73-b02) (build 1.8.0_73-b02)
# Java VM: Java HotSpot(TM) 64-Bit Server VM (25.73-b02 mixed mode bsd-amd64 compressed oops)
Heap:
 PSYoungGen      total 105472K, used 35969K [0x000000076ab00000, 0x0000000772a80000, 0x00000007c0000000)
  eden space 85504K, 29% used [0x000000076ab00000,0x000000076c3d8290,0x000000076fe80000)
  from space 19968K, 52% used [0x0000000771700000,0x0000000772148280,0x0000000772a80000)
  to   space 22528K, 0% used [0x000000076fe80000,0x000000076fe80000,0x0000000771480000)
 ParOldGen       total 145408K, used 37001K [0x00000006c0000000, 0x00000006c8e00000, 0x000000076ab00000)
  object space 145408K, 25% used [0x00000006c0000000,0x00000006c2422480,0x00000006c8e00000)
 Metaspace       used 21231K, capacity 21391K, committed 21552K, reserved 1069056K
  class space    used 2059K, capacity 2112K, committed 2176K, reserved 1048576K
GC Heap History (10 events):
Event: 21.041 GC heap before
{Heap before GC invocations=7 (full 1):
 PSYoungGen      total 76288K, used 76096K [0x000000076ab00000, 0x0000000773c80000, 0x00000007c0000000)
  eden space 65536K, 100% used [0x000000076ab00000,0x000000076eb00000,0x000000076eb00000)
  from space 10752K, 98% used [0x000000076eb00000,0x000000076f550280,0x000000076f580000)
  to   space 25600K, 0% used [0x0000000772380000,0x0000000772380000,0x0000000773c80000)
 ParOldGen       total 145408K, used 36969K [0x00000006c0000000, 0x00000006c8e00000, 0x000000076ab00000)
  object space 145408K, 25% used [0x00000006c0000000,0x00000006c241a480,0x00000006c8e00000)
 Metaspace       used 21199K, capacity 21391K, committed 21552K, reserved 1069056K
  class space    used 2052K, capacity 2112K, committed 2176K, reserved 1048576K
Event: 21.049 GC heap after
Heap after GC invocations=7 (full 1):
 PSYoungGen      total 114176K, used 10496K [0x000000076ab00000, 0x0000000773780000, 0x00000007c0000000)
  eden space 93696K, 0% used [0x000000076ab00000,0x000000076ab00000,0x0000000770680000)
  from space 20480K, 51% used [0x0000000772380000,0x0000000772dc0280,0x0000000773780000)
  to   space 25088K, 0% used [0x0000000770680000,0x0000000770680000,0x0000000771f00000)
 ParOldGen       total 145408K, used 36977K [0x00000006c0000000, 0x00000006c8e00000, 0x000000076ab00000)
  object space 145408K, 25% used [0x00000006c0000000,0x00000006c241c480,0x00000006c8e00000)
 Metaspace       used 21199K, capacity 21391K, committed 21552K, reserved 1069056K
  class space    used 2052K, capacity 2112K, committed 2176K, reserved 1048576K
}
Event: 36.828 GC heap before
{Heap before GC invocations=8 (full 1):
 PSYoungGen      total 114176K, used 104192K [0x000000076ab00000, 0x0000000773780000, 0x00000007c0000000)
  eden space 93696K, 100% used [0x000000076ab00000,0x0000000770680000,0x0000000770680000)
  from space 20480K, 51% used [0x0000000772380000,0x0000000772dc0280,0x0000000773780000)
  to   space 25088K, 0% used [0x0000000770680000,0x0000000770680000,0x0000000771f00000)
 ParOldGen       total 145408K, used 36977K [0x00000006c0000000, 0x00000006c8e00000, 0x000000076ab00000)
  object space 145408K, 25% used [0x00000006c0000000,0x00000006c241c480,0x00000006c8e00000)
 Metaspace       used 21200K, capacity 21391K, committed 21552K, reserved 1069056K
  class space    used 2052K, capacity 2112K, committed 2176K, reserved 1048576K
Event: 36.836 GC heap after
Heap after GC invocations=8 (full 1):
 PSYoungGen      total 102400K, used 10528K [0x000000076ab00000, 0x0000000773380000, 0x00000007c0000000)
  eden space 91648K, 0% used [0x000000076ab00000,0x000000076ab00000,0x0000000770480000)
  from space 10752K, 97% used [0x0000000770680000,0x00000007710c8280,0x0000000771100000)
  to   space 24064K, 0% used [0x0000000771c00000,0x0000000771c00000,0x0000000773380000)
 ParOldGen       total 145408K, used 36985K [0x00000006c0000000, 0x00000006c8e00000, 0x000000076ab00000)
  object space 145408K, 25% used [0x00000006c0000000,0x00000006c241e480,0x00000006c8e00000)
 Metaspace       used 21200K, capacity 21391K, committed 21552K, reserved 1069056K
  class space    used 2052K, capacity 2112K, committed 2176K, reserved 1048576K
}
Event: 52.316 GC heap before
{Heap before GC invocations=9 (full 1):
 PSYoungGen      total 102400K, used 102176K [0x000000076ab00000, 0x0000000773380000, 0x00000007c0000000)
  eden space 91648K, 100% used [0x000000076ab00000,0x0000000770480000,0x0000000770480000)
  from space 10752K, 97% used [0x0000000770680000,0x00000007710c8280,0x0000000771100000)
  to   space 24064K, 0% used [0x0000000771c00000,0x0000000771c00000,0x0000000773380000)
 ParOldGen       total 145408K, used 36985K [0x00000006c0000000, 0x00000006c8e00000, 0x000000076ab00000)
  object space 145408K, 25% used [0x00000006c0000000,0x00000006c241e480,0x00000006c8e00000)
 Metaspace       used 21201K, capacity 21391K, committed 21552K, reserved 1069056K
  class space    used 2053K, capacity 2112K, committed 2176K, reserved 1048576K
Event: 52.322 GC heap after
Heap after GC invocations=9 (full 1):
 PSYoungGen      total 110592K, used 10496K [0x000000076ab00000, 0x0000000773080000, 0x00000007c0000000)
  eden space 89600K, 0% used [0x000000076ab00000,0x000000076ab00000,0x0000000770280000)
  from space 20992K, 50% used [0x0000000771c00000,0x0000000772640280,0x0000000773080000)
  to   space 23552K, 0% used [0x0000000770280000,0x0000000770280000,0x0000000771980000)
 ParOldGen       total 145408K, used 36993K [0x00000006c0000000, 0x00000006c8e00000, 0x000000076ab00000)
  object space 145408K, 25% used [0x00000006c0000000,0x00000006c2420480,0x00000006c8e00000)
 Metaspace       used 21201K, capacity 21391K, committed 21552K, reserved 1069056K
  class space    used 2053K, capacity 2112K, committed 2176K, reserved 1048576K
}
Event: 67.665 GC heap before
{Heap before GC invocations=10 (full 1):
 PSYoungGen      total 110592K, used 100096K [0x000000076ab00000, 0x0000000773080000, 0x00000007c0000000)
  eden space 89600K, 100% used [0x000000076ab00000,0x0000000770280000,0x0000000770280000)
  from space 20992K, 50% used [0x0000000771c00000,0x0000000772640280,0x0000000773080000)
  to   space 23552K, 0% used [0x0000000770280000,0x0000000770280000,0x0000000771980000)
 ParOldGen       total 145408K, used 36993K [0x00000006c0000000, 0x00000006c8e00000, 0x000000076ab00000)
  object space 145408K, 25% used [0x00000006c0000000,0x00000006c2420480,0x00000006c8e00000)
 Metaspace       used 21201K, capacity 21391K, committed 21552K, reserved 1069056K
  class space    used 2053K, capacity 2112K, committed 2176K, reserved 1048576K
Event: 67.669 GC heap after
Heap after GC invocations=10 (full 1):
 PSYoungGen      total 98304K, used 10464K [0x000000076ab00000, 0x0000000772d80000, 0x00000007c0000000)
  eden space 87552K, 0% used [0x000000076ab00000,0x000000076ab00000,0x0000000770080000)
  from space 10752K, 97% used [0x0000000770280000,0x0000000770cb8280,0x0000000770d00000)
  to   space 23040K, 0% used [0x0000000771700000,0x0000000771700000,0x0000000772d80000)
 ParOldGen       total 145408K, used 36993K [0x00000006c0000000, 0x00000006c8e00000, 0x000000076ab00000)
  object space 145408K, 25% used [0x00000006c0000000,0x00000006c2420480,0x00000006c8e00000)
 Metaspace       used 21201K, capacity 21391K, committed 21552K, reserved 1069056K
  class space    used 2053K, capacity 2112K, committed 2176K, reserved 1048576K
}
Event: 82.735 GC heap before
{Heap before GC invocations=11 (full 1):
 PSYoungGen      total 98304K, used 98016K [0x000000076ab00000, 0x0000000772d80000, 0x00000007c0000000)
  eden space 87552K, 100% used [0x000000076ab00000,0x0000000770080000,0x0000000770080000)
  from space 10752K, 97% used [0x0000000770280000,0x0000000770cb8280,0x0000000770d00000)
  to   space 23040K, 0% used [0x0000000771700000,0x0000000771700000,0x0000000772d80000)
 ParOldGen       total 145408K, used 36993K [0x00000006c0000000, 0x00000006c8e00000, 0x000000076ab00000)
  object space 145408K, 25% used [0x00000006c0000000,0x00000006c2420480,0x00000006c8e00000)
 Metaspace       used 21201K, capacity 21391K, committed 21552K, reserved 1069056K
  class space    used 2053K, capacity 2112K, committed 2176K, reserved 1048576K
Event: 82.743 GC heap after
Heap after GC invocations=11 (full 1):
 PSYoungGen      total 105472K, used 10528K [0x000000076ab00000, 0x0000000772a80000, 0x00000007c0000000)
  eden space 85504K, 0% used [0x000000076ab00000,0x000000076ab00000,0x000000076fe80000)
  from space 19968K, 52% used [0x0000000771700000,0x0000000772148280,0x0000000772a80000)
  to   space 22528K, 0% used [0x000000076fe80000,0x000000076fe80000,0x0000000771480000)
 ParOldGen       total 145408K, used 37001K [0x00000006c0000000, 0x00000006c8e00000, 0x000000076ab00000)
  object space 145408K, 25% used [0x00000006c0000000,0x00000006c2422480,0x00000006c8e00000)
 Metaspace       used 21201K, capacity 21391K, committed 21552K, reserved 1069056K
  class space    used 2053K, capacity 2112K, committed 2176K, reserved 1048576K
}

