# JRE version: Java(TM) SE Runtime Environment (8.0_73-b02) (build 1.8.0_73-b02)
# Java VM: Java HotSpot(TM) 64-Bit Server VM (25.73-b02 mixed mode bsd-amd64 compressed oops)
Heap:
 PSYoungGen      total 59904K, used 35785K [0x000000076ab00000, 0x000000076f580000, 0x00000007c0000000)
  eden space 46080K, 77% used [0x000000076ab00000,0x000000076cdba7a8,0x000000076d800000)
  from space 13824K, 1% used [0x000000076e680000,0x000000076e6b8000,0x000000076f400000)
  to   space 14848K, 0% used [0x000000076d800000,0x000000076d800000,0x000000076e680000)
 ParOldGen       total 88064K, used 25551K [0x00000006c0000000, 0x00000006c5600000, 0x000000076ab00000)
  object space 88064K, 29% used [0x00000006c0000000,0x00000006c18f3e50,0x00000006c5600000)
 Metaspace       used 21219K, capacity 21451K, committed 21808K, reserved 1069056K
  class space    used 2050K, capacity 2112K, committed 2176K, reserved 1048576K
GC Heap History (10 events):
Event: 114.548 GC heap before
{Heap before GC invocations=19 (full 1):
 PSYoungGen      total 60928K, used 60736K [0x000000076ab00000, 0x000000076f500000, 0x00000007c0000000)
  eden space 51200K, 100% used [0x000000076ab00000,0x000000076dd00000,0x000000076dd00000)
  from space 9728K, 98% used [0x000000076de00000,0x000000076e750240,0x000000076e780000)
  to   space 12288K, 0% used [0x000000076e900000,0x000000076e900000,0x000000076f500000)
 ParOldGen       total 88064K, used 16131K [0x00000006c0000000, 0x00000006c5600000, 0x000000076ab00000)
  object space 88064K, 18% used [0x00000006c0000000,0x00000006c0fc0c00,0x00000006c5600000)
 Metaspace       used 21172K, capacity 21323K, committed 21552K, reserved 1069056K
  class space    used 2042K, capacity 2112K, committed 2176K, reserved 1048576K
Event: 114.550 GC heap after
Heap after GC invocations=19 (full 1):
 PSYoungGen      total 60416K, used 9536K [0x000000076ab00000, 0x000000076f300000, 0x00000007c0000000)
  eden space 50176K, 0% used [0x000000076ab00000,0x000000076ab00000,0x000000076dc00000)
  from space 10240K, 93% used [0x000000076e900000,0x000000076f250240,0x000000076f300000)
  to   space 11776K, 0% used [0x000000076dc00000,0x000000076dc00000,0x000000076e780000)
 ParOldGen       total 88064K, used 16131K [0x00000006c0000000, 0x00000006c5600000, 0x000000076ab00000)
  object space 88064K, 18% used [0x00000006c0000000,0x00000006c0fc0c00,0x00000006c5600000)
 Metaspace       used 21172K, capacity 21323K, committed 21552K, reserved 1069056K
  class space    used 2042K, capacity 2112K, committed 2176K, reserved 1048576K
}
Event: 120.716 GC heap before
{Heap before GC invocations=20 (full 1):
 PSYoungGen      total 60416K, used 59712K [0x000000076ab00000, 0x000000076f300000, 0x00000007c0000000)
  eden space 50176K, 100% used [0x000000076ab00000,0x000000076dc00000,0x000000076dc00000)
  from space 10240K, 93% used [0x000000076e900000,0x000000076f250240,0x000000076f300000)
  to   space 11776K, 0% used [0x000000076dc00000,0x000000076dc00000,0x000000076e780000)
 ParOldGen       total 88064K, used 16131K [0x00000006c0000000, 0x00000006c5600000, 0x000000076ab00000)
  object space 88064K, 18% used [0x00000006c0000000,0x00000006c0fc0c00,0x00000006c5600000)
 Metaspace       used 21172K, capacity 21323K, committed 21552K, reserved 1069056K
  class space    used 2042K, capacity 2112K, committed 2176K, reserved 1048576K
Event: 120.718 GC heap after
Heap after GC invocations=20 (full 1):
 PSYoungGen      total 58880K, used 9376K [0x000000076ab00000, 0x000000076f200000, 0x00000007c0000000)
  eden space 49152K, 0% used [0x000000076ab00000,0x000000076ab00000,0x000000076db00000)
  from space 9728K, 96% used [0x000000076dc00000,0x000000076e528240,0x000000076e580000)
  to   space 11776K, 0% used [0x000000076e680000,0x000000076e680000,0x000000076f200000)
 ParOldGen       total 88064K, used 16171K [0x00000006c0000000, 0x00000006c5600000, 0x000000076ab00000)
  object space 88064K, 18% used [0x00000006c0000000,0x00000006c0fcac00,0x00000006c5600000)
 Metaspace       used 21172K, capacity 21323K, committed 21552K, reserved 1069056K
  class space    used 2042K, capacity 2112K, committed 2176K, reserved 1048576K
}
Event: 127.100 GC heap before
{Heap before GC invocations=21 (full 1):
 PSYoungGen      total 58880K, used 58528K [0x000000076ab00000, 0x000000076f200000, 0x00000007c0000000)
  eden space 49152K, 100% used [0x000000076ab00000,0x000000076db00000,0x000000076db00000)
  from space 9728K, 96% used [0x000000076dc00000,0x000000076e528240,0x000000076e580000)
  to   space 11776K, 0% used [0x000000076e680000,0x000000076e680000,0x000000076f200000)
 ParOldGen       total 88064K, used 16171K [0x00000006c0000000, 0x00000006c5600000, 0x000000076ab00000)
  object space 88064K, 18% used [0x00000006c0000000,0x00000006c0fcac00,0x00000006c5600000)
 Metaspace       used 21172K, capacity 21323K, committed 21552K, reserved 1069056K
  class space    used 2042K, capacity 2112K, committed 2176K, reserved 1048576K
Event: 127.107 GC heap after
Heap after GC invocations=21 (full 1):
 PSYoungGen      total 59392K, used 288K [0x000000076ab00000, 0x000000076f400000, 0x00000007c0000000)
  eden space 47616K, 0% used [0x000000076ab00000,0x000000076ab00000,0x000000076d980000)
  from space 11776K, 2% used [0x000000076e680000,0x000000076e6c8000,0x000000076f200000)
  to   space 13312K, 0% used [0x000000076d980000,0x000000076d980000,0x000000076e680000)
 ParOldGen       total 88064K, used 25479K [0x00000006c0000000, 0x00000006c5600000, 0x000000076ab00000)
  object space 88064K, 28% used [0x00000006c0000000,0x00000006c18e1e50,0x00000006c5600000)
 Metaspace       used 21172K, capacity 21323K, committed 21552K, reserved 1069056K
  class space    used 2042K, capacity 2112K, committed 2176K, reserved 1048576K
}
Event: 133.284 GC heap before
{Heap before GC invocations=22 (full 1):
 PSYoungGen      total 59392K, used 47904K [0x000000076ab00000, 0x000000076f400000, 0x00000007c0000000)
  eden space 47616K, 100% used [0x000000076ab00000,0x000000076d980000,0x000000076d980000)
  from space 11776K, 2% used [0x000000076e680000,0x000000076e6c8000,0x000000076f200000)
  to   space 13312K, 0% used [0x000000076d980000,0x000000076d980000,0x000000076e680000)
 ParOldGen       total 88064K, used 25479K [0x00000006c0000000, 0x00000006c5600000, 0x000000076ab00000)
  object space 88064K, 28% used [0x00000006c0000000,0x00000006c18e1e50,0x00000006c5600000)
 Metaspace       used 21172K, capacity 21323K, committed 21552K, reserved 1069056K
  class space    used 2042K, capacity 2112K, committed 2176K, reserved 1048576K
Event: 133.288 GC heap after
Heap after GC invocations=22 (full 1):
 PSYoungGen      total 60416K, used 224K [0x000000076ab00000, 0x000000076f400000, 0x00000007c0000000)
  eden space 47104K, 0% used [0x000000076ab00000,0x000000076ab00000,0x000000076d900000)
  from space 13312K, 1% used [0x000000076d980000,0x000000076d9b8000,0x000000076e680000)
  to   space 13824K, 0% used [0x000000076e680000,0x000000076e680000,0x000000076f400000)
 ParOldGen       total 88064K, used 25519K [0x00000006c0000000, 0x00000006c5600000, 0x000000076ab00000)
  object space 88064K, 28% used [0x00000006c0000000,0x00000006c18ebe50,0x00000006c5600000)
 Metaspace       used 21172K, capacity 21323K, committed 21552K, reserved 1069056K
  class space    used 2042K, capacity 2112K, committed 2176K, reserved 1048576K
}
Event: 139.469 GC heap before
{Heap before GC invocations=23 (full 1):
 PSYoungGen      total 60416K, used 47328K [0x000000076ab00000, 0x000000076f400000, 0x00000007c0000000)
  eden space 47104K, 100% used [0x000000076ab00000,0x000000076d900000,0x000000076d900000)
  from space 13312K, 1% used [0x000000076d980000,0x000000076d9b8000,0x000000076e680000)
  to   space 13824K, 0% used [0x000000076e680000,0x000000076e680000,0x000000076f400000)
 ParOldGen       total 88064K, used 25519K [0x00000006c0000000, 0x00000006c5600000, 0x000000076ab00000)
  object space 88064K, 28% used [0x00000006c0000000,0x00000006c18ebe50,0x00000006c5600000)
 Metaspace       used 21172K, capacity 21323K, committed 21552K, reserved 1069056K
  class space    used 2042K, capacity 2112K, committed 2176K, reserved 1048576K
Event: 139.471 GC heap after
Heap after GC invocations=23 (full 1):
 PSYoungGen      total 59904K, used 224K [0x000000076ab00000, 0x000000076f580000, 0x00000007c0000000)
  eden space 46080K, 0% used [0x000000076ab00000,0x000000076ab00000,0x000000076d800000)
  from space 13824K, 1% used [0x000000076e680000,0x000000076e6b8000,0x000000076f400000)
  to   space 14848K, 0% used [0x000000076d800000,0x000000076d800000,0x000000076e680000)
 ParOldGen       total 88064K, used 25551K [0x00000006c0000000, 0x00000006c5600000, 0x000000076ab00000)
  object space 88064K, 29% used [0x00000006c0000000,0x00000006c18f3e50,0x00000006c5600000)
 Metaspace       used 21172K, capacity 21323K, committed 21552K, reserved 1069056K
  class space    used 2042K, capacity 2112K, committed 2176K, reserved 1048576K
}

