# JRE version: Java(TM) SE Runtime Environment (8.0_73-b02) (build 1.8.0_73-b02)
# Java VM: Java HotSpot(TM) 64-Bit Server VM (25.73-b02 mixed mode bsd-amd64 compressed oops)
Heap:
 PSYoungGen      total 695808K, used 431722K [0x000000076ab00000, 0x0000000797400000, 0x00000007c0000000)
  eden space 685056K, 61% used [0x000000076ab00000,0x0000000784695cd8,0x0000000794800000)
  from space 10752K, 95% used [0x0000000796980000,0x0000000797384cc0,0x0000000797400000)
  to   space 22016K, 0% used [0x0000000794900000,0x0000000794900000,0x0000000795e80000)
 ParOldGen       total 85504K, used 31374K [0x00000006c0000000, 0x00000006c5380000, 0x000000076ab00000)
  object space 85504K, 36% used [0x00000006c0000000,0x00000006c1ea3b78,0x00000006c5380000)
 Metaspace       used 23788K, capacity 24093K, committed 24320K, reserved 1071104K
  class space    used 2341K, capacity 2449K, committed 2560K, reserved 1048576K
GC Heap History (10 events):
Event: 5.353 GC heap before
{Heap before GC invocations=9 (full 1):
 PSYoungGen      total 229888K, used 224387K [0x000000076ab00000, 0x0000000783c80000, 0x00000007c0000000)
  eden space 209408K, 99% used [0x000000076ab00000,0x00000007776ce2f8,0x0000000777780000)
  from space 20480K, 76% used [0x0000000777780000,0x00000007786d2c40,0x0000000778b80000)
  to   space 20480K, 0% used [0x0000000782880000,0x0000000782880000,0x0000000783c80000)
 ParOldGen       total 85504K, used 25592K [0x00000006c0000000, 0x00000006c5380000, 0x000000076ab00000)
  object space 85504K, 29% used [0x00000006c0000000,0x00000006c18fe298,0x00000006c5380000)
 Metaspace       used 23428K, capacity 23709K, committed 24064K, reserved 1071104K
  class space    used 2334K, capacity 2449K, committed 2560K, reserved 1048576K
Event: 5.359 GC heap after
Heap after GC invocations=9 (full 1):
 PSYoungGen      total 382464K, used 3812K [0x000000076ab00000, 0x0000000783980000, 0x00000007c0000000)
  eden space 365056K, 0% used [0x000000076ab00000,0x000000076ab00000,0x0000000780f80000)
  from space 17408K, 21% used [0x0000000782880000,0x0000000782c39370,0x0000000783980000)
  to   space 21504K, 0% used [0x0000000780f80000,0x0000000780f80000,0x0000000782480000)
 ParOldGen       total 85504K, used 30126K [0x00000006c0000000, 0x00000006c5380000, 0x000000076ab00000)
  object space 85504K, 35% used [0x00000006c0000000,0x00000006c1d6bb38,0x00000006c5380000)
 Metaspace       used 23428K, capacity 23709K, committed 24064K, reserved 1071104K
  class space    used 2334K, capacity 2449K, committed 2560K, reserved 1048576K
}
Event: 6.169 GC heap before
{Heap before GC invocations=10 (full 1):
 PSYoungGen      total 382464K, used 368781K [0x000000076ab00000, 0x0000000783980000, 0x00000007c0000000)
  eden space 365056K, 99% used [0x000000076ab00000,0x0000000780f6a2a8,0x0000000780f80000)
  from space 17408K, 21% used [0x0000000782880000,0x0000000782c39370,0x0000000783980000)
  to   space 21504K, 0% used [0x0000000780f80000,0x0000000780f80000,0x0000000782480000)
 ParOldGen       total 85504K, used 30126K [0x00000006c0000000, 0x00000006c5380000, 0x000000076ab00000)
  object space 85504K, 35% used [0x00000006c0000000,0x00000006c1d6bb38,0x00000006c5380000)
 Metaspace       used 23529K, capacity 23837K, committed 24064K, reserved 1071104K
  class space    used 2334K, capacity 2449K, committed 2560K, reserved 1048576K
Event: 6.174 GC heap after
Heap after GC invocations=10 (full 1):
 PSYoungGen      total 386560K, used 2756K [0x000000076ab00000, 0x000000078d180000, 0x00000007c0000000)
  eden space 365056K, 0% used [0x000000076ab00000,0x000000076ab00000,0x0000000780f80000)
  from space 21504K, 12% used [0x0000000780f80000,0x0000000781231330,0x0000000782480000)
  to   space 22528K, 0% used [0x000000078bb80000,0x000000078bb80000,0x000000078d180000)
 ParOldGen       total 85504K, used 31222K [0x00000006c0000000, 0x00000006c5380000, 0x000000076ab00000)
  object space 85504K, 36% used [0x00000006c0000000,0x00000006c1e7db78,0x00000006c5380000)
 Metaspace       used 23529K, capacity 23837K, committed 24064K, reserved 1071104K
  class space    used 2334K, capacity 2449K, committed 2560K, reserved 1048576K
}
Event: 6.969 GC heap before
{Heap before GC invocations=11 (full 1):
 PSYoungGen      total 386560K, used 367388K [0x000000076ab00000, 0x000000078d180000, 0x00000007c0000000)
  eden space 365056K, 99% used [0x000000076ab00000,0x0000000780f15e48,0x0000000780f80000)
  from space 21504K, 12% used [0x0000000780f80000,0x0000000781231330,0x0000000782480000)
  to   space 22528K, 0% used [0x000000078bb80000,0x000000078bb80000,0x000000078d180000)
 ParOldGen       total 85504K, used 31222K [0x00000006c0000000, 0x00000006c5380000, 0x000000076ab00000)
  object space 85504K, 36% used [0x00000006c0000000,0x00000006c1e7db78,0x00000006c5380000)
 Metaspace       used 23564K, capacity 23837K, committed 24064K, reserved 1071104K
  class space    used 2334K, capacity 2449K, committed 2560K, reserved 1048576K
Event: 6.974 GC heap after
Heap after GC invocations=11 (full 1):
 PSYoungGen      total 524800K, used 2692K [0x000000076ab00000, 0x000000078ca00000, 0x00000007c0000000)
  eden space 509952K, 0% used [0x000000076ab00000,0x000000076ab00000,0x0000000789d00000)
  from space 14848K, 18% used [0x000000078bb80000,0x000000078be21330,0x000000078ca00000)
  to   space 23040K, 0% used [0x0000000789d00000,0x0000000789d00000,0x000000078b380000)
 ParOldGen       total 85504K, used 31278K [0x00000006c0000000, 0x00000006c5380000, 0x000000076ab00000)
  object space 85504K, 36% used [0x00000006c0000000,0x00000006c1e8bb78,0x00000006c5380000)
 Metaspace       used 23564K, capacity 23837K, committed 24064K, reserved 1071104K
  class space    used 2334K, capacity 2449K, committed 2560K, reserved 1048576K
}
Event: 8.105 GC heap before
{Heap before GC invocations=12 (full 1):
 PSYoungGen      total 524800K, used 510650K [0x000000076ab00000, 0x000000078ca00000, 0x00000007c0000000)
  eden space 509952K, 99% used [0x000000076ab00000,0x0000000789b0d530,0x0000000789d00000)
  from space 14848K, 18% used [0x000000078bb80000,0x000000078be21330,0x000000078ca00000)
  to   space 23040K, 0% used [0x0000000789d00000,0x0000000789d00000,0x000000078b380000)
 ParOldGen       total 85504K, used 31278K [0x00000006c0000000, 0x00000006c5380000, 0x000000076ab00000)
  object space 85504K, 36% used [0x00000006c0000000,0x00000006c1e8bb78,0x00000006c5380000)
 Metaspace       used 23735K, capacity 24029K, committed 24320K, reserved 1071104K
  class space    used 2334K, capacity 2449K, committed 2560K, reserved 1048576K
Event: 8.109 GC heap after
Heap after GC invocations=12 (full 1):
 PSYoungGen      total 532992K, used 2692K [0x000000076ab00000, 0x0000000798000000, 0x00000007c0000000)
  eden space 509952K, 0% used [0x000000076ab00000,0x000000076ab00000,0x0000000789d00000)
  from space 23040K, 11% used [0x0000000789d00000,0x0000000789fa1330,0x000000078b380000)
  to   space 23040K, 0% used [0x0000000796980000,0x0000000796980000,0x0000000798000000)
 ParOldGen       total 85504K, used 31326K [0x00000006c0000000, 0x00000006c5380000, 0x000000076ab00000)
  object space 85504K, 36% used [0x00000006c0000000,0x00000006c1e97b78,0x00000006c5380000)
 Metaspace       used 23735K, capacity 24029K, committed 24320K, reserved 1071104K
  class space    used 2334K, capacity 2449K, committed 2560K, reserved 1048576K
}
Event: 9.191 GC heap before
{Heap before GC invocations=13 (full 1):
 PSYoungGen      total 532992K, used 510879K [0x000000076ab00000, 0x0000000798000000, 0x00000007c0000000)
  eden space 509952K, 99% used [0x000000076ab00000,0x0000000789b46b48,0x0000000789d00000)
  from space 23040K, 11% used [0x0000000789d00000,0x0000000789fa1330,0x000000078b380000)
  to   space 23040K, 0% used [0x0000000796980000,0x0000000796980000,0x0000000798000000)
 ParOldGen       total 85504K, used 31326K [0x00000006c0000000, 0x00000006c5380000, 0x000000076ab00000)
  object space 85504K, 36% used [0x00000006c0000000,0x00000006c1e97b78,0x00000006c5380000)
 Metaspace       used 23746K, capacity 24029K, committed 24320K, reserved 1071104K
  class space    used 2334K, capacity 2449K, committed 2560K, reserved 1048576K
Event: 9.197 GC heap after
Heap after GC invocations=13 (full 1):
 PSYoungGen      total 695808K, used 10259K [0x000000076ab00000, 0x0000000797400000, 0x00000007c0000000)
  eden space 685056K, 0% used [0x000000076ab00000,0x000000076ab00000,0x0000000794800000)
  from space 10752K, 95% used [0x0000000796980000,0x0000000797384cc0,0x0000000797400000)
  to   space 22016K, 0% used [0x0000000794900000,0x0000000794900000,0x0000000795e80000)
 ParOldGen       total 85504K, used 31374K [0x00000006c0000000, 0x00000006c5380000, 0x000000076ab00000)
  object space 85504K, 36% used [0x00000006c0000000,0x00000006c1ea3b78,0x00000006c5380000)
 Metaspace       used 23746K, capacity 24029K, committed 24320K, reserved 1071104K
  class space    used 2334K, capacity 2449K, committed 2560K, reserved 1048576K
}

