# JRE version: Java(TM) SE Runtime Environment (8.0_73-b02) (build 1.8.0_73-b02)
# Java VM: Java HotSpot(TM) 64-Bit Server VM (25.73-b02 mixed mode bsd-amd64 compressed oops)
Heap:
 PSYoungGen      total 76288K, used 49925K [0x000000076ab00000, 0x0000000775480000, 0x00000007c0000000)
  eden space 65536K, 59% used [0x000000076ab00000,0x000000076d161280,0x000000076eb00000)
  from space 10752K, 98% used [0x000000076eb00000,0x000000076f560290,0x000000076f580000)
  to   space 21504K, 0% used [0x0000000773f80000,0x0000000773f80000,0x0000000775480000)
 ParOldGen       total 102912K, used 27610K [0x00000006c0000000, 0x00000006c6480000, 0x000000076ab00000)
  object space 102912K, 26% used [0x00000006c0000000,0x00000006c1af6918,0x00000006c6480000)
 Metaspace       used 21077K, capacity 21247K, committed 21552K, reserved 1069056K
  class space    used 2029K, capacity 2110K, committed 2176K, reserved 1048576K
GC Heap History (10 events):
Event: 10.840 GC heap before
{Heap before GC invocations=2 (full 0):
 PSYoungGen      total 76288K, used 76279K [0x000000076ab00000, 0x0000000770000000, 0x00000007c0000000)
  eden space 65536K, 100% used [0x000000076ab00000,0x000000076eb00000,0x000000076eb00000)
  from space 10752K, 99% used [0x000000076eb00000,0x000000076f57dd70,0x000000076f580000)
  to   space 10752K, 0% used [0x000000076f580000,0x000000076f580000,0x0000000770000000)
 ParOldGen       total 175104K, used 3875K [0x00000006c0000000, 0x00000006cab00000, 0x000000076ab00000)
  object space 175104K, 2% used [0x00000006c0000000,0x00000006c03c8dc8,0x00000006cab00000)
 Metaspace       used 20786K, capacity 20991K, committed 21120K, reserved 1069056K
  class space    used 2022K, capacity 2110K, committed 2176K, reserved 1048576K
Event: 10.852 GC heap after
Heap after GC invocations=2 (full 0):
 PSYoungGen      total 76288K, used 10738K [0x000000076ab00000, 0x0000000770000000, 0x00000007c0000000)
  eden space 65536K, 0% used [0x000000076ab00000,0x000000076ab00000,0x000000076eb00000)
  from space 10752K, 99% used [0x000000076f580000,0x000000076fffcbc0,0x0000000770000000)
  to   space 10752K, 0% used [0x000000076eb00000,0x000000076eb00000,0x000000076f580000)
 ParOldGen       total 175104K, used 8707K [0x00000006c0000000, 0x00000006cab00000, 0x000000076ab00000)
  object space 175104K, 4% used [0x00000006c0000000,0x00000006c0880fa8,0x00000006cab00000)
 Metaspace       used 20786K, capacity 20991K, committed 21120K, reserved 1069056K
  class space    used 2022K, capacity 2110K, committed 2176K, reserved 1048576K
}
Event: 15.685 GC heap before
{Heap before GC invocations=3 (full 0):
 PSYoungGen      total 76288K, used 76173K [0x000000076ab00000, 0x0000000770000000, 0x00000007c0000000)
  eden space 65536K, 99% used [0x000000076ab00000,0x000000076eae6888,0x000000076eb00000)
  from space 10752K, 99% used [0x000000076f580000,0x000000076fffcbc0,0x0000000770000000)
  to   space 10752K, 0% used [0x000000076eb00000,0x000000076eb00000,0x000000076f580000)
 ParOldGen       total 175104K, used 8707K [0x00000006c0000000, 0x00000006cab00000, 0x000000076ab00000)
  object space 175104K, 4% used [0x00000006c0000000,0x00000006c0880fa8,0x00000006cab00000)
 Metaspace       used 20931K, capacity 21119K, committed 21296K, reserved 1069056K
  class space    used 2022K, capacity 2110K, committed 2176K, reserved 1048576K
Event: 15.692 GC heap after
Heap after GC invocations=3 (full 0):
 PSYoungGen      total 76288K, used 10723K [0x000000076ab00000, 0x0000000770000000, 0x00000007c0000000)
  eden space 65536K, 0% used [0x000000076ab00000,0x000000076ab00000,0x000000076eb00000)
  from space 10752K, 99% used [0x000000076eb00000,0x000000076f578c10,0x000000076f580000)
  to   space 10752K, 0% used [0x000000076f580000,0x000000076f580000,0x0000000770000000)
 ParOldGen       total 175104K, used 17697K [0x00000006c0000000, 0x00000006cab00000, 0x000000076ab00000)
  object space 175104K, 10% used [0x00000006c0000000,0x00000006c11487d0,0x00000006cab00000)
 Metaspace       used 20931K, capacity 21119K, committed 21296K, reserved 1069056K
  class space    used 2022K, capacity 2110K, committed 2176K, reserved 1048576K
}
Event: 15.693 GC heap before
{Heap before GC invocations=4 (full 0):
 PSYoungGen      total 76288K, used 11838K [0x000000076ab00000, 0x0000000770000000, 0x00000007c0000000)
  eden space 65536K, 1% used [0x000000076ab00000,0x000000076ac16ea8,0x000000076eb00000)
  from space 10752K, 99% used [0x000000076eb00000,0x000000076f578c10,0x000000076f580000)
  to   space 10752K, 0% used [0x000000076f580000,0x000000076f580000,0x0000000770000000)
 ParOldGen       total 175104K, used 17697K [0x00000006c0000000, 0x00000006cab00000, 0x000000076ab00000)
  object space 175104K, 10% used [0x00000006c0000000,0x00000006c11487d0,0x00000006cab00000)
 Metaspace       used 20933K, capacity 21119K, committed 21296K, reserved 1069056K
  class space    used 2022K, capacity 2110K, committed 2176K, reserved 1048576K
Event: 15.697 GC heap after
Heap after GC invocations=4 (full 0):
 PSYoungGen      total 76288K, used 10740K [0x000000076ab00000, 0x0000000774000000, 0x00000007c0000000)
  eden space 65536K, 0% used [0x000000076ab00000,0x000000076ab00000,0x000000076eb00000)
  from space 10752K, 99% used [0x000000076f580000,0x000000076fffd340,0x0000000770000000)
  to   space 10752K, 0% used [0x000000076eb00000,0x000000076eb00000,0x000000076f580000)
 ParOldGen       total 175104K, used 17729K [0x00000006c0000000, 0x00000006cab00000, 0x000000076ab00000)
  object space 175104K, 10% used [0x00000006c0000000,0x00000006c11507d0,0x00000006cab00000)
 Metaspace       used 20933K, capacity 21119K, committed 21296K, reserved 1069056K
  class space    used 2022K, capacity 2110K, committed 2176K, reserved 1048576K
}
Event: 15.697 GC heap before
{Heap before GC invocations=5 (full 1):
 PSYoungGen      total 76288K, used 10740K [0x000000076ab00000, 0x0000000774000000, 0x00000007c0000000)
  eden space 65536K, 0% used [0x000000076ab00000,0x000000076ab00000,0x000000076eb00000)
  from space 10752K, 99% used [0x000000076f580000,0x000000076fffd340,0x0000000770000000)
  to   space 10752K, 0% used [0x000000076eb00000,0x000000076eb00000,0x000000076f580000)
 ParOldGen       total 175104K, used 17729K [0x00000006c0000000, 0x00000006cab00000, 0x000000076ab00000)
  object space 175104K, 10% used [0x00000006c0000000,0x00000006c11507d0,0x00000006cab00000)
 Metaspace       used 20933K, capacity 21119K, committed 21296K, reserved 1069056K
  class space    used 2022K, capacity 2110K, committed 2176K, reserved 1048576K
Event: 15.724 GC heap after
Heap after GC invocations=5 (full 1):
 PSYoungGen      total 76288K, used 0K [0x000000076ab00000, 0x0000000774000000, 0x00000007c0000000)
  eden space 65536K, 0% used [0x000000076ab00000,0x000000076ab00000,0x000000076eb00000)
  from space 10752K, 0% used [0x000000076f580000,0x000000076f580000,0x0000000770000000)
  to   space 10752K, 0% used [0x000000076eb00000,0x000000076eb00000,0x000000076f580000)
 ParOldGen       total 102912K, used 25554K [0x00000006c0000000, 0x00000006c6480000, 0x000000076ab00000)
  object space 102912K, 24% used [0x00000006c0000000,0x00000006c18f4898,0x00000006c6480000)
 Metaspace       used 20933K, capacity 21119K, committed 21296K, reserved 1069056K
  class space    used 2022K, capacity 2110K, committed 2176K, reserved 1048576K
}
Event: 18.435 GC heap before
{Heap before GC invocations=6 (full 1):
 PSYoungGen      total 76288K, used 65476K [0x000000076ab00000, 0x0000000774000000, 0x00000007c0000000)
  eden space 65536K, 99% used [0x000000076ab00000,0x000000076eaf11c0,0x000000076eb00000)
  from space 10752K, 0% used [0x000000076f580000,0x000000076f580000,0x0000000770000000)
  to   space 10752K, 0% used [0x000000076eb00000,0x000000076eb00000,0x000000076f580000)
 ParOldGen       total 102912K, used 25554K [0x00000006c0000000, 0x00000006c6480000, 0x000000076ab00000)
  object space 102912K, 24% used [0x00000006c0000000,0x00000006c18f4898,0x00000006c6480000)
 Metaspace       used 21004K, capacity 21247K, committed 21552K, reserved 1069056K
  class space    used 2022K, capacity 2110K, committed 2176K, reserved 1048576K
Event: 18.437 GC heap after
Heap after GC invocations=6 (full 1):
 PSYoungGen      total 76288K, used 10624K [0x000000076ab00000, 0x0000000775480000, 0x00000007c0000000)
  eden space 65536K, 0% used [0x000000076ab00000,0x000000076ab00000,0x000000076eb00000)
  from space 10752K, 98% used [0x000000076eb00000,0x000000076f560290,0x000000076f580000)
  to   space 21504K, 0% used [0x0000000773f80000,0x0000000773f80000,0x0000000775480000)
 ParOldGen       total 102912K, used 27610K [0x00000006c0000000, 0x00000006c6480000, 0x000000076ab00000)
  object space 102912K, 26% used [0x00000006c0000000,0x00000006c1af6918,0x00000006c6480000)
 Metaspace       used 21004K, capacity 21247K, committed 21552K, reserved 1069056K
  class space    used 2022K, capacity 2110K, committed 2176K, reserved 1048576K
}

