# JRE version: Java(TM) SE Runtime Environment (8.0_73-b02) (build 1.8.0_73-b02)
# Java VM: Java HotSpot(TM) 64-Bit Server VM (25.73-b02 mixed mode bsd-amd64 compressed oops)
Heap:
 PSYoungGen      total 1372672K, used 299743K [0x000000076ab00000, 0x00000007bfd00000, 0x00000007c0000000)
  eden space 1354752K, 21% used [0x000000076ab00000,0x000000077c62e738,0x00000007bd600000)
  from space 17920K, 54% used [0x00000007beb80000,0x00000007bf5094e0,0x00000007bfd00000)
  to   space 19968K, 0% used [0x00000007bd600000,0x00000007bd600000,0x00000007be980000)
 ParOldGen       total 88576K, used 43509K [0x00000006c0000000, 0x00000006c5680000, 0x000000076ab00000)
  object space 88576K, 49% used [0x00000006c0000000,0x00000006c2a7d5f8,0x00000006c5680000)
 Metaspace       used 24526K, capacity 24777K, committed 25088K, reserved 1071104K
  class space    used 2379K, capacity 2483K, committed 2560K, reserved 1048576K
GC Heap History (10 events):
Event: 16.590 GC heap before
{Heap before GC invocations=19 (full 1):
 PSYoungGen      total 972800K, used 962421K [0x000000076ab00000, 0x00000007af580000, 0x00000007c0000000)
  eden space 953344K, 100% used [0x000000076ab00000,0x00000007a4e00000,0x00000007a4e00000)
  from space 19456K, 46% used [0x00000007a4e00000,0x00000007a56dd4e0,0x00000007a6100000)
  to   space 18432K, 0% used [0x00000007ae380000,0x00000007ae380000,0x00000007af580000)
 ParOldGen       total 88576K, used 34236K [0x00000006c0000000, 0x00000006c5680000, 0x000000076ab00000)
  object space 88576K, 38% used [0x00000006c0000000,0x00000006c216f308,0x00000006c5680000)
 Metaspace       used 24265K, capacity 24521K, committed 24832K, reserved 1071104K
  class space    used 2372K, capacity 2483K, committed 2560K, reserved 1048576K
Event: 16.600 GC heap after
Heap after GC invocations=19 (full 1):
 PSYoungGen      total 1100800K, used 18419K [0x000000076ab00000, 0x00000007b0c00000, 0x00000007c0000000)
  eden space 1082368K, 0% used [0x000000076ab00000,0x000000076ab00000,0x00000007acc00000)
  from space 18432K, 99% used [0x00000007ae380000,0x00000007af57ced0,0x00000007af580000)
  to   space 24064K, 0% used [0x00000007acc00000,0x00000007acc00000,0x00000007ae380000)
 ParOldGen       total 88576K, used 42237K [0x00000006c0000000, 0x00000006c5680000, 0x000000076ab00000)
  object space 88576K, 47% used [0x00000006c0000000,0x00000006c293f4f8,0x00000006c5680000)
 Metaspace       used 24265K, capacity 24521K, committed 24832K, reserved 1071104K
  class space    used 2372K, capacity 2483K, committed 2560K, reserved 1048576K
}
Event: 18.588 GC heap before
{Heap before GC invocations=20 (full 1):
 PSYoungGen      total 1100800K, used 1100787K [0x000000076ab00000, 0x00000007b0c00000, 0x00000007c0000000)
  eden space 1082368K, 100% used [0x000000076ab00000,0x00000007acc00000,0x00000007acc00000)
  from space 18432K, 99% used [0x00000007ae380000,0x00000007af57ced0,0x00000007af580000)
  to   space 24064K, 0% used [0x00000007acc00000,0x00000007acc00000,0x00000007ae380000)
 ParOldGen       total 88576K, used 42237K [0x00000006c0000000, 0x00000006c5680000, 0x000000076ab00000)
  object space 88576K, 47% used [0x00000006c0000000,0x00000006c293f4f8,0x00000006c5680000)
 Metaspace       used 24347K, capacity 24649K, committed 24832K, reserved 1071104K
  class space    used 2372K, capacity 2483K, committed 2560K, reserved 1048576K
Event: 18.594 GC heap after
Heap after GC invocations=20 (full 1):
 PSYoungGen      total 1106432K, used 9733K [0x000000076ab00000, 0x00000007b9080000, 0x00000007c0000000)
  eden space 1082368K, 0% used [0x000000076ab00000,0x000000076ab00000,0x00000007acc00000)
  from space 24064K, 40% used [0x00000007acc00000,0x00000007ad5814e0,0x00000007ae380000)
  to   space 23040K, 0% used [0x00000007b7a00000,0x00000007b7a00000,0x00000007b9080000)
 ParOldGen       total 88576K, used 43485K [0x00000006c0000000, 0x00000006c5680000, 0x000000076ab00000)
  object space 88576K, 49% used [0x00000006c0000000,0x00000006c2a775f8,0x00000006c5680000)
 Metaspace       used 24347K, capacity 24649K, committed 24832K, reserved 1071104K
  class space    used 2372K, capacity 2483K, committed 2560K, reserved 1048576K
}
Event: 20.545 GC heap before
{Heap before GC invocations=21 (full 1):
 PSYoungGen      total 1106432K, used 1092101K [0x000000076ab00000, 0x00000007b9080000, 0x00000007c0000000)
  eden space 1082368K, 100% used [0x000000076ab00000,0x00000007acc00000,0x00000007acc00000)
  from space 24064K, 40% used [0x00000007acc00000,0x00000007ad5814e0,0x00000007ae380000)
  to   space 23040K, 0% used [0x00000007b7a00000,0x00000007b7a00000,0x00000007b9080000)
 ParOldGen       total 88576K, used 43485K [0x00000006c0000000, 0x00000006c5680000, 0x000000076ab00000)
  object space 88576K, 49% used [0x00000006c0000000,0x00000006c2a775f8,0x00000006c5680000)
 Metaspace       used 24349K, capacity 24649K, committed 24832K, reserved 1071104K
  class space    used 2372K, capacity 2483K, committed 2560K, reserved 1048576K
Event: 20.553 GC heap after
Heap after GC invocations=21 (full 1):
 PSYoungGen      total 1247232K, used 9893K [0x000000076ab00000, 0x00000007b8900000, 0x00000007c0000000)
  eden space 1231872K, 0% used [0x000000076ab00000,0x000000076ab00000,0x00000007b5e00000)
  from space 15360K, 64% used [0x00000007b7a00000,0x00000007b83a94e0,0x00000007b8900000)
  to   space 22016K, 0% used [0x00000007b5e00000,0x00000007b5e00000,0x00000007b7380000)
 ParOldGen       total 88576K, used 43493K [0x00000006c0000000, 0x00000006c5680000, 0x000000076ab00000)
  object space 88576K, 49% used [0x00000006c0000000,0x00000006c2a795f8,0x00000006c5680000)
 Metaspace       used 24349K, capacity 24649K, committed 24832K, reserved 1071104K
  class space    used 2372K, capacity 2483K, committed 2560K, reserved 1048576K
}
Event: 22.764 GC heap before
{Heap before GC invocations=22 (full 1):
 PSYoungGen      total 1247232K, used 1241765K [0x000000076ab00000, 0x00000007b8900000, 0x00000007c0000000)
  eden space 1231872K, 100% used [0x000000076ab00000,0x00000007b5e00000,0x00000007b5e00000)
  from space 15360K, 64% used [0x00000007b7a00000,0x00000007b83a94e0,0x00000007b8900000)
  to   space 22016K, 0% used [0x00000007b5e00000,0x00000007b5e00000,0x00000007b7380000)
 ParOldGen       total 88576K, used 43493K [0x00000006c0000000, 0x00000006c5680000, 0x000000076ab00000)
  object space 88576K, 49% used [0x00000006c0000000,0x00000006c2a795f8,0x00000006c5680000)
 Metaspace       used 24420K, capacity 24713K, committed 25088K, reserved 1071104K
  class space    used 2372K, capacity 2483K, committed 2560K, reserved 1048576K
Event: 22.771 GC heap after
Heap after GC invocations=22 (full 1):
 PSYoungGen      total 1253888K, used 9765K [0x000000076ab00000, 0x00000007c0000000, 0x00000007c0000000)
  eden space 1231872K, 0% used [0x000000076ab00000,0x000000076ab00000,0x00000007b5e00000)
  from space 22016K, 44% used [0x00000007b5e00000,0x00000007b67894e0,0x00000007b7380000)
  to   space 20992K, 0% used [0x00000007beb80000,0x00000007beb80000,0x00000007c0000000)
 ParOldGen       total 88576K, used 43501K [0x00000006c0000000, 0x00000006c5680000, 0x000000076ab00000)
  object space 88576K, 49% used [0x00000006c0000000,0x00000006c2a7b5f8,0x00000006c5680000)
 Metaspace       used 24420K, capacity 24713K, committed 25088K, reserved 1071104K
  class space    used 2372K, capacity 2483K, committed 2560K, reserved 1048576K
}
Event: 24.939 GC heap before
{Heap before GC invocations=23 (full 1):
 PSYoungGen      total 1253888K, used 1241637K [0x000000076ab00000, 0x00000007c0000000, 0x00000007c0000000)
  eden space 1231872K, 100% used [0x000000076ab00000,0x00000007b5e00000,0x00000007b5e00000)
  from space 22016K, 44% used [0x00000007b5e00000,0x00000007b67894e0,0x00000007b7380000)
  to   space 20992K, 0% used [0x00000007beb80000,0x00000007beb80000,0x00000007c0000000)
 ParOldGen       total 88576K, used 43501K [0x00000006c0000000, 0x00000006c5680000, 0x000000076ab00000)
  object space 88576K, 49% used [0x00000006c0000000,0x00000006c2a7b5f8,0x00000006c5680000)
 Metaspace       used 24480K, capacity 24777K, committed 25088K, reserved 1071104K
  class space    used 2372K, capacity 2483K, committed 2560K, reserved 1048576K
Event: 24.947 GC heap after
Heap after GC invocations=23 (full 1):
 PSYoungGen      total 1372672K, used 9765K [0x000000076ab00000, 0x00000007bfd00000, 0x00000007c0000000)
  eden space 1354752K, 0% used [0x000000076ab00000,0x000000076ab00000,0x00000007bd600000)
  from space 17920K, 54% used [0x00000007beb80000,0x00000007bf5094e0,0x00000007bfd00000)
  to   space 19968K, 0% used [0x00000007bd600000,0x00000007bd600000,0x00000007be980000)
 ParOldGen       total 88576K, used 43509K [0x00000006c0000000, 0x00000006c5680000, 0x000000076ab00000)
  object space 88576K, 49% used [0x00000006c0000000,0x00000006c2a7d5f8,0x00000006c5680000)
 Metaspace       used 24480K, capacity 24777K, committed 25088K, reserved 1071104K
  class space    used 2372K, capacity 2483K, committed 2560K, reserved 1048576K
}

