# JRE version: Java(TM) SE Runtime Environment (8.0_73-b02) (build 1.8.0_73-b02)
# Java VM: Java HotSpot(TM) 64-Bit Server VM (25.73-b02 mixed mode bsd-amd64 compressed oops)
Heap:
 PSYoungGen      total 849920K, used 286292K [0x000000076ab00000, 0x000000079f480000, 0x00000007c0000000)
  eden space 838144K, 34% used [0x000000076ab00000,0x000000077c1eee80,0x000000079dd80000)
  from space 11776K, 5% used [0x000000079e900000,0x000000079e9a6320,0x000000079f480000)
  to   space 11776K, 0% used [0x000000079dd80000,0x000000079dd80000,0x000000079e900000)
 ParOldGen       total 175104K, used 5821K [0x00000006c0000000, 0x00000006cab00000, 0x000000076ab00000)
  object space 175104K, 3% used [0x00000006c0000000,0x00000006c05af4d8,0x00000006cab00000)
 Metaspace       used 20788K, capacity 20947K, committed 21120K, reserved 1069056K
  class space    used 2047K, capacity 2112K, committed 2176K, reserved 1048576K
GC Heap History (10 events):
Event: 2.939 GC heap before
{Heap before GC invocations=6 (full 0):
 PSYoungGen      total 141824K, used 136936K [0x000000076ab00000, 0x000000077be00000, 0x00000007c0000000)
  eden space 131072K, 99% used [0x000000076ab00000,0x0000000772aae6a8,0x0000000772b00000)
  from space 10752K, 57% used [0x0000000772b00000,0x000000077310bbf8,0x0000000773580000)
  to   space 9728K, 0% used [0x000000077b480000,0x000000077b480000,0x000000077be00000)
 ParOldGen       total 175104K, used 112K [0x00000006c0000000, 0x00000006cab00000, 0x000000076ab00000)
  object space 175104K, 0% used [0x00000006c0000000,0x00000006c001c010,0x00000006cab00000)
 Metaspace       used 19254K, capacity 19427K, committed 19712K, reserved 1067008K
  class space    used 1956K, capacity 2014K, committed 2048K, reserved 1048576K
Event: 2.944 GC heap after
Heap after GC invocations=6 (full 0):
 PSYoungGen      total 271872K, used 7036K [0x000000076ab00000, 0x000000077be00000, 0x00000007c0000000)
  eden space 262144K, 0% used [0x000000076ab00000,0x000000076ab00000,0x000000077ab00000)
  from space 9728K, 72% used [0x000000077b480000,0x000000077bb5f038,0x000000077be00000)
  to   space 9728K, 0% used [0x000000077ab00000,0x000000077ab00000,0x000000077b480000)
 ParOldGen       total 175104K, used 120K [0x00000006c0000000, 0x00000006cab00000, 0x000000076ab00000)
  object space 175104K, 0% used [0x00000006c0000000,0x00000006c001e010,0x00000006cab00000)
 Metaspace       used 19254K, capacity 19427K, committed 19712K, reserved 1067008K
  class space    used 1956K, capacity 2014K, committed 2048K, reserved 1048576K
}
Event: 3.291 GC heap before
{Heap before GC invocations=7 (full 0):
 PSYoungGen      total 271872K, used 269180K [0x000000076ab00000, 0x000000077be00000, 0x00000007c0000000)
  eden space 262144K, 100% used [0x000000076ab00000,0x000000077ab00000,0x000000077ab00000)
  from space 9728K, 72% used [0x000000077b480000,0x000000077bb5f038,0x000000077be00000)
  to   space 9728K, 0% used [0x000000077ab00000,0x000000077ab00000,0x000000077b480000)
 ParOldGen       total 175104K, used 120K [0x00000006c0000000, 0x00000006cab00000, 0x000000076ab00000)
  object space 175104K, 0% used [0x00000006c0000000,0x00000006c001e010,0x00000006cab00000)
 Metaspace       used 19257K, capacity 19427K, committed 19712K, reserved 1067008K
  class space    used 1956K, capacity 2014K, committed 2048K, reserved 1048576K
Event: 3.297 GC heap after
Heap after GC invocations=7 (full 0):
 PSYoungGen      total 271872K, used 941K [0x000000076ab00000, 0x000000078c000000, 0x00000007c0000000)
  eden space 262144K, 0% used [0x000000076ab00000,0x000000076ab00000,0x000000077ab00000)
  from space 9728K, 9% used [0x000000077ab00000,0x000000077abeb458,0x000000077b480000)
  to   space 10752K, 0% used [0x000000078b580000,0x000000078b580000,0x000000078c000000)
 ParOldGen       total 175104K, used 5677K [0x00000006c0000000, 0x00000006cab00000, 0x000000076ab00000)
  object space 175104K, 3% used [0x00000006c0000000,0x00000006c058b4d8,0x00000006cab00000)
 Metaspace       used 19257K, capacity 19427K, committed 19712K, reserved 1067008K
  class space    used 1956K, capacity 2014K, committed 2048K, reserved 1048576K
}
Event: 3.603 GC heap before
{Heap before GC invocations=8 (full 0):
 PSYoungGen      total 271872K, used 263085K [0x000000076ab00000, 0x000000078c000000, 0x00000007c0000000)
  eden space 262144K, 100% used [0x000000076ab00000,0x000000077ab00000,0x000000077ab00000)
  from space 9728K, 9% used [0x000000077ab00000,0x000000077abeb458,0x000000077b480000)
  to   space 10752K, 0% used [0x000000078b580000,0x000000078b580000,0x000000078c000000)
 ParOldGen       total 175104K, used 5677K [0x00000006c0000000, 0x00000006cab00000, 0x000000076ab00000)
  object space 175104K, 3% used [0x00000006c0000000,0x00000006c058b4d8,0x00000006cab00000)
 Metaspace       used 19258K, capacity 19427K, committed 19712K, reserved 1067008K
  class space    used 1956K, capacity 2014K, committed 2048K, reserved 1048576K
Event: 3.605 GC heap after
Heap after GC invocations=8 (full 0):
 PSYoungGen      total 534528K, used 1197K [0x000000076ab00000, 0x000000078c100000, 0x00000007c0000000)
  eden space 523776K, 0% used [0x000000076ab00000,0x000000076ab00000,0x000000078aa80000)
  from space 10752K, 11% used [0x000000078b580000,0x000000078b6ab458,0x000000078c000000)
  to   space 11264K, 0% used [0x000000078aa80000,0x000000078aa80000,0x000000078b580000)
 ParOldGen       total 175104K, used 5725K [0x00000006c0000000, 0x00000006cab00000, 0x000000076ab00000)
  object space 175104K, 3% used [0x00000006c0000000,0x00000006c05974d8,0x00000006cab00000)
 Metaspace       used 19258K, capacity 19427K, committed 19712K, reserved 1067008K
  class space    used 1956K, capacity 2014K, committed 2048K, reserved 1048576K
}
Event: 4.302 GC heap before
{Heap before GC invocations=9 (full 0):
 PSYoungGen      total 534528K, used 524973K [0x000000076ab00000, 0x000000078c100000, 0x00000007c0000000)
  eden space 523776K, 100% used [0x000000076ab00000,0x000000078aa80000,0x000000078aa80000)
  from space 10752K, 11% used [0x000000078b580000,0x000000078b6ab458,0x000000078c000000)
  to   space 11264K, 0% used [0x000000078aa80000,0x000000078aa80000,0x000000078b580000)
 ParOldGen       total 175104K, used 5725K [0x00000006c0000000, 0x00000006cab00000, 0x000000076ab00000)
  object space 175104K, 3% used [0x00000006c0000000,0x00000006c05974d8,0x00000006cab00000)
 Metaspace       used 19292K, capacity 19491K, committed 19712K, reserved 1067008K
  class space    used 1956K, capacity 2014K, committed 2048K, reserved 1048576K
Event: 4.304 GC heap after
Heap after GC invocations=9 (full 0):
 PSYoungGen      total 535040K, used 931K [0x000000076ab00000, 0x000000079f480000, 0x00000007c0000000)
  eden space 523776K, 0% used [0x000000076ab00000,0x000000076ab00000,0x000000078aa80000)
  from space 11264K, 8% used [0x000000078aa80000,0x000000078ab68d38,0x000000078b580000)
  to   space 11776K, 0% used [0x000000079e900000,0x000000079e900000,0x000000079f480000)
 ParOldGen       total 175104K, used 5781K [0x00000006c0000000, 0x00000006cab00000, 0x000000076ab00000)
  object space 175104K, 3% used [0x00000006c0000000,0x00000006c05a54d8,0x00000006cab00000)
 Metaspace       used 19292K, capacity 19491K, committed 19712K, reserved 1067008K
  class space    used 1956K, capacity 2014K, committed 2048K, reserved 1048576K
}
Event: 4.759 GC heap before
{Heap before GC invocations=10 (full 0):
 PSYoungGen      total 535040K, used 524707K [0x000000076ab00000, 0x000000079f480000, 0x00000007c0000000)
  eden space 523776K, 100% used [0x000000076ab00000,0x000000078aa80000,0x000000078aa80000)
  from space 11264K, 8% used [0x000000078aa80000,0x000000078ab68d38,0x000000078b580000)
  to   space 11776K, 0% used [0x000000079e900000,0x000000079e900000,0x000000079f480000)
 ParOldGen       total 175104K, used 5781K [0x00000006c0000000, 0x00000006cab00000, 0x000000076ab00000)
  object space 175104K, 3% used [0x00000006c0000000,0x00000006c05a54d8,0x00000006cab00000)
 Metaspace       used 19312K, capacity 19491K, committed 19712K, reserved 1067008K
  class space    used 1956K, capacity 2014K, committed 2048K, reserved 1048576K
Event: 4.761 GC heap after
Heap after GC invocations=10 (full 0):
 PSYoungGen      total 849920K, used 664K [0x000000076ab00000, 0x000000079f480000, 0x00000007c0000000)
  eden space 838144K, 0% used [0x000000076ab00000,0x000000076ab00000,0x000000079dd80000)
  from space 11776K, 5% used [0x000000079e900000,0x000000079e9a6320,0x000000079f480000)
  to   space 11776K, 0% used [0x000000079dd80000,0x000000079dd80000,0x000000079e900000)
 ParOldGen       total 175104K, used 5821K [0x00000006c0000000, 0x00000006cab00000, 0x000000076ab00000)
  object space 175104K, 3% used [0x00000006c0000000,0x00000006c05af4d8,0x00000006cab00000)
 Metaspace       used 19312K, capacity 19491K, committed 19712K, reserved 1067008K
  class space    used 1956K, capacity 2014K, committed 2048K, reserved 1048576K
}

