# JRE version: Java(TM) SE Runtime Environment (8.0_73-b02) (build 1.8.0_73-b02)
# Java VM: Java HotSpot(TM) 64-Bit Server VM (25.73-b02 mixed mode bsd-amd64 compressed oops)
Heap:
 PSYoungGen      total 31744K, used 4242K [0x000000076ab00000, 0x000000076cb00000, 0x00000007c0000000)
  eden space 31232K, 13% used [0x000000076ab00000,0x000000076af048c8,0x000000076c980000)
  from space 512K, 25% used [0x000000076ca80000,0x000000076caa0000,0x000000076cb00000)
  to   space 512K, 0% used [0x000000076ca00000,0x000000076ca00000,0x000000076ca80000)
 ParOldGen       total 102912K, used 25743K [0x00000006c0000000, 0x00000006c6480000, 0x000000076ab00000)
  object space 102912K, 25% used [0x00000006c0000000,0x00000006c1923c70,0x00000006c6480000)
 Metaspace       used 21159K, capacity 21387K, committed 21552K, reserved 1069056K
  class space    used 2049K, capacity 2112K, committed 2176K, reserved 1048576K
GC Heap History (10 events):
Event: 717.336 GC heap before
{Heap before GC invocations=155 (full 1):
 PSYoungGen      total 31744K, used 31392K [0x000000076ab00000, 0x000000076cb00000, 0x00000007c0000000)
  eden space 31232K, 100% used [0x000000076ab00000,0x000000076c980000,0x000000076c980000)
  from space 512K, 31% used [0x000000076ca00000,0x000000076ca28000,0x000000076ca80000)
  to   space 512K, 0% used [0x000000076ca80000,0x000000076ca80000,0x000000076cb00000)
 ParOldGen       total 102912K, used 25743K [0x00000006c0000000, 0x00000006c6480000, 0x000000076ab00000)
  object space 102912K, 25% used [0x00000006c0000000,0x00000006c1923c70,0x00000006c6480000)
 Metaspace       used 21062K, capacity 21259K, committed 21552K, reserved 1069056K
  class space    used 2041K, capacity 2112K, committed 2176K, reserved 1048576K
Event: 717.339 GC heap after
Heap after GC invocations=155 (full 1):
 PSYoungGen      total 31744K, used 128K [0x000000076ab00000, 0x000000076cb00000, 0x00000007c0000000)
  eden space 31232K, 0% used [0x000000076ab00000,0x000000076ab00000,0x000000076c980000)
  from space 512K, 25% used [0x000000076ca80000,0x000000076caa0000,0x000000076cb00000)
  to   space 512K, 0% used [0x000000076ca00000,0x000000076ca00000,0x000000076ca80000)
 ParOldGen       total 102912K, used 25743K [0x00000006c0000000, 0x00000006c6480000, 0x000000076ab00000)
  object space 102912K, 25% used [0x00000006c0000000,0x00000006c1923c70,0x00000006c6480000)
 Metaspace       used 21062K, capacity 21259K, committed 21552K, reserved 1069056K
  class space    used 2041K, capacity 2112K, committed 2176K, reserved 1048576K
}
Event: 721.374 GC heap before
{Heap before GC invocations=156 (full 1):
 PSYoungGen      total 31744K, used 31360K [0x000000076ab00000, 0x000000076cb00000, 0x00000007c0000000)
  eden space 31232K, 100% used [0x000000076ab00000,0x000000076c980000,0x000000076c980000)
  from space 512K, 25% used [0x000000076ca80000,0x000000076caa0000,0x000000076cb00000)
  to   space 512K, 0% used [0x000000076ca00000,0x000000076ca00000,0x000000076ca80000)
 ParOldGen       total 102912K, used 25743K [0x00000006c0000000, 0x00000006c6480000, 0x000000076ab00000)
  object space 102912K, 25% used [0x00000006c0000000,0x00000006c1923c70,0x00000006c6480000)
 Metaspace       used 21062K, capacity 21259K, committed 21552K, reserved 1069056K
  class space    used 2041K, capacity 2112K, committed 2176K, reserved 1048576K
Event: 721.375 GC heap after
Heap after GC invocations=156 (full 1):
 PSYoungGen      total 31744K, used 224K [0x000000076ab00000, 0x000000076cb00000, 0x00000007c0000000)
  eden space 31232K, 0% used [0x000000076ab00000,0x000000076ab00000,0x000000076c980000)
  from space 512K, 43% used [0x000000076ca00000,0x000000076ca38000,0x000000076ca80000)
  to   space 512K, 0% used [0x000000076ca80000,0x000000076ca80000,0x000000076cb00000)
 ParOldGen       total 102912K, used 25743K [0x00000006c0000000, 0x00000006c6480000, 0x000000076ab00000)
  object space 102912K, 25% used [0x00000006c0000000,0x00000006c1923c70,0x00000006c6480000)
 Metaspace       used 21062K, capacity 21259K, committed 21552K, reserved 1069056K
  class space    used 2041K, capacity 2112K, committed 2176K, reserved 1048576K
}
Event: 725.423 GC heap before
{Heap before GC invocations=157 (full 1):
 PSYoungGen      total 31744K, used 31456K [0x000000076ab00000, 0x000000076cb00000, 0x00000007c0000000)
  eden space 31232K, 100% used [0x000000076ab00000,0x000000076c980000,0x000000076c980000)
  from space 512K, 43% used [0x000000076ca00000,0x000000076ca38000,0x000000076ca80000)
  to   space 512K, 0% used [0x000000076ca80000,0x000000076ca80000,0x000000076cb00000)
 ParOldGen       total 102912K, used 25743K [0x00000006c0000000, 0x00000006c6480000, 0x000000076ab00000)
  object space 102912K, 25% used [0x00000006c0000000,0x00000006c1923c70,0x00000006c6480000)
 Metaspace       used 21062K, capacity 21259K, committed 21552K, reserved 1069056K
  class space    used 2041K, capacity 2112K, committed 2176K, reserved 1048576K
Event: 725.425 GC heap after
Heap after GC invocations=157 (full 1):
 PSYoungGen      total 31744K, used 160K [0x000000076ab00000, 0x000000076cb00000, 0x00000007c0000000)
  eden space 31232K, 0% used [0x000000076ab00000,0x000000076ab00000,0x000000076c980000)
  from space 512K, 31% used [0x000000076ca80000,0x000000076caa8000,0x000000076cb00000)
  to   space 512K, 0% used [0x000000076ca00000,0x000000076ca00000,0x000000076ca80000)
 ParOldGen       total 102912K, used 25743K [0x00000006c0000000, 0x00000006c6480000, 0x000000076ab00000)
  object space 102912K, 25% used [0x00000006c0000000,0x00000006c1923c70,0x00000006c6480000)
 Metaspace       used 21062K, capacity 21259K, committed 21552K, reserved 1069056K
  class space    used 2041K, capacity 2112K, committed 2176K, reserved 1048576K
}
Event: 729.490 GC heap before
{Heap before GC invocations=158 (full 1):
 PSYoungGen      total 31744K, used 31392K [0x000000076ab00000, 0x000000076cb00000, 0x00000007c0000000)
  eden space 31232K, 100% used [0x000000076ab00000,0x000000076c980000,0x000000076c980000)
  from space 512K, 31% used [0x000000076ca80000,0x000000076caa8000,0x000000076cb00000)
  to   space 512K, 0% used [0x000000076ca00000,0x000000076ca00000,0x000000076ca80000)
 ParOldGen       total 102912K, used 25743K [0x00000006c0000000, 0x00000006c6480000, 0x000000076ab00000)
  object space 102912K, 25% used [0x00000006c0000000,0x00000006c1923c70,0x00000006c6480000)
 Metaspace       used 21062K, capacity 21259K, committed 21552K, reserved 1069056K
  class space    used 2041K, capacity 2112K, committed 2176K, reserved 1048576K
Event: 729.492 GC heap after
Heap after GC invocations=158 (full 1):
 PSYoungGen      total 31744K, used 160K [0x000000076ab00000, 0x000000076cb00000, 0x00000007c0000000)
  eden space 31232K, 0% used [0x000000076ab00000,0x000000076ab00000,0x000000076c980000)
  from space 512K, 31% used [0x000000076ca00000,0x000000076ca28000,0x000000076ca80000)
  to   space 512K, 0% used [0x000000076ca80000,0x000000076ca80000,0x000000076cb00000)
 ParOldGen       total 102912K, used 25743K [0x00000006c0000000, 0x00000006c6480000, 0x000000076ab00000)
  object space 102912K, 25% used [0x00000006c0000000,0x00000006c1923c70,0x00000006c6480000)
 Metaspace       used 21062K, capacity 21259K, committed 21552K, reserved 1069056K
  class space    used 2041K, capacity 2112K, committed 2176K, reserved 1048576K
}
Event: 733.571 GC heap before
{Heap before GC invocations=159 (full 1):
 PSYoungGen      total 31744K, used 31392K [0x000000076ab00000, 0x000000076cb00000, 0x00000007c0000000)
  eden space 31232K, 100% used [0x000000076ab00000,0x000000076c980000,0x000000076c980000)
  from space 512K, 31% used [0x000000076ca00000,0x000000076ca28000,0x000000076ca80000)
  to   space 512K, 0% used [0x000000076ca80000,0x000000076ca80000,0x000000076cb00000)
 ParOldGen       total 102912K, used 25743K [0x00000006c0000000, 0x00000006c6480000, 0x000000076ab00000)
  object space 102912K, 25% used [0x00000006c0000000,0x00000006c1923c70,0x00000006c6480000)
 Metaspace       used 21081K, capacity 21259K, committed 21552K, reserved 1069056K
  class space    used 2041K, capacity 2112K, committed 2176K, reserved 1048576K
Event: 733.574 GC heap after
Heap after GC invocations=159 (full 1):
 PSYoungGen      total 31744K, used 128K [0x000000076ab00000, 0x000000076cb00000, 0x00000007c0000000)
  eden space 31232K, 0% used [0x000000076ab00000,0x000000076ab00000,0x000000076c980000)
  from space 512K, 25% used [0x000000076ca80000,0x000000076caa0000,0x000000076cb00000)
  to   space 512K, 0% used [0x000000076ca00000,0x000000076ca00000,0x000000076ca80000)
 ParOldGen       total 102912K, used 25743K [0x00000006c0000000, 0x00000006c6480000, 0x000000076ab00000)
  object space 102912K, 25% used [0x00000006c0000000,0x00000006c1923c70,0x00000006c6480000)
 Metaspace       used 21081K, capacity 21259K, committed 21552K, reserved 1069056K
  class space    used 2041K, capacity 2112K, committed 2176K, reserved 1048576K
}

