# JRE version: Java(TM) SE Runtime Environment (8.0_73-b02) (build 1.8.0_73-b02)
# Java VM: Java HotSpot(TM) 64-Bit Server VM (25.73-b02 mixed mode bsd-amd64 compressed oops)
Heap:
 PSYoungGen      total 737280K, used 448181K [0x000000076ab00000, 0x00000007a2680000, 0x00000007c0000000)
  eden space 711680K, 62% used [0x000000076ab00000,0x0000000785dfc220,0x0000000796200000)
  from space 25600K, 10% used [0x0000000796200000,0x00000007964b1330,0x0000000797b00000)
  to   space 25088K, 0% used [0x00000007a0e00000,0x00000007a0e00000,0x00000007a2680000)
 ParOldGen       total 90112K, used 39299K [0x00000006c0000000, 0x00000006c5800000, 0x000000076ab00000)
  object space 90112K, 43% used [0x00000006c0000000,0x00000006c2660e30,0x00000006c5800000)
 Metaspace       used 24023K, capacity 24315K, committed 24576K, reserved 1071104K
  class space    used 2377K, capacity 2482K, committed 2560K, reserved 1048576K
GC Heap History (10 events):
Event: 6.636 GC heap before
{Heap before GC invocations=12 (full 1):
 PSYoungGen      total 463872K, used 449732K [0x000000076ab00000, 0x0000000789380000, 0x00000007c0000000)
  eden space 446976K, 100% used [0x000000076ab00000,0x0000000785f80000,0x0000000785f80000)
  from space 16896K, 16% used [0x0000000788300000,0x00000007885b1330,0x0000000789380000)
  to   space 26624K, 0% used [0x0000000785f80000,0x0000000785f80000,0x0000000787980000)
 ParOldGen       total 90112K, used 39195K [0x00000006c0000000, 0x00000006c5800000, 0x000000076ab00000)
  object space 90112K, 43% used [0x00000006c0000000,0x00000006c2646e30,0x00000006c5800000)
 Metaspace       used 23806K, capacity 24123K, committed 24320K, reserved 1071104K
  class space    used 2369K, capacity 2482K, committed 2560K, reserved 1048576K
Event: 6.639 GC heap after
Heap after GC invocations=12 (full 1):
 PSYoungGen      total 473600K, used 2692K [0x000000076ab00000, 0x0000000792100000, 0x00000007c0000000)
  eden space 446976K, 0% used [0x000000076ab00000,0x000000076ab00000,0x0000000785f80000)
  from space 26624K, 10% used [0x0000000785f80000,0x0000000786221330,0x0000000787980000)
  to   space 26624K, 0% used [0x0000000790700000,0x0000000790700000,0x0000000792100000)
 ParOldGen       total 90112K, used 39219K [0x00000006c0000000, 0x00000006c5800000, 0x000000076ab00000)
  object space 90112K, 43% used [0x00000006c0000000,0x00000006c264ce30,0x00000006c5800000)
 Metaspace       used 23806K, capacity 24123K, committed 24320K, reserved 1071104K
  class space    used 2369K, capacity 2482K, committed 2560K, reserved 1048576K
}
Event: 7.416 GC heap before
{Heap before GC invocations=13 (full 1):
 PSYoungGen      total 473600K, used 449668K [0x000000076ab00000, 0x0000000792100000, 0x00000007c0000000)
  eden space 446976K, 100% used [0x000000076ab00000,0x0000000785f80000,0x0000000785f80000)
  from space 26624K, 10% used [0x0000000785f80000,0x0000000786221330,0x0000000787980000)
  to   space 26624K, 0% used [0x0000000790700000,0x0000000790700000,0x0000000792100000)
 ParOldGen       total 90112K, used 39219K [0x00000006c0000000, 0x00000006c5800000, 0x000000076ab00000)
  object space 90112K, 43% used [0x00000006c0000000,0x00000006c264ce30,0x00000006c5800000)
 Metaspace       used 23842K, capacity 24123K, committed 24320K, reserved 1071104K
  class space    used 2369K, capacity 2482K, committed 2560K, reserved 1048576K
Event: 7.419 GC heap after
Heap after GC invocations=13 (full 1):
 PSYoungGen      total 590848K, used 2756K [0x000000076ab00000, 0x0000000791380000, 0x00000007c0000000)
  eden space 578048K, 0% used [0x000000076ab00000,0x000000076ab00000,0x000000078df80000)
  from space 12800K, 21% used [0x0000000790700000,0x00000007909b1330,0x0000000791380000)
  to   space 26624K, 0% used [0x000000078df80000,0x000000078df80000,0x000000078f980000)
 ParOldGen       total 90112K, used 39243K [0x00000006c0000000, 0x00000006c5800000, 0x000000076ab00000)
  object space 90112K, 43% used [0x00000006c0000000,0x00000006c2652e30,0x00000006c5800000)
 Metaspace       used 23842K, capacity 24123K, committed 24320K, reserved 1071104K
  class space    used 2369K, capacity 2482K, committed 2560K, reserved 1048576K
}
Event: 8.453 GC heap before
{Heap before GC invocations=14 (full 1):
 PSYoungGen      total 590848K, used 580804K [0x000000076ab00000, 0x0000000791380000, 0x00000007c0000000)
  eden space 578048K, 100% used [0x000000076ab00000,0x000000078df80000,0x000000078df80000)
  from space 12800K, 21% used [0x0000000790700000,0x00000007909b1330,0x0000000791380000)
  to   space 26624K, 0% used [0x000000078df80000,0x000000078df80000,0x000000078f980000)
 ParOldGen       total 90112K, used 39243K [0x00000006c0000000, 0x00000006c5800000, 0x000000076ab00000)
  object space 90112K, 43% used [0x00000006c0000000,0x00000006c2652e30,0x00000006c5800000)
 Metaspace       used 23914K, capacity 24251K, committed 24576K, reserved 1071104K
  class space    used 2369K, capacity 2482K, committed 2560K, reserved 1048576K
Event: 8.456 GC heap after
Heap after GC invocations=14 (full 1):
 PSYoungGen      total 604672K, used 2756K [0x000000076ab00000, 0x000000079a500000, 0x00000007c0000000)
  eden space 578048K, 0% used [0x000000076ab00000,0x000000076ab00000,0x000000078df80000)
  from space 26624K, 10% used [0x000000078df80000,0x000000078e231330,0x000000078f980000)
  to   space 26112K, 0% used [0x0000000798b80000,0x0000000798b80000,0x000000079a500000)
 ParOldGen       total 90112K, used 39283K [0x00000006c0000000, 0x00000006c5800000, 0x000000076ab00000)
  object space 90112K, 43% used [0x00000006c0000000,0x00000006c265ce30,0x00000006c5800000)
 Metaspace       used 23914K, capacity 24251K, committed 24576K, reserved 1071104K
  class space    used 2369K, capacity 2482K, committed 2560K, reserved 1048576K
}
Event: 9.457 GC heap before
{Heap before GC invocations=15 (full 1):
 PSYoungGen      total 604672K, used 580804K [0x000000076ab00000, 0x000000079a500000, 0x00000007c0000000)
  eden space 578048K, 100% used [0x000000076ab00000,0x000000078df80000,0x000000078df80000)
  from space 26624K, 10% used [0x000000078df80000,0x000000078e231330,0x000000078f980000)
  to   space 26112K, 0% used [0x0000000798b80000,0x0000000798b80000,0x000000079a500000)
 ParOldGen       total 90112K, used 39283K [0x00000006c0000000, 0x00000006c5800000, 0x000000076ab00000)
  object space 90112K, 43% used [0x00000006c0000000,0x00000006c265ce30,0x00000006c5800000)
 Metaspace       used 23937K, capacity 24251K, committed 24576K, reserved 1071104K
  class space    used 2369K, capacity 2482K, committed 2560K, reserved 1048576K
Event: 9.460 GC heap after
Heap after GC invocations=15 (full 1):
 PSYoungGen      total 720384K, used 2756K [0x000000076ab00000, 0x0000000799400000, 0x00000007c0000000)
  eden space 711680K, 0% used [0x000000076ab00000,0x000000076ab00000,0x0000000796200000)
  from space 8704K, 31% used [0x0000000798b80000,0x0000000798e31330,0x0000000799400000)
  to   space 25600K, 0% used [0x0000000796200000,0x0000000796200000,0x0000000797b00000)
 ParOldGen       total 90112K, used 39291K [0x00000006c0000000, 0x00000006c5800000, 0x000000076ab00000)
  object space 90112K, 43% used [0x00000006c0000000,0x00000006c265ee30,0x00000006c5800000)
 Metaspace       used 23937K, capacity 24251K, committed 24576K, reserved 1071104K
  class space    used 2369K, capacity 2482K, committed 2560K, reserved 1048576K
}
Event: 10.801 GC heap before
{Heap before GC invocations=16 (full 1):
 PSYoungGen      total 720384K, used 714436K [0x000000076ab00000, 0x0000000799400000, 0x00000007c0000000)
  eden space 711680K, 100% used [0x000000076ab00000,0x0000000796200000,0x0000000796200000)
  from space 8704K, 31% used [0x0000000798b80000,0x0000000798e31330,0x0000000799400000)
  to   space 25600K, 0% used [0x0000000796200000,0x0000000796200000,0x0000000797b00000)
 ParOldGen       total 90112K, used 39291K [0x00000006c0000000, 0x00000006c5800000, 0x000000076ab00000)
  object space 90112K, 43% used [0x00000006c0000000,0x00000006c265ee30,0x00000006c5800000)
 Metaspace       used 23973K, capacity 24251K, committed 24576K, reserved 1071104K
  class space    used 2369K, capacity 2482K, committed 2560K, reserved 1048576K
Event: 10.806 GC heap after
Heap after GC invocations=16 (full 1):
 PSYoungGen      total 737280K, used 2756K [0x000000076ab00000, 0x00000007a2680000, 0x00000007c0000000)
  eden space 711680K, 0% used [0x000000076ab00000,0x000000076ab00000,0x0000000796200000)
  from space 25600K, 10% used [0x0000000796200000,0x00000007964b1330,0x0000000797b00000)
  to   space 25088K, 0% used [0x00000007a0e00000,0x00000007a0e00000,0x00000007a2680000)
 ParOldGen       total 90112K, used 39299K [0x00000006c0000000, 0x00000006c5800000, 0x000000076ab00000)
  object space 90112K, 43% used [0x00000006c0000000,0x00000006c2660e30,0x00000006c5800000)
 Metaspace       used 23973K, capacity 24251K, committed 24576K, reserved 1071104K
  class space    used 2369K, capacity 2482K, committed 2560K, reserved 1048576K
}

