# JRE version: Java(TM) SE Runtime Environment (8.0_73-b02) (build 1.8.0_73-b02)
# Java VM: Java HotSpot(TM) 64-Bit Server VM (25.73-b02 mixed mode bsd-amd64 compressed oops)
Heap:
 PSYoungGen      total 646656K, used 64188K [0x000000076ab00000, 0x0000000793c00000, 0x00000007c0000000)
  eden space 635904K, 8% used [0x000000076ab00000,0x000000076dfaa388,0x0000000791800000)
  from space 10752K, 95% used [0x0000000793180000,0x0000000793b84cc0,0x0000000793c00000)
  to   space 16896K, 0% used [0x0000000791b00000,0x0000000791b00000,0x0000000792b80000)
 ParOldGen       total 91648K, used 41490K [0x00000006c0000000, 0x00000006c5980000, 0x000000076ab00000)
  object space 91648K, 45% used [0x00000006c0000000,0x00000006c2884ac0,0x00000006c5980000)
 Metaspace       used 23736K, capacity 24025K, committed 24320K, reserved 1071104K
  class space    used 2341K, capacity 2449K, committed 2560K, reserved 1048576K
GC Heap History (10 events):
Event: 4.926 GC heap before
{Heap before GC invocations=9 (full 1):
 PSYoungGen      total 212480K, used 210602K [0x000000076ab00000, 0x0000000781a80000, 0x00000007c0000000)
  eden space 198144K, 99% used [0x000000076ab00000,0x0000000776aaf090,0x0000000776c80000)
  from space 14336K, 99% used [0x0000000776c80000,0x0000000777a7ba08,0x0000000777a80000)
  to   space 15360K, 0% used [0x0000000780b80000,0x0000000780b80000,0x0000000781a80000)
 ParOldGen       total 91648K, used 32168K [0x00000006c0000000, 0x00000006c5980000, 0x000000076ab00000)
  object space 91648K, 35% used [0x00000006c0000000,0x00000006c1f6a228,0x00000006c5980000)
 Metaspace       used 23383K, capacity 23705K, committed 24064K, reserved 1071104K
  class space    used 2334K, capacity 2449K, committed 2560K, reserved 1048576K
Event: 4.933 GC heap after
Heap after GC invocations=9 (full 1):
 PSYoungGen      total 356864K, used 14515K [0x000000076ab00000, 0x0000000781a00000, 0x00000007c0000000)
  eden space 342016K, 0% used [0x000000076ab00000,0x000000076ab00000,0x000000077f900000)
  from space 14848K, 97% used [0x0000000780b80000,0x00000007819acde0,0x0000000781a00000)
  to   space 16384K, 0% used [0x000000077fa00000,0x000000077fa00000,0x0000000780a00000)
 ParOldGen       total 91648K, used 37034K [0x00000006c0000000, 0x00000006c5980000, 0x000000076ab00000)
  object space 91648K, 40% used [0x00000006c0000000,0x00000006c242a900,0x00000006c5980000)
 Metaspace       used 23383K, capacity 23705K, committed 24064K, reserved 1071104K
  class space    used 2334K, capacity 2449K, committed 2560K, reserved 1048576K
}
Event: 5.690 GC heap before
{Heap before GC invocations=10 (full 1):
 PSYoungGen      total 356864K, used 355544K [0x000000076ab00000, 0x0000000781a00000, 0x00000007c0000000)
  eden space 342016K, 99% used [0x000000076ab00000,0x000000077f809560,0x000000077f900000)
  from space 14848K, 97% used [0x0000000780b80000,0x00000007819acde0,0x0000000781a00000)
  to   space 16384K, 0% used [0x000000077fa00000,0x000000077fa00000,0x0000000780a00000)
 ParOldGen       total 91648K, used 37034K [0x00000006c0000000, 0x00000006c5980000, 0x000000076ab00000)
  object space 91648K, 40% used [0x00000006c0000000,0x00000006c242a900,0x00000006c5980000)
 Metaspace       used 23493K, capacity 23769K, committed 24064K, reserved 1071104K
  class space    used 2334K, capacity 2449K, committed 2560K, reserved 1048576K
Event: 5.695 GC heap after
Heap after GC invocations=10 (full 1):
 PSYoungGen      total 359424K, used 2788K [0x000000076ab00000, 0x000000078a500000, 0x00000007c0000000)
  eden space 343040K, 0% used [0x000000076ab00000,0x000000076ab00000,0x000000077fa00000)
  from space 16384K, 17% used [0x000000077fa00000,0x000000077fcb9330,0x0000000780a00000)
  to   space 17408K, 0% used [0x0000000789400000,0x0000000789400000,0x000000078a500000)
 ParOldGen       total 91648K, used 41330K [0x00000006c0000000, 0x00000006c5980000, 0x000000076ab00000)
  object space 91648K, 45% used [0x00000006c0000000,0x00000006c285cac0,0x00000006c5980000)
 Metaspace       used 23493K, capacity 23769K, committed 24064K, reserved 1071104K
  class space    used 2334K, capacity 2449K, committed 2560K, reserved 1048576K
}
Event: 6.428 GC heap before
{Heap before GC invocations=11 (full 1):
 PSYoungGen      total 359424K, used 343632K [0x000000076ab00000, 0x000000078a500000, 0x00000007c0000000)
  eden space 343040K, 99% used [0x000000076ab00000,0x000000077f7db0a0,0x000000077fa00000)
  from space 16384K, 17% used [0x000000077fa00000,0x000000077fcb9330,0x0000000780a00000)
  to   space 17408K, 0% used [0x0000000789400000,0x0000000789400000,0x000000078a500000)
 ParOldGen       total 91648K, used 41330K [0x00000006c0000000, 0x00000006c5980000, 0x000000076ab00000)
  object space 91648K, 45% used [0x00000006c0000000,0x00000006c285cac0,0x00000006c5980000)
 Metaspace       used 23535K, capacity 23833K, committed 24064K, reserved 1071104K
  class space    used 2334K, capacity 2449K, committed 2560K, reserved 1048576K
Event: 6.432 GC heap after
Heap after GC invocations=11 (full 1):
 PSYoungGen      total 486400K, used 10259K [0x000000076ab00000, 0x0000000789e80000, 0x00000007c0000000)
  eden space 475648K, 0% used [0x000000076ab00000,0x000000076ab00000,0x0000000787b80000)
  from space 10752K, 95% used [0x0000000789400000,0x0000000789e04cc0,0x0000000789e80000)
  to   space 16896K, 0% used [0x0000000787d80000,0x0000000787d80000,0x0000000788e00000)
 ParOldGen       total 91648K, used 41394K [0x00000006c0000000, 0x00000006c5980000, 0x000000076ab00000)
  object space 91648K, 45% used [0x00000006c0000000,0x00000006c286cac0,0x00000006c5980000)
 Metaspace       used 23535K, capacity 23833K, committed 24064K, reserved 1071104K
  class space    used 2334K, capacity 2449K, committed 2560K, reserved 1048576K
}
Event: 7.489 GC heap before
{Heap before GC invocations=12 (full 1):
 PSYoungGen      total 486400K, used 484010K [0x000000076ab00000, 0x0000000789e80000, 0x00000007c0000000)
  eden space 475648K, 99% used [0x000000076ab00000,0x00000007879a5de8,0x0000000787b80000)
  from space 10752K, 95% used [0x0000000789400000,0x0000000789e04cc0,0x0000000789e80000)
  to   space 16896K, 0% used [0x0000000787d80000,0x0000000787d80000,0x0000000788e00000)
 ParOldGen       total 91648K, used 41394K [0x00000006c0000000, 0x00000006c5980000, 0x000000076ab00000)
  object space 91648K, 45% used [0x00000006c0000000,0x00000006c286cac0,0x00000006c5980000)
 Metaspace       used 23583K, capacity 23833K, committed 24064K, reserved 1071104K
  class space    used 2334K, capacity 2449K, committed 2560K, reserved 1048576K
Event: 7.493 GC heap after
Heap after GC invocations=12 (full 1):
 PSYoungGen      total 494592K, used 2692K [0x000000076ab00000, 0x0000000794300000, 0x00000007c0000000)
  eden space 477696K, 0% used [0x000000076ab00000,0x000000076ab00000,0x0000000787d80000)
  from space 16896K, 15% used [0x0000000787d80000,0x0000000788021330,0x0000000788e00000)
  to   space 17920K, 0% used [0x0000000793180000,0x0000000793180000,0x0000000794300000)
 ParOldGen       total 91648K, used 41434K [0x00000006c0000000, 0x00000006c5980000, 0x000000076ab00000)
  object space 91648K, 45% used [0x00000006c0000000,0x00000006c2876ac0,0x00000006c5980000)
 Metaspace       used 23583K, capacity 23833K, committed 24064K, reserved 1071104K
  class space    used 2334K, capacity 2449K, committed 2560K, reserved 1048576K
}
Event: 8.526 GC heap before
{Heap before GC invocations=13 (full 1):
 PSYoungGen      total 494592K, used 478173K [0x000000076ab00000, 0x0000000794300000, 0x00000007c0000000)
  eden space 477696K, 99% used [0x000000076ab00000,0x0000000787b56470,0x0000000787d80000)
  from space 16896K, 15% used [0x0000000787d80000,0x0000000788021330,0x0000000788e00000)
  to   space 17920K, 0% used [0x0000000793180000,0x0000000793180000,0x0000000794300000)
 ParOldGen       total 91648K, used 41434K [0x00000006c0000000, 0x00000006c5980000, 0x000000076ab00000)
  object space 91648K, 45% used [0x00000006c0000000,0x00000006c2876ac0,0x00000006c5980000)
 Metaspace       used 23701K, capacity 23961K, committed 24320K, reserved 1071104K
  class space    used 2334K, capacity 2449K, committed 2560K, reserved 1048576K
Event: 8.532 GC heap after
Heap after GC invocations=13 (full 1):
 PSYoungGen      total 646656K, used 10259K [0x000000076ab00000, 0x0000000793c00000, 0x00000007c0000000)
  eden space 635904K, 0% used [0x000000076ab00000,0x000000076ab00000,0x0000000791800000)
  from space 10752K, 95% used [0x0000000793180000,0x0000000793b84cc0,0x0000000793c00000)
  to   space 16896K, 0% used [0x0000000791b00000,0x0000000791b00000,0x0000000792b80000)
 ParOldGen       total 91648K, used 41490K [0x00000006c0000000, 0x00000006c5980000, 0x000000076ab00000)
  object space 91648K, 45% used [0x00000006c0000000,0x00000006c2884ac0,0x00000006c5980000)
 Metaspace       used 23701K, capacity 23961K, committed 24320K, reserved 1071104K
  class space    used 2334K, capacity 2449K, committed 2560K, reserved 1048576K
}

