# JRE version: Java(TM) SE Runtime Environment (8.0_73-b02) (build 1.8.0_73-b02)
# Java VM: Java HotSpot(TM) 64-Bit Server VM (25.73-b02 mixed mode bsd-amd64 compressed oops)
Heap:
 PSYoungGen      total 369152K, used 342776K [0x000000076ab00000, 0x0000000782800000, 0x00000007c0000000)
  eden space 354304K, 95% used [0x000000076ab00000,0x000000077f60a0a8,0x0000000780500000)
  from space 14848K, 25% used [0x0000000781980000,0x0000000781d342c0,0x0000000782800000)
  to   space 17920K, 0% used [0x0000000780500000,0x0000000780500000,0x0000000781680000)
 ParOldGen       total 92672K, used 22116K [0x00000006c0000000, 0x00000006c5a80000, 0x000000076ab00000)
  object space 92672K, 23% used [0x00000006c0000000,0x00000006c1599278,0x00000006c5a80000)
 Metaspace       used 22248K, capacity 22519K, committed 22912K, reserved 1069056K
  class space    used 2243K, capacity 2354K, committed 2432K, reserved 1048576K
GC Heap History (10 events):
Event: 3.419 GC heap before
{Heap before GC invocations=5 (full 1):
 PSYoungGen      total 76288K, used 76283K [0x000000076ab00000, 0x0000000773280000, 0x00000007c0000000)
  eden space 65536K, 100% used [0x000000076ab00000,0x000000076eb00000,0x000000076eb00000)
  from space 10752K, 99% used [0x000000076eb00000,0x000000076f57efb0,0x000000076f580000)
  to   space 10752K, 0% used [0x0000000772800000,0x0000000772800000,0x0000000773280000)
 ParOldGen       total 92672K, used 11376K [0x00000006c0000000, 0x00000006c5a80000, 0x000000076ab00000)
  object space 92672K, 12% used [0x00000006c0000000,0x00000006c0b1c1b8,0x00000006c5a80000)
 Metaspace       used 22007K, capacity 22225K, committed 22400K, reserved 1069056K
  class space    used 2233K, capacity 2321K, committed 2432K, reserved 1048576K
Event: 3.423 GC heap after
Heap after GC invocations=5 (full 1):
 PSYoungGen      total 128000K, used 10566K [0x000000076ab00000, 0x0000000773280000, 0x00000007c0000000)
  eden space 117248K, 0% used [0x000000076ab00000,0x000000076ab00000,0x0000000771d80000)
  from space 10752K, 98% used [0x0000000772800000,0x00000007732519b0,0x0000000773280000)
  to   space 10752K, 0% used [0x0000000771d80000,0x0000000771d80000,0x0000000772800000)
 ParOldGen       total 92672K, used 13398K [0x00000006c0000000, 0x00000006c5a80000, 0x000000076ab00000)
  object space 92672K, 14% used [0x00000006c0000000,0x00000006c0d15918,0x00000006c5a80000)
 Metaspace       used 22007K, capacity 22225K, committed 22400K, reserved 1069056K
  class space    used 2233K, capacity 2321K, committed 2432K, reserved 1048576K
}
Event: 3.670 GC heap before
{Heap before GC invocations=6 (full 1):
 PSYoungGen      total 128000K, used 126560K [0x000000076ab00000, 0x0000000773280000, 0x00000007c0000000)
  eden space 117248K, 98% used [0x000000076ab00000,0x0000000771c468e8,0x0000000771d80000)
  from space 10752K, 98% used [0x0000000772800000,0x00000007732519b0,0x0000000773280000)
  to   space 10752K, 0% used [0x0000000771d80000,0x0000000771d80000,0x0000000772800000)
 ParOldGen       total 92672K, used 13398K [0x00000006c0000000, 0x00000006c5a80000, 0x000000076ab00000)
  object space 92672K, 14% used [0x00000006c0000000,0x00000006c0d15918,0x00000006c5a80000)
 Metaspace       used 22039K, capacity 22289K, committed 22656K, reserved 1069056K
  class space    used 2234K, capacity 2321K, committed 2432K, reserved 1048576K
Event: 3.676 GC heap after
Heap after GC invocations=6 (full 1):
 PSYoungGen      total 128000K, used 10745K [0x000000076ab00000, 0x0000000779780000, 0x00000007c0000000)
  eden space 117248K, 0% used [0x000000076ab00000,0x000000076ab00000,0x0000000771d80000)
  from space 10752K, 99% used [0x0000000771d80000,0x00000007727fe500,0x0000000772800000)
  to   space 16896K, 0% used [0x0000000778700000,0x0000000778700000,0x0000000779780000)
 ParOldGen       total 92672K, used 16620K [0x00000006c0000000, 0x00000006c5a80000, 0x000000076ab00000)
  object space 92672K, 17% used [0x00000006c0000000,0x00000006c103b088,0x00000006c5a80000)
 Metaspace       used 22039K, capacity 22289K, committed 22656K, reserved 1069056K
  class space    used 2234K, capacity 2321K, committed 2432K, reserved 1048576K
}
Event: 3.882 GC heap before
{Heap before GC invocations=7 (full 1):
 PSYoungGen      total 128000K, used 127993K [0x000000076ab00000, 0x0000000779780000, 0x00000007c0000000)
  eden space 117248K, 100% used [0x000000076ab00000,0x0000000771d80000,0x0000000771d80000)
  from space 10752K, 99% used [0x0000000771d80000,0x00000007727fe500,0x0000000772800000)
  to   space 16896K, 0% used [0x0000000778700000,0x0000000778700000,0x0000000779780000)
 ParOldGen       total 92672K, used 16620K [0x00000006c0000000, 0x00000006c5a80000, 0x000000076ab00000)
  object space 92672K, 17% used [0x00000006c0000000,0x00000006c103b088,0x00000006c5a80000)
 Metaspace       used 22068K, capacity 22295K, committed 22656K, reserved 1069056K
  class space    used 2235K, capacity 2322K, committed 2432K, reserved 1048576K
Event: 3.887 GC heap after
Heap after GC invocations=7 (full 1):
 PSYoungGen      total 222208K, used 9104K [0x000000076ab00000, 0x0000000779600000, 0x00000007c0000000)
  eden space 206848K, 0% used [0x000000076ab00000,0x000000076ab00000,0x0000000777500000)
  from space 15360K, 59% used [0x0000000778700000,0x0000000778fe43a0,0x0000000779600000)
  to   space 16896K, 0% used [0x0000000777500000,0x0000000777500000,0x0000000778580000)
 ParOldGen       total 92672K, used 16628K [0x00000006c0000000, 0x00000006c5a80000, 0x000000076ab00000)
  object space 92672K, 17% used [0x00000006c0000000,0x00000006c103d088,0x00000006c5a80000)
 Metaspace       used 22068K, capacity 22295K, committed 22656K, reserved 1069056K
  class space    used 2235K, capacity 2322K, committed 2432K, reserved 1048576K
}
Event: 4.324 GC heap before
{Heap before GC invocations=8 (full 1):
 PSYoungGen      total 222208K, used 215952K [0x000000076ab00000, 0x0000000779600000, 0x00000007c0000000)
  eden space 206848K, 100% used [0x000000076ab00000,0x0000000777500000,0x0000000777500000)
  from space 15360K, 59% used [0x0000000778700000,0x0000000778fe43a0,0x0000000779600000)
  to   space 16896K, 0% used [0x0000000777500000,0x0000000777500000,0x0000000778580000)
 ParOldGen       total 92672K, used 16628K [0x00000006c0000000, 0x00000006c5a80000, 0x000000076ab00000)
  object space 92672K, 17% used [0x00000006c0000000,0x00000006c103d088,0x00000006c5a80000)
 Metaspace       used 22118K, capacity 22359K, committed 22656K, reserved 1069056K
  class space    used 2235K, capacity 2322K, committed 2432K, reserved 1048576K
Event: 4.328 GC heap after
Heap after GC invocations=8 (full 1):
 PSYoungGen      total 223744K, used 9168K [0x000000076ab00000, 0x0000000782a00000, 0x00000007c0000000)
  eden space 206848K, 0% used [0x000000076ab00000,0x000000076ab00000,0x0000000777500000)
  from space 16896K, 54% used [0x0000000777500000,0x0000000777df43a0,0x0000000778580000)
  to   space 16896K, 0% used [0x0000000781980000,0x0000000781980000,0x0000000782a00000)
 ParOldGen       total 92672K, used 16636K [0x00000006c0000000, 0x00000006c5a80000, 0x000000076ab00000)
  object space 92672K, 17% used [0x00000006c0000000,0x00000006c103f088,0x00000006c5a80000)
 Metaspace       used 22118K, capacity 22359K, committed 22656K, reserved 1069056K
  class space    used 2235K, capacity 2322K, committed 2432K, reserved 1048576K
}
Event: 4.768 GC heap before
{Heap before GC invocations=9 (full 1):
 PSYoungGen      total 223744K, used 215789K [0x000000076ab00000, 0x0000000782a00000, 0x00000007c0000000)
  eden space 206848K, 99% used [0x000000076ab00000,0x00000007774c7118,0x0000000777500000)
  from space 16896K, 54% used [0x0000000777500000,0x0000000777df43a0,0x0000000778580000)
  to   space 16896K, 0% used [0x0000000781980000,0x0000000781980000,0x0000000782a00000)
 ParOldGen       total 92672K, used 16636K [0x00000006c0000000, 0x00000006c5a80000, 0x000000076ab00000)
  object space 92672K, 17% used [0x00000006c0000000,0x00000006c103f088,0x00000006c5a80000)
 Metaspace       used 22170K, capacity 22423K, committed 22656K, reserved 1069056K
  class space    used 2235K, capacity 2322K, committed 2432K, reserved 1048576K
Event: 4.774 GC heap after
Heap after GC invocations=9 (full 1):
 PSYoungGen      total 369152K, used 3792K [0x000000076ab00000, 0x0000000782800000, 0x00000007c0000000)
  eden space 354304K, 0% used [0x000000076ab00000,0x000000076ab00000,0x0000000780500000)
  from space 14848K, 25% used [0x0000000781980000,0x0000000781d342c0,0x0000000782800000)
  to   space 17920K, 0% used [0x0000000780500000,0x0000000780500000,0x0000000781680000)
 ParOldGen       total 92672K, used 22116K [0x00000006c0000000, 0x00000006c5a80000, 0x000000076ab00000)
  object space 92672K, 23% used [0x00000006c0000000,0x00000006c1599278,0x00000006c5a80000)
 Metaspace       used 22170K, capacity 22423K, committed 22656K, reserved 1069056K
  class space    used 2235K, capacity 2322K, committed 2432K, reserved 1048576K
}

