# JRE version: Java(TM) SE Runtime Environment (8.0_73-b02) (build 1.8.0_73-b02)
# Java VM: Java HotSpot(TM) 64-Bit Server VM (25.73-b02 mixed mode bsd-amd64 compressed oops)
Heap:
 PSYoungGen      total 59392K, used 47109K [0x000000076ab00000, 0x0000000792780000, 0x00000007c0000000)
  eden space 57856K, 81% used [0x000000076ab00000,0x000000076d8c9428,0x000000076e380000)
  from space 1536K, 14% used [0x0000000792480000,0x00000007924b8000,0x0000000792600000)
  to   space 1536K, 0% used [0x0000000792600000,0x0000000792600000,0x0000000792780000)
 ParOldGen       total 175104K, used 31027K [0x00000006c0000000, 0x00000006cab00000, 0x000000076ab00000)
  object space 175104K, 17% used [0x00000006c0000000,0x00000006c1e4cc80,0x00000006cab00000)
 Metaspace       used 19859K, capacity 20139K, committed 20224K, reserved 1067008K
  class space    used 1924K, capacity 2016K, committed 2048K, reserved 1048576K
GC Heap History (10 events):
Event: 40.646 GC heap before
{Heap before GC invocations=73 (full 0):
 PSYoungGen      total 64000K, used 63712K [0x000000076ab00000, 0x0000000792980000, 0x00000007c0000000)
  eden space 63488K, 100% used [0x000000076ab00000,0x000000076e900000,0x000000076e900000)
  from space 512K, 43% used [0x0000000792900000,0x0000000792938000,0x0000000792980000)
  to   space 1536K, 0% used [0x0000000792680000,0x0000000792680000,0x0000000792800000)
 ParOldGen       total 175104K, used 30979K [0x00000006c0000000, 0x00000006cab00000, 0x000000076ab00000)
  object space 175104K, 17% used [0x00000006c0000000,0x00000006c1e40c80,0x00000006cab00000)
 Metaspace       used 19824K, capacity 19979K, committed 20224K, reserved 1067008K
  class space    used 1916K, capacity 1984K, committed 2048K, reserved 1048576K
Event: 40.647 GC heap after
Heap after GC invocations=73 (full 0):
 PSYoungGen      total 63488K, used 224K [0x000000076ab00000, 0x0000000792980000, 0x00000007c0000000)
  eden space 61952K, 0% used [0x000000076ab00000,0x000000076ab00000,0x000000076e780000)
  from space 1536K, 14% used [0x0000000792680000,0x00000007926b8000,0x0000000792800000)
  to   space 1536K, 0% used [0x0000000792800000,0x0000000792800000,0x0000000792980000)
 ParOldGen       total 175104K, used 30995K [0x00000006c0000000, 0x00000006cab00000, 0x000000076ab00000)
  object space 175104K, 17% used [0x00000006c0000000,0x00000006c1e44c80,0x00000006cab00000)
 Metaspace       used 19824K, capacity 19979K, committed 20224K, reserved 1067008K
  class space    used 1916K, capacity 1984K, committed 2048K, reserved 1048576K
}
Event: 40.831 GC heap before
{Heap before GC invocations=74 (full 0):
 PSYoungGen      total 63488K, used 62176K [0x000000076ab00000, 0x0000000792980000, 0x00000007c0000000)
  eden space 61952K, 100% used [0x000000076ab00000,0x000000076e780000,0x000000076e780000)
  from space 1536K, 14% used [0x0000000792680000,0x00000007926b8000,0x0000000792800000)
  to   space 1536K, 0% used [0x0000000792800000,0x0000000792800000,0x0000000792980000)
 ParOldGen       total 175104K, used 30995K [0x00000006c0000000, 0x00000006cab00000, 0x000000076ab00000)
  object space 175104K, 17% used [0x00000006c0000000,0x00000006c1e44c80,0x00000006cab00000)
 Metaspace       used 19824K, capacity 19979K, committed 20224K, reserved 1067008K
  class space    used 1916K, capacity 1984K, committed 2048K, reserved 1048576K
Event: 40.832 GC heap after
Heap after GC invocations=74 (full 0):
 PSYoungGen      total 61440K, used 480K [0x000000076ab00000, 0x0000000792880000, 0x00000007c0000000)
  eden space 60928K, 0% used [0x000000076ab00000,0x000000076ab00000,0x000000076e680000)
  from space 512K, 93% used [0x0000000792800000,0x0000000792878000,0x0000000792880000)
  to   space 1536K, 0% used [0x0000000792580000,0x0000000792580000,0x0000000792700000)
 ParOldGen       total 175104K, used 31011K [0x00000006c0000000, 0x00000006cab00000, 0x000000076ab00000)
  object space 175104K, 17% used [0x00000006c0000000,0x00000006c1e48c80,0x00000006cab00000)
 Metaspace       used 19824K, capacity 19979K, committed 20224K, reserved 1067008K
  class space    used 1916K, capacity 1984K, committed 2048K, reserved 1048576K
}
Event: 40.999 GC heap before
{Heap before GC invocations=75 (full 0):
 PSYoungGen      total 61440K, used 61408K [0x000000076ab00000, 0x0000000792880000, 0x00000007c0000000)
  eden space 60928K, 100% used [0x000000076ab00000,0x000000076e680000,0x000000076e680000)
  from space 512K, 93% used [0x0000000792800000,0x0000000792878000,0x0000000792880000)
  to   space 1536K, 0% used [0x0000000792580000,0x0000000792580000,0x0000000792700000)
 ParOldGen       total 175104K, used 31011K [0x00000006c0000000, 0x00000006cab00000, 0x000000076ab00000)
  object space 175104K, 17% used [0x00000006c0000000,0x00000006c1e48c80,0x00000006cab00000)
 Metaspace       used 19824K, capacity 19979K, committed 20224K, reserved 1067008K
  class space    used 1916K, capacity 1984K, committed 2048K, reserved 1048576K
Event: 41.001 GC heap after
Heap after GC invocations=75 (full 0):
 PSYoungGen      total 61440K, used 224K [0x000000076ab00000, 0x0000000792880000, 0x00000007c0000000)
  eden space 59904K, 0% used [0x000000076ab00000,0x000000076ab00000,0x000000076e580000)
  from space 1536K, 14% used [0x0000000792580000,0x00000007925b8000,0x0000000792700000)
  to   space 1536K, 0% used [0x0000000792700000,0x0000000792700000,0x0000000792880000)
 ParOldGen       total 175104K, used 31027K [0x00000006c0000000, 0x00000006cab00000, 0x000000076ab00000)
  object space 175104K, 17% used [0x00000006c0000000,0x00000006c1e4cc80,0x00000006cab00000)
 Metaspace       used 19824K, capacity 19979K, committed 20224K, reserved 1067008K
  class space    used 1916K, capacity 1984K, committed 2048K, reserved 1048576K
}
Event: 41.167 GC heap before
{Heap before GC invocations=76 (full 0):
 PSYoungGen      total 61440K, used 60128K [0x000000076ab00000, 0x0000000792880000, 0x00000007c0000000)
  eden space 59904K, 100% used [0x000000076ab00000,0x000000076e580000,0x000000076e580000)
  from space 1536K, 14% used [0x0000000792580000,0x00000007925b8000,0x0000000792700000)
  to   space 1536K, 0% used [0x0000000792700000,0x0000000792700000,0x0000000792880000)
 ParOldGen       total 175104K, used 31027K [0x00000006c0000000, 0x00000006cab00000, 0x000000076ab00000)
  object space 175104K, 17% used [0x00000006c0000000,0x00000006c1e4cc80,0x00000006cab00000)
 Metaspace       used 19824K, capacity 19979K, committed 20224K, reserved 1067008K
  class space    used 1916K, capacity 1984K, committed 2048K, reserved 1048576K
Event: 41.169 GC heap after
Heap after GC invocations=76 (full 0):
 PSYoungGen      total 59392K, used 224K [0x000000076ab00000, 0x0000000792780000, 0x00000007c0000000)
  eden space 58880K, 0% used [0x000000076ab00000,0x000000076ab00000,0x000000076e480000)
  from space 512K, 43% used [0x0000000792700000,0x0000000792738000,0x0000000792780000)
  to   space 1536K, 0% used [0x0000000792480000,0x0000000792480000,0x0000000792600000)
 ParOldGen       total 175104K, used 31027K [0x00000006c0000000, 0x00000006cab00000, 0x000000076ab00000)
  object space 175104K, 17% used [0x00000006c0000000,0x00000006c1e4cc80,0x00000006cab00000)
 Metaspace       used 19824K, capacity 19979K, committed 20224K, reserved 1067008K
  class space    used 1916K, capacity 1984K, committed 2048K, reserved 1048576K
}
Event: 41.332 GC heap before
{Heap before GC invocations=77 (full 0):
 PSYoungGen      total 59392K, used 59104K [0x000000076ab00000, 0x0000000792780000, 0x00000007c0000000)
  eden space 58880K, 100% used [0x000000076ab00000,0x000000076e480000,0x000000076e480000)
  from space 512K, 43% used [0x0000000792700000,0x0000000792738000,0x0000000792780000)
  to   space 1536K, 0% used [0x0000000792480000,0x0000000792480000,0x0000000792600000)
 ParOldGen       total 175104K, used 31027K [0x00000006c0000000, 0x00000006cab00000, 0x000000076ab00000)
  object space 175104K, 17% used [0x00000006c0000000,0x00000006c1e4cc80,0x00000006cab00000)
 Metaspace       used 19824K, capacity 19979K, committed 20224K, reserved 1067008K
  class space    used 1916K, capacity 1984K, committed 2048K, reserved 1048576K
Event: 41.333 GC heap after
Heap after GC invocations=77 (full 0):
 PSYoungGen      total 59392K, used 224K [0x000000076ab00000, 0x0000000792780000, 0x00000007c0000000)
  eden space 57856K, 0% used [0x000000076ab00000,0x000000076ab00000,0x000000076e380000)
  from space 1536K, 14% used [0x0000000792480000,0x00000007924b8000,0x0000000792600000)
  to   space 1536K, 0% used [0x0000000792600000,0x0000000792600000,0x0000000792780000)
 ParOldGen       total 175104K, used 31027K [0x00000006c0000000, 0x00000006cab00000, 0x000000076ab00000)
  object space 175104K, 17% used [0x00000006c0000000,0x00000006c1e4cc80,0x00000006cab00000)
 Metaspace       used 19824K, capacity 19979K, committed 20224K, reserved 1067008K
  class space    used 1916K, capacity 1984K, committed 2048K, reserved 1048576K
}

