# JRE version: Java(TM) SE Runtime Environment (8.0_73-b02) (build 1.8.0_73-b02)
# Java VM: Java HotSpot(TM) 64-Bit Server VM (25.73-b02 mixed mode bsd-amd64 compressed oops)
Heap:
 PSYoungGen      total 80384K, used 47886K [0x000000076ab00000, 0x0000000771a00000, 0x00000007c0000000)
  eden space 52224K, 43% used [0x000000076ab00000,0x000000076c0fb440,0x000000076de00000)
  from space 28160K, 90% used [0x000000076df00000,0x000000076f7c8610,0x000000076fa80000)
  to   space 30720K, 0% used [0x000000076fc00000,0x000000076fc00000,0x0000000771a00000)
 ParOldGen       total 87552K, used 45848K [0x00000006c0000000, 0x00000006c5580000, 0x000000076ab00000)
  object space 87552K, 52% used [0x00000006c0000000,0x00000006c2cc62d8,0x00000006c5580000)
 Metaspace       used 21448K, capacity 21643K, committed 21808K, reserved 1069056K
  class space    used 2064K, capacity 2112K, committed 2176K, reserved 1048576K
GC Heap History (10 events):
Event: 43.657 GC heap before
{Heap before GC invocations=8 (full 1):
 PSYoungGen      total 78336K, used 78209K [0x000000076ab00000, 0x0000000770a00000, 0x00000007c0000000)
  eden space 62464K, 100% used [0x000000076ab00000,0x000000076e800000,0x000000076e800000)
  from space 15872K, 99% used [0x000000076f900000,0x0000000770860400,0x0000000770880000)
  to   space 17408K, 0% used [0x000000076e800000,0x000000076e800000,0x000000076f900000)
 ParOldGen       total 87552K, used 29407K [0x00000006c0000000, 0x00000006c5580000, 0x000000076ab00000)
  object space 87552K, 33% used [0x00000006c0000000,0x00000006c1cb7ed8,0x00000006c5580000)
 Metaspace       used 21314K, capacity 21515K, committed 21808K, reserved 1069056K
  class space    used 2041K, capacity 2112K, committed 2176K, reserved 1048576K
Event: 43.667 GC heap after
Heap after GC invocations=8 (full 1):
 PSYoungGen      total 78848K, used 17265K [0x000000076ab00000, 0x0000000770c00000, 0x00000007c0000000)
  eden space 61440K, 0% used [0x000000076ab00000,0x000000076ab00000,0x000000076e700000)
  from space 17408K, 99% used [0x000000076e800000,0x000000076f8dc440,0x000000076f900000)
  to   space 18944K, 0% used [0x000000076f980000,0x000000076f980000,0x0000000770c00000)
 ParOldGen       total 87552K, used 36832K [0x00000006c0000000, 0x00000006c5580000, 0x000000076ab00000)
  object space 87552K, 42% used [0x00000006c0000000,0x00000006c23f80a8,0x00000006c5580000)
 Metaspace       used 21314K, capacity 21515K, committed 21808K, reserved 1069056K
  class space    used 2041K, capacity 2112K, committed 2176K, reserved 1048576K
}
Event: 53.213 GC heap before
{Heap before GC invocations=9 (full 1):
 PSYoungGen      total 78848K, used 78705K [0x000000076ab00000, 0x0000000770c00000, 0x00000007c0000000)
  eden space 61440K, 100% used [0x000000076ab00000,0x000000076e700000,0x000000076e700000)
  from space 17408K, 99% used [0x000000076e800000,0x000000076f8dc440,0x000000076f900000)
  to   space 18944K, 0% used [0x000000076f980000,0x000000076f980000,0x0000000770c00000)
 ParOldGen       total 87552K, used 36832K [0x00000006c0000000, 0x00000006c5580000, 0x000000076ab00000)
  object space 87552K, 42% used [0x00000006c0000000,0x00000006c23f80a8,0x00000006c5580000)
 Metaspace       used 21337K, capacity 21515K, committed 21808K, reserved 1069056K
  class space    used 2041K, capacity 2112K, committed 2176K, reserved 1048576K
Event: 53.221 GC heap after
Heap after GC invocations=9 (full 1):
 PSYoungGen      total 75776K, used 18929K [0x000000076ab00000, 0x0000000771400000, 0x00000007c0000000)
  eden space 56832K, 0% used [0x000000076ab00000,0x000000076ab00000,0x000000076e280000)
  from space 18944K, 99% used [0x000000076f980000,0x0000000770bfc4b0,0x0000000770c00000)
  to   space 23552K, 0% used [0x000000076e280000,0x000000076e280000,0x000000076f980000)
 ParOldGen       total 87552K, used 43024K [0x00000006c0000000, 0x00000006c5580000, 0x000000076ab00000)
  object space 87552K, 49% used [0x00000006c0000000,0x00000006c2a04228,0x00000006c5580000)
 Metaspace       used 21337K, capacity 21515K, committed 21808K, reserved 1069056K
  class space    used 2041K, capacity 2112K, committed 2176K, reserved 1048576K
}
Event: 65.241 GC heap before
{Heap before GC invocations=10 (full 1):
 PSYoungGen      total 75776K, used 75696K [0x000000076ab00000, 0x0000000771400000, 0x00000007c0000000)
  eden space 56832K, 99% used [0x000000076ab00000,0x000000076e26fd08,0x000000076e280000)
  from space 18944K, 99% used [0x000000076f980000,0x0000000770bfc4b0,0x0000000770c00000)
  to   space 23552K, 0% used [0x000000076e280000,0x000000076e280000,0x000000076f980000)
 ParOldGen       total 87552K, used 43024K [0x00000006c0000000, 0x00000006c5580000, 0x000000076ab00000)
  object space 87552K, 49% used [0x00000006c0000000,0x00000006c2a04228,0x00000006c5580000)
 Metaspace       used 21389K, capacity 21579K, committed 21808K, reserved 1069056K
  class space    used 2055K, capacity 2112K, committed 2176K, reserved 1048576K
Event: 65.245 GC heap after
Heap after GC invocations=10 (full 1):
 PSYoungGen      total 79360K, used 22225K [0x000000076ab00000, 0x0000000771380000, 0x00000007c0000000)
  eden space 55808K, 0% used [0x000000076ab00000,0x000000076ab00000,0x000000076e180000)
  from space 23552K, 94% used [0x000000076e280000,0x000000076f834580,0x000000076f980000)
  to   space 25600K, 0% used [0x000000076fa80000,0x000000076fa80000,0x0000000771380000)
 ParOldGen       total 87552K, used 43032K [0x00000006c0000000, 0x00000006c5580000, 0x000000076ab00000)
  object space 87552K, 49% used [0x00000006c0000000,0x00000006c2a06228,0x00000006c5580000)
 Metaspace       used 21389K, capacity 21579K, committed 21808K, reserved 1069056K
  class space    used 2055K, capacity 2112K, committed 2176K, reserved 1048576K
}
Event: 71.365 GC heap before
{Heap before GC invocations=11 (full 1):
 PSYoungGen      total 79360K, used 78033K [0x000000076ab00000, 0x0000000771380000, 0x00000007c0000000)
  eden space 55808K, 100% used [0x000000076ab00000,0x000000076e180000,0x000000076e180000)
  from space 23552K, 94% used [0x000000076e280000,0x000000076f834580,0x000000076f980000)
  to   space 25600K, 0% used [0x000000076fa80000,0x000000076fa80000,0x0000000771380000)
 ParOldGen       total 87552K, used 43032K [0x00000006c0000000, 0x00000006c5580000, 0x000000076ab00000)
  object space 87552K, 49% used [0x00000006c0000000,0x00000006c2a06228,0x00000006c5580000)
 Metaspace       used 21410K, capacity 21579K, committed 21808K, reserved 1069056K
  class space    used 2055K, capacity 2112K, committed 2176K, reserved 1048576K
Event: 71.373 GC heap after
Heap after GC invocations=11 (full 1):
 PSYoungGen      total 78848K, used 25553K [0x000000076ab00000, 0x0000000771780000, 0x00000007c0000000)
  eden space 53248K, 0% used [0x000000076ab00000,0x000000076ab00000,0x000000076df00000)
  from space 25600K, 99% used [0x000000076fa80000,0x0000000771374640,0x0000000771380000)
  to   space 28160K, 0% used [0x000000076df00000,0x000000076df00000,0x000000076fa80000)
 ParOldGen       total 87552K, used 45848K [0x00000006c0000000, 0x00000006c5580000, 0x000000076ab00000)
  object space 87552K, 52% used [0x00000006c0000000,0x00000006c2cc62d8,0x00000006c5580000)
 Metaspace       used 21410K, capacity 21579K, committed 21808K, reserved 1069056K
  class space    used 2055K, capacity 2112K, committed 2176K, reserved 1048576K
}
Event: 82.899 GC heap before
{Heap before GC invocations=12 (full 1):
 PSYoungGen      total 78848K, used 78801K [0x000000076ab00000, 0x0000000771780000, 0x00000007c0000000)
  eden space 53248K, 100% used [0x000000076ab00000,0x000000076df00000,0x000000076df00000)
  from space 25600K, 99% used [0x000000076fa80000,0x0000000771374640,0x0000000771380000)
  to   space 28160K, 0% used [0x000000076df00000,0x000000076df00000,0x000000076fa80000)
 ParOldGen       total 87552K, used 45848K [0x00000006c0000000, 0x00000006c5580000, 0x000000076ab00000)
  object space 87552K, 52% used [0x00000006c0000000,0x00000006c2cc62d8,0x00000006c5580000)
 Metaspace       used 21411K, capacity 21579K, committed 21808K, reserved 1069056K
  class space    used 2055K, capacity 2112K, committed 2176K, reserved 1048576K
Event: 82.904 GC heap after
Heap after GC invocations=12 (full 1):
 PSYoungGen      total 80384K, used 25377K [0x000000076ab00000, 0x0000000771a00000, 0x00000007c0000000)
  eden space 52224K, 0% used [0x000000076ab00000,0x000000076ab00000,0x000000076de00000)
  from space 28160K, 90% used [0x000000076df00000,0x000000076f7c8610,0x000000076fa80000)
  to   space 30720K, 0% used [0x000000076fc00000,0x000000076fc00000,0x0000000771a00000)
 ParOldGen       total 87552K, used 45848K [0x00000006c0000000, 0x00000006c5580000, 0x000000076ab00000)
  object space 87552K, 52% used [0x00000006c0000000,0x00000006c2cc62d8,0x00000006c5580000)
 Metaspace       used 21411K, capacity 21579K, committed 21808K, reserved 1069056K
  class space    used 2055K, capacity 2112K, committed 2176K, reserved 1048576K
}

