# JRE version: Java(TM) SE Runtime Environment (8.0_73-b02) (build 1.8.0_73-b02)
# Java VM: Java HotSpot(TM) 64-Bit Server VM (25.73-b02 mixed mode bsd-amd64 compressed oops)
Heap:
 PSYoungGen      total 43520K, used 24827K [0x000000076ab00000, 0x000000076f500000, 0x00000007c0000000)
  eden space 43008K, 57% used [0x000000076ab00000,0x000000076c30eda8,0x000000076d500000)
  from space 512K, 37% used [0x000000076d580000,0x000000076d5b0000,0x000000076d600000)
  to   space 16384K, 0% used [0x000000076e500000,0x000000076e500000,0x000000076f500000)
 ParOldGen       total 88064K, used 33181K [0x00000006c0000000, 0x00000006c5600000, 0x000000076ab00000)
  object space 88064K, 37% used [0x00000006c0000000,0x00000006c20675a8,0x00000006c5600000)
 Metaspace       used 21312K, capacity 21519K, committed 21808K, reserved 1069056K
  class space    used 2047K, capacity 2112K, committed 2176K, reserved 1048576K
GC Heap History (10 events):
Event: 170.090 GC heap before
{Heap before GC invocations=26 (full 1):
 PSYoungGen      total 62976K, used 45824K [0x000000076ab00000, 0x000000076fa80000, 0x00000007c0000000)
  eden space 45568K, 100% used [0x000000076ab00000,0x000000076d780000,0x000000076d780000)
  from space 17408K, 1% used [0x000000076e900000,0x000000076e940000,0x000000076fa00000)
  to   space 17920K, 0% used [0x000000076d780000,0x000000076d780000,0x000000076e900000)
 ParOldGen       total 88064K, used 33101K [0x00000006c0000000, 0x00000006c5600000, 0x000000076ab00000)
  object space 88064K, 37% used [0x00000006c0000000,0x00000006c20535a8,0x00000006c5600000)
 Metaspace       used 21246K, capacity 21455K, committed 21808K, reserved 1069056K
  class space    used 2039K, capacity 2112K, committed 2176K, reserved 1048576K
Event: 170.092 GC heap after
Heap after GC invocations=26 (full 1):
 PSYoungGen      total 45568K, used 256K [0x000000076ab00000, 0x000000076fa00000, 0x00000007c0000000)
  eden space 45056K, 0% used [0x000000076ab00000,0x000000076ab00000,0x000000076d700000)
  from space 512K, 50% used [0x000000076d780000,0x000000076d7c0000,0x000000076d800000)
  to   space 17920K, 0% used [0x000000076e880000,0x000000076e880000,0x000000076fa00000)
 ParOldGen       total 88064K, used 33109K [0x00000006c0000000, 0x00000006c5600000, 0x000000076ab00000)
  object space 88064K, 37% used [0x00000006c0000000,0x00000006c20555a8,0x00000006c5600000)
 Metaspace       used 21246K, capacity 21455K, committed 21808K, reserved 1069056K
  class space    used 2039K, capacity 2112K, committed 2176K, reserved 1048576K
}
Event: 176.626 GC heap before
{Heap before GC invocations=27 (full 1):
 PSYoungGen      total 45568K, used 45312K [0x000000076ab00000, 0x000000076fa00000, 0x00000007c0000000)
  eden space 45056K, 100% used [0x000000076ab00000,0x000000076d700000,0x000000076d700000)
  from space 512K, 50% used [0x000000076d780000,0x000000076d7c0000,0x000000076d800000)
  to   space 17920K, 0% used [0x000000076e880000,0x000000076e880000,0x000000076fa00000)
 ParOldGen       total 88064K, used 33109K [0x00000006c0000000, 0x00000006c5600000, 0x000000076ab00000)
  object space 88064K, 37% used [0x00000006c0000000,0x00000006c20555a8,0x00000006c5600000)
 Metaspace       used 21246K, capacity 21455K, committed 21808K, reserved 1069056K
  class space    used 2039K, capacity 2112K, committed 2176K, reserved 1048576K
Event: 176.627 GC heap after
Heap after GC invocations=27 (full 1):
 PSYoungGen      total 60928K, used 256K [0x000000076ab00000, 0x000000076f880000, 0x00000007c0000000)
  eden space 44544K, 0% used [0x000000076ab00000,0x000000076ab00000,0x000000076d680000)
  from space 16384K, 1% used [0x000000076e880000,0x000000076e8c0000,0x000000076f880000)
  to   space 17408K, 0% used [0x000000076d680000,0x000000076d680000,0x000000076e780000)
 ParOldGen       total 88064K, used 33117K [0x00000006c0000000, 0x00000006c5600000, 0x000000076ab00000)
  object space 88064K, 37% used [0x00000006c0000000,0x00000006c20575a8,0x00000006c5600000)
 Metaspace       used 21246K, capacity 21455K, committed 21808K, reserved 1069056K
  class space    used 2039K, capacity 2112K, committed 2176K, reserved 1048576K
}
Event: 183.095 GC heap before
{Heap before GC invocations=28 (full 1):
 PSYoungGen      total 60928K, used 44800K [0x000000076ab00000, 0x000000076f880000, 0x00000007c0000000)
  eden space 44544K, 100% used [0x000000076ab00000,0x000000076d680000,0x000000076d680000)
  from space 16384K, 1% used [0x000000076e880000,0x000000076e8c0000,0x000000076f880000)
  to   space 17408K, 0% used [0x000000076d680000,0x000000076d680000,0x000000076e780000)
 ParOldGen       total 88064K, used 33117K [0x00000006c0000000, 0x00000006c5600000, 0x000000076ab00000)
  object space 88064K, 37% used [0x00000006c0000000,0x00000006c20575a8,0x00000006c5600000)
 Metaspace       used 21246K, capacity 21455K, committed 21808K, reserved 1069056K
  class space    used 2039K, capacity 2112K, committed 2176K, reserved 1048576K
Event: 183.096 GC heap after
Heap after GC invocations=28 (full 1):
 PSYoungGen      total 44544K, used 192K [0x000000076ab00000, 0x000000076f800000, 0x00000007c0000000)
  eden space 44032K, 0% used [0x000000076ab00000,0x000000076ab00000,0x000000076d600000)
  from space 512K, 37% used [0x000000076d680000,0x000000076d6b0000,0x000000076d700000)
  to   space 17408K, 0% used [0x000000076e700000,0x000000076e700000,0x000000076f800000)
 ParOldGen       total 88064K, used 33125K [0x00000006c0000000, 0x00000006c5600000, 0x000000076ab00000)
  object space 88064K, 37% used [0x00000006c0000000,0x00000006c20595a8,0x00000006c5600000)
 Metaspace       used 21246K, capacity 21455K, committed 21808K, reserved 1069056K
  class space    used 2039K, capacity 2112K, committed 2176K, reserved 1048576K
}
Event: 189.343 GC heap before
{Heap before GC invocations=29 (full 1):
 PSYoungGen      total 44544K, used 44224K [0x000000076ab00000, 0x000000076f800000, 0x00000007c0000000)
  eden space 44032K, 100% used [0x000000076ab00000,0x000000076d600000,0x000000076d600000)
  from space 512K, 37% used [0x000000076d680000,0x000000076d6b0000,0x000000076d700000)
  to   space 17408K, 0% used [0x000000076e700000,0x000000076e700000,0x000000076f800000)
 ParOldGen       total 88064K, used 33125K [0x00000006c0000000, 0x00000006c5600000, 0x000000076ab00000)
  object space 88064K, 37% used [0x00000006c0000000,0x00000006c20595a8,0x00000006c5600000)
 Metaspace       used 21261K, capacity 21455K, committed 21808K, reserved 1069056K
  class space    used 2039K, capacity 2112K, committed 2176K, reserved 1048576K
Event: 189.346 GC heap after
Heap after GC invocations=29 (full 1):
 PSYoungGen      total 59392K, used 192K [0x000000076ab00000, 0x000000076f680000, 0x00000007c0000000)
  eden space 43520K, 0% used [0x000000076ab00000,0x000000076ab00000,0x000000076d580000)
  from space 15872K, 1% used [0x000000076e700000,0x000000076e730000,0x000000076f680000)
  to   space 16896K, 0% used [0x000000076d580000,0x000000076d580000,0x000000076e600000)
 ParOldGen       total 88064K, used 33149K [0x00000006c0000000, 0x00000006c5600000, 0x000000076ab00000)
  object space 88064K, 37% used [0x00000006c0000000,0x00000006c205f5a8,0x00000006c5600000)
 Metaspace       used 21261K, capacity 21455K, committed 21808K, reserved 1069056K
  class space    used 2039K, capacity 2112K, committed 2176K, reserved 1048576K
}
Event: 195.663 GC heap before
{Heap before GC invocations=30 (full 1):
 PSYoungGen      total 59392K, used 43712K [0x000000076ab00000, 0x000000076f680000, 0x00000007c0000000)
  eden space 43520K, 100% used [0x000000076ab00000,0x000000076d580000,0x000000076d580000)
  from space 15872K, 1% used [0x000000076e700000,0x000000076e730000,0x000000076f680000)
  to   space 16896K, 0% used [0x000000076d580000,0x000000076d580000,0x000000076e600000)
 ParOldGen       total 88064K, used 33149K [0x00000006c0000000, 0x00000006c5600000, 0x000000076ab00000)
  object space 88064K, 37% used [0x00000006c0000000,0x00000006c205f5a8,0x00000006c5600000)
 Metaspace       used 21261K, capacity 21455K, committed 21808K, reserved 1069056K
  class space    used 2039K, capacity 2112K, committed 2176K, reserved 1048576K
Event: 195.665 GC heap after
Heap after GC invocations=30 (full 1):
 PSYoungGen      total 43520K, used 192K [0x000000076ab00000, 0x000000076f500000, 0x00000007c0000000)
  eden space 43008K, 0% used [0x000000076ab00000,0x000000076ab00000,0x000000076d500000)
  from space 512K, 37% used [0x000000076d580000,0x000000076d5b0000,0x000000076d600000)
  to   space 16384K, 0% used [0x000000076e500000,0x000000076e500000,0x000000076f500000)
 ParOldGen       total 88064K, used 33181K [0x00000006c0000000, 0x00000006c5600000, 0x000000076ab00000)
  object space 88064K, 37% used [0x00000006c0000000,0x00000006c20675a8,0x00000006c5600000)
 Metaspace       used 21261K, capacity 21455K, committed 21808K, reserved 1069056K
  class space    used 2039K, capacity 2112K, committed 2176K, reserved 1048576K
}

