# JRE version: Java(TM) SE Runtime Environment (8.0_73-b02) (build 1.8.0_73-b02)
# Java VM: Java HotSpot(TM) 64-Bit Server VM (25.73-b02 mixed mode bsd-amd64 compressed oops)
Heap:
 PSYoungGen      total 813056K, used 743234K [0x000000076ab00000, 0x000000079e380000, 0x00000007c0000000)
  eden space 801280K, 91% used [0x000000076ab00000,0x00000007978e6488,0x000000079b980000)
  from space 11776K, 68% used [0x000000079d800000,0x000000079dfea710,0x000000079e380000)
  to   space 21504K, 0% used [0x000000079b980000,0x000000079b980000,0x000000079ce80000)
 ParOldGen       total 105472K, used 50586K [0x00000006c0000000, 0x00000006c6700000, 0x000000076ab00000)
  object space 105472K, 47% used [0x00000006c0000000,0x00000006c3166998,0x00000006c6700000)
 Metaspace       used 24122K, capacity 24385K, committed 24576K, reserved 1071104K
  class space    used 2385K, capacity 2483K, committed 2560K, reserved 1048576K
GC Heap History (10 events):
Event: 6.323 GC heap before
{Heap before GC invocations=11 (full 1):
 PSYoungGen      total 335360K, used 320752K [0x000000076ab00000, 0x0000000788980000, 0x00000007c0000000)
  eden space 312320K, 99% used [0x000000076ab00000,0x000000077da373c0,0x000000077dc00000)
  from space 23040K, 44% used [0x000000077dc00000,0x000000077e604cc0,0x000000077f280000)
  to   space 23040K, 0% used [0x0000000787300000,0x0000000787300000,0x0000000788980000)
 ParOldGen       total 105472K, used 39525K [0x00000006c0000000, 0x00000006c6700000, 0x000000076ab00000)
  object space 105472K, 37% used [0x00000006c0000000,0x00000006c26996e8,0x00000006c6700000)
 Metaspace       used 23756K, capacity 24065K, committed 24320K, reserved 1071104K
  class space    used 2376K, capacity 2483K, committed 2560K, reserved 1048576K
Event: 6.329 GC heap after
Heap after GC invocations=11 (full 1):
 PSYoungGen      total 457728K, used 10291K [0x000000076ab00000, 0x0000000788480000, 0x00000007c0000000)
  eden space 439808K, 0% used [0x000000076ab00000,0x000000076ab00000,0x0000000785880000)
  from space 17920K, 57% used [0x0000000787300000,0x0000000787d0ccc0,0x0000000788480000)
  to   space 22528K, 0% used [0x0000000785880000,0x0000000785880000,0x0000000786e80000)
 ParOldGen       total 105472K, used 39581K [0x00000006c0000000, 0x00000006c6700000, 0x000000076ab00000)
  object space 105472K, 37% used [0x00000006c0000000,0x00000006c26a76e8,0x00000006c6700000)
 Metaspace       used 23756K, capacity 24065K, committed 24320K, reserved 1071104K
  class space    used 2376K, capacity 2483K, committed 2560K, reserved 1048576K
}
Event: 7.172 GC heap before
{Heap before GC invocations=12 (full 1):
 PSYoungGen      total 457728K, used 450099K [0x000000076ab00000, 0x0000000788480000, 0x00000007c0000000)
  eden space 439808K, 100% used [0x000000076ab00000,0x0000000785880000,0x0000000785880000)
  from space 17920K, 57% used [0x0000000787300000,0x0000000787d0ccc0,0x0000000788480000)
  to   space 22528K, 0% used [0x0000000785880000,0x0000000785880000,0x0000000786e80000)
 ParOldGen       total 105472K, used 39581K [0x00000006c0000000, 0x00000006c6700000, 0x000000076ab00000)
  object space 105472K, 37% used [0x00000006c0000000,0x00000006c26a76e8,0x00000006c6700000)
 Metaspace       used 23830K, capacity 24065K, committed 24320K, reserved 1071104K
  class space    used 2377K, capacity 2483K, committed 2560K, reserved 1048576K
Event: 7.178 GC heap after
Heap after GC invocations=12 (full 1):
 PSYoungGen      total 462336K, used 11315K [0x000000076ab00000, 0x0000000792b00000, 0x00000007c0000000)
  eden space 439808K, 0% used [0x000000076ab00000,0x000000076ab00000,0x0000000785880000)
  from space 22528K, 50% used [0x0000000785880000,0x000000078638cd00,0x0000000786e80000)
  to   space 22016K, 0% used [0x0000000791580000,0x0000000791580000,0x0000000792b00000)
 ParOldGen       total 105472K, used 39621K [0x00000006c0000000, 0x00000006c6700000, 0x000000076ab00000)
  object space 105472K, 37% used [0x00000006c0000000,0x00000006c26b16e8,0x00000006c6700000)
 Metaspace       used 23830K, capacity 24065K, committed 24320K, reserved 1071104K
  class space    used 2377K, capacity 2483K, committed 2560K, reserved 1048576K
}
Event: 7.876 GC heap before
{Heap before GC invocations=13 (full 1):
 PSYoungGen      total 462336K, used 451123K [0x000000076ab00000, 0x0000000792b00000, 0x00000007c0000000)
  eden space 439808K, 100% used [0x000000076ab00000,0x0000000785880000,0x0000000785880000)
  from space 22528K, 50% used [0x0000000785880000,0x000000078638cd00,0x0000000786e80000)
  to   space 22016K, 0% used [0x0000000791580000,0x0000000791580000,0x0000000792b00000)
 ParOldGen       total 105472K, used 39621K [0x00000006c0000000, 0x00000006c6700000, 0x000000076ab00000)
  object space 105472K, 37% used [0x00000006c0000000,0x00000006c26b16e8,0x00000006c6700000)
 Metaspace       used 23895K, capacity 24193K, committed 24576K, reserved 1071104K
  class space    used 2377K, capacity 2483K, committed 2560K, reserved 1048576K
Event: 7.880 GC heap after
Heap after GC invocations=13 (full 1):
 PSYoungGen      total 613888K, used 5141K [0x000000076ab00000, 0x0000000792280000, 0x00000007c0000000)
  eden space 600576K, 0% used [0x000000076ab00000,0x000000076ab00000,0x000000078f580000)
  from space 13312K, 38% used [0x0000000791580000,0x0000000791a856b0,0x0000000792280000)
  to   space 23040K, 0% used [0x000000078f580000,0x000000078f580000,0x0000000790c00000)
 ParOldGen       total 105472K, used 40721K [0x00000006c0000000, 0x00000006c6700000, 0x000000076ab00000)
  object space 105472K, 38% used [0x00000006c0000000,0x00000006c27c4738,0x00000006c6700000)
 Metaspace       used 23895K, capacity 24193K, committed 24576K, reserved 1071104K
  class space    used 2377K, capacity 2483K, committed 2560K, reserved 1048576K
}
Event: 8.928 GC heap before
{Heap before GC invocations=14 (full 1):
 PSYoungGen      total 613888K, used 605717K [0x000000076ab00000, 0x0000000792280000, 0x00000007c0000000)
  eden space 600576K, 100% used [0x000000076ab00000,0x000000078f580000,0x000000078f580000)
  from space 13312K, 38% used [0x0000000791580000,0x0000000791a856b0,0x0000000792280000)
  to   space 23040K, 0% used [0x000000078f580000,0x000000078f580000,0x0000000790c00000)
 ParOldGen       total 105472K, used 40721K [0x00000006c0000000, 0x00000006c6700000, 0x000000076ab00000)
  object space 105472K, 38% used [0x00000006c0000000,0x00000006c27c4738,0x00000006c6700000)
 Metaspace       used 24008K, capacity 24321K, committed 24576K, reserved 1071104K
  class space    used 2377K, capacity 2483K, committed 2560K, reserved 1048576K
Event: 8.935 GC heap after
Heap after GC invocations=14 (full 1):
 PSYoungGen      total 623616K, used 12325K [0x000000076ab00000, 0x000000079ed80000, 0x00000007c0000000)
  eden space 600576K, 0% used [0x000000076ab00000,0x000000076ab00000,0x000000078f580000)
  from space 23040K, 53% used [0x000000078f580000,0x0000000790189580,0x0000000790c00000)
  to   space 22016K, 0% used [0x000000079d800000,0x000000079d800000,0x000000079ed80000)
 ParOldGen       total 105472K, used 42065K [0x00000006c0000000, 0x00000006c6700000, 0x000000076ab00000)
  object space 105472K, 39% used [0x00000006c0000000,0x00000006c2914788,0x00000006c6700000)
 Metaspace       used 24008K, capacity 24321K, committed 24576K, reserved 1071104K
  class space    used 2377K, capacity 2483K, committed 2560K, reserved 1048576K
}
Event: 9.976 GC heap before
{Heap before GC invocations=15 (full 1):
 PSYoungGen      total 623616K, used 612901K [0x000000076ab00000, 0x000000079ed80000, 0x00000007c0000000)
  eden space 600576K, 100% used [0x000000076ab00000,0x000000078f580000,0x000000078f580000)
  from space 23040K, 53% used [0x000000078f580000,0x0000000790189580,0x0000000790c00000)
  to   space 22016K, 0% used [0x000000079d800000,0x000000079d800000,0x000000079ed80000)
 ParOldGen       total 105472K, used 42065K [0x00000006c0000000, 0x00000006c6700000, 0x000000076ab00000)
  object space 105472K, 39% used [0x00000006c0000000,0x00000006c2914788,0x00000006c6700000)
 Metaspace       used 24044K, capacity 24321K, committed 24576K, reserved 1071104K
  class space    used 2377K, capacity 2483K, committed 2560K, reserved 1048576K
Event: 9.983 GC heap after
Heap after GC invocations=15 (full 1):
 PSYoungGen      total 813056K, used 8105K [0x000000076ab00000, 0x000000079e380000, 0x00000007c0000000)
  eden space 801280K, 0% used [0x000000076ab00000,0x000000076ab00000,0x000000079b980000)
  from space 11776K, 68% used [0x000000079d800000,0x000000079dfea710,0x000000079e380000)
  to   space 21504K, 0% used [0x000000079b980000,0x000000079b980000,0x000000079ce80000)
 ParOldGen       total 105472K, used 50586K [0x00000006c0000000, 0x00000006c6700000, 0x000000076ab00000)
  object space 105472K, 47% used [0x00000006c0000000,0x00000006c3166998,0x00000006c6700000)
 Metaspace       used 24044K, capacity 24321K, committed 24576K, reserved 1071104K
  class space    used 2377K, capacity 2483K, committed 2560K, reserved 1048576K
}

