# JRE version: Java(TM) SE Runtime Environment (8.0_73-b02) (build 1.8.0_73-b02)
# Java VM: Java HotSpot(TM) 64-Bit Server VM (25.73-b02 mixed mode bsd-amd64 compressed oops)
Heap:
 PSYoungGen      total 76288K, used 12403K [0x000000076ab00000, 0x0000000772e80000, 0x00000007c0000000)
  eden space 65536K, 3% used [0x000000076ab00000,0x000000076aceba08,0x000000076eb00000)
  from space 10752K, 97% used [0x000000076eb00000,0x000000076f5313b8,0x000000076f580000)
  to   space 10752K, 0% used [0x0000000772400000,0x0000000772400000,0x0000000772e80000)
 ParOldGen       total 95232K, used 11098K [0x00000006c0000000, 0x00000006c5d00000, 0x000000076ab00000)
  object space 95232K, 11% used [0x00000006c0000000,0x00000006c0ad69c8,0x00000006c5d00000)
 Metaspace       used 23662K, capacity 23893K, committed 24064K, reserved 1071104K
  class space    used 2341K, capacity 2449K, committed 2560K, reserved 1048576K
GC Heap History (8 events):
Event: 2.778 GC heap before
{Heap before GC invocations=1 (full 0):
 PSYoungGen      total 76288K, used 65536K [0x000000076ab00000, 0x0000000770000000, 0x00000007c0000000)
  eden space 65536K, 100% used [0x000000076ab00000,0x000000076eb00000,0x000000076eb00000)
  from space 10752K, 0% used [0x000000076f580000,0x000000076f580000,0x0000000770000000)
  to   space 10752K, 0% used [0x000000076eb00000,0x000000076eb00000,0x000000076f580000)
 ParOldGen       total 175104K, used 0K [0x00000006c0000000, 0x00000006cab00000, 0x000000076ab00000)
  object space 175104K, 0% used [0x00000006c0000000,0x00000006c0000000,0x00000006cab00000)
 Metaspace       used 20552K, capacity 20805K, committed 20992K, reserved 1069056K
  class space    used 2107K, capacity 2191K, committed 2304K, reserved 1048576K
Event: 2.788 GC heap after
Heap after GC invocations=1 (full 0):
 PSYoungGen      total 76288K, used 10747K [0x000000076ab00000, 0x0000000770000000, 0x00000007c0000000)
  eden space 65536K, 0% used [0x000000076ab00000,0x000000076ab00000,0x000000076eb00000)
  from space 10752K, 99% used [0x000000076eb00000,0x000000076f57ef20,0x000000076f580000)
  to   space 10752K, 0% used [0x000000076f580000,0x000000076f580000,0x0000000770000000)
 ParOldGen       total 175104K, used 5222K [0x00000006c0000000, 0x00000006cab00000, 0x000000076ab00000)
  object space 175104K, 2% used [0x00000006c0000000,0x00000006c0519bf0,0x00000006cab00000)
 Metaspace       used 20552K, capacity 20805K, committed 20992K, reserved 1069056K
  class space    used 2107K, capacity 2191K, committed 2304K, reserved 1048576K
}
Event: 2.898 GC heap before
{Heap before GC invocations=2 (full 0):
 PSYoungGen      total 76288K, used 18392K [0x000000076ab00000, 0x0000000770000000, 0x00000007c0000000)
  eden space 65536K, 11% used [0x000000076ab00000,0x000000076b277268,0x000000076eb00000)
  from space 10752K, 99% used [0x000000076eb00000,0x000000076f57ef20,0x000000076f580000)
  to   space 10752K, 0% used [0x000000076f580000,0x000000076f580000,0x0000000770000000)
 ParOldGen       total 175104K, used 5222K [0x00000006c0000000, 0x00000006cab00000, 0x000000076ab00000)
  object space 175104K, 2% used [0x00000006c0000000,0x00000006c0519bf0,0x00000006cab00000)
 Metaspace       used 20909K, capacity 21125K, committed 21248K, reserved 1069056K
  class space    used 2152K, capacity 2255K, committed 2304K, reserved 1048576K
Event: 2.906 GC heap after
Heap after GC invocations=2 (full 0):
 PSYoungGen      total 76288K, used 7539K [0x000000076ab00000, 0x0000000774000000, 0x00000007c0000000)
  eden space 65536K, 0% used [0x000000076ab00000,0x000000076ab00000,0x000000076eb00000)
  from space 10752K, 70% used [0x000000076f580000,0x000000076fcdcf60,0x0000000770000000)
  to   space 10752K, 0% used [0x000000076eb00000,0x000000076eb00000,0x000000076f580000)
 ParOldGen       total 175104K, used 5230K [0x00000006c0000000, 0x00000006cab00000, 0x000000076ab00000)
  object space 175104K, 2% used [0x00000006c0000000,0x00000006c051bbf0,0x00000006cab00000)
 Metaspace       used 20909K, capacity 21125K, committed 21248K, reserved 1069056K
  class space    used 2152K, capacity 2255K, committed 2304K, reserved 1048576K
}
Event: 2.906 GC heap before
{Heap before GC invocations=3 (full 1):
 PSYoungGen      total 76288K, used 7539K [0x000000076ab00000, 0x0000000774000000, 0x00000007c0000000)
  eden space 65536K, 0% used [0x000000076ab00000,0x000000076ab00000,0x000000076eb00000)
  from space 10752K, 70% used [0x000000076f580000,0x000000076fcdcf60,0x0000000770000000)
  to   space 10752K, 0% used [0x000000076eb00000,0x000000076eb00000,0x000000076f580000)
 ParOldGen       total 175104K, used 5230K [0x00000006c0000000, 0x00000006cab00000, 0x000000076ab00000)
  object space 175104K, 2% used [0x00000006c0000000,0x00000006c051bbf0,0x00000006cab00000)
 Metaspace       used 20909K, capacity 21125K, committed 21248K, reserved 1069056K
  class space    used 2152K, capacity 2255K, committed 2304K, reserved 1048576K
Event: 2.931 GC heap after
Heap after GC invocations=3 (full 1):
 PSYoungGen      total 76288K, used 0K [0x000000076ab00000, 0x0000000774000000, 0x00000007c0000000)
  eden space 65536K, 0% used [0x000000076ab00000,0x000000076ab00000,0x000000076eb00000)
  from space 10752K, 0% used [0x000000076f580000,0x000000076f580000,0x0000000770000000)
  to   space 10752K, 0% used [0x000000076eb00000,0x000000076eb00000,0x000000076f580000)
 ParOldGen       total 95232K, used 8863K [0x00000006c0000000, 0x00000006c5d00000, 0x000000076ab00000)
  object space 95232K, 9% used [0x00000006c0000000,0x00000006c08a7f78,0x00000006c5d00000)
 Metaspace       used 20909K, capacity 21125K, committed 21248K, reserved 1069056K
  class space    used 2152K, capacity 2255K, committed 2304K, reserved 1048576K
}
Event: 8.431 GC heap before
{Heap before GC invocations=4 (full 1):
 PSYoungGen      total 76288K, used 65536K [0x000000076ab00000, 0x0000000774000000, 0x00000007c0000000)
  eden space 65536K, 100% used [0x000000076ab00000,0x000000076eb00000,0x000000076eb00000)
  from space 10752K, 0% used [0x000000076f580000,0x000000076f580000,0x0000000770000000)
  to   space 10752K, 0% used [0x000000076eb00000,0x000000076eb00000,0x000000076f580000)
 ParOldGen       total 95232K, used 8863K [0x00000006c0000000, 0x00000006c5d00000, 0x000000076ab00000)
  object space 95232K, 9% used [0x00000006c0000000,0x00000006c08a7f78,0x00000006c5d00000)
 Metaspace       used 23658K, capacity 23893K, committed 24064K, reserved 1071104K
  class space    used 2341K, capacity 2449K, committed 2560K, reserved 1048576K
Event: 8.436 GC heap after
Heap after GC invocations=4 (full 1):
 PSYoungGen      total 76288K, used 10436K [0x000000076ab00000, 0x0000000772e80000, 0x00000007c0000000)
  eden space 65536K, 0% used [0x000000076ab00000,0x000000076ab00000,0x000000076eb00000)
  from space 10752K, 97% used [0x000000076eb00000,0x000000076f5313b8,0x000000076f580000)
  to   space 10752K, 0% used [0x0000000772400000,0x0000000772400000,0x0000000772e80000)
 ParOldGen       total 95232K, used 11098K [0x00000006c0000000, 0x00000006c5d00000, 0x000000076ab00000)
  object space 95232K, 11% used [0x00000006c0000000,0x00000006c0ad69c8,0x00000006c5d00000)
 Metaspace       used 23658K, capacity 23893K, committed 24064K, reserved 1071104K
  class space    used 2341K, capacity 2449K, committed 2560K, reserved 1048576K
}

