# JRE version: Java(TM) SE Runtime Environment (8.0_73-b02) (build 1.8.0_73-b02)
# Java VM: Java HotSpot(TM) 64-Bit Server VM (25.73-b02 mixed mode bsd-amd64 compressed oops)
Heap:
 PSYoungGen      total 76288K, used 29842K [0x000000076ab00000, 0x0000000770000000, 0x00000007c0000000)
  eden space 65536K, 45% used [0x000000076ab00000,0x000000076c8249b0,0x000000076eb00000)
  from space 10752K, 0% used [0x000000076eb00000,0x000000076eb00000,0x000000076f580000)
  to   space 10752K, 0% used [0x000000076f580000,0x000000076f580000,0x0000000770000000)
 ParOldGen       total 88064K, used 16115K [0x00000006c0000000, 0x00000006c5600000, 0x000000076ab00000)
  object space 88064K, 18% used [0x00000006c0000000,0x00000006c0fbcd80,0x00000006c5600000)
 Metaspace       used 21135K, capacity 21327K, committed 21552K, reserved 1069056K
  class space    used 2055K, capacity 2112K, committed 2176K, reserved 1048576K
GC Heap History (8 events):
Event: 2.467 GC heap before
{Heap before GC invocations=1 (full 0):
 PSYoungGen      total 76288K, used 65079K [0x000000076ab00000, 0x0000000770000000, 0x00000007c0000000)
  eden space 65536K, 99% used [0x000000076ab00000,0x000000076ea8dfb8,0x000000076eb00000)
  from space 10752K, 0% used [0x000000076f580000,0x000000076f580000,0x0000000770000000)
  to   space 10752K, 0% used [0x000000076eb00000,0x000000076eb00000,0x000000076f580000)
 ParOldGen       total 175104K, used 0K [0x00000006c0000000, 0x00000006cab00000, 0x000000076ab00000)
  object space 175104K, 0% used [0x00000006c0000000,0x00000006c0000000,0x00000006cab00000)
 Metaspace       used 19216K, capacity 19359K, committed 19456K, reserved 1067008K
  class space    used 1949K, capacity 2014K, committed 2048K, reserved 1048576K
Event: 2.474 GC heap after
Heap after GC invocations=1 (full 0):
 PSYoungGen      total 76288K, used 8600K [0x000000076ab00000, 0x0000000770000000, 0x00000007c0000000)
  eden space 65536K, 0% used [0x000000076ab00000,0x000000076ab00000,0x000000076eb00000)
  from space 10752K, 79% used [0x000000076eb00000,0x000000076f3661c0,0x000000076f580000)
  to   space 10752K, 0% used [0x000000076f580000,0x000000076f580000,0x0000000770000000)
 ParOldGen       total 175104K, used 80K [0x00000006c0000000, 0x00000006cab00000, 0x000000076ab00000)
  object space 175104K, 0% used [0x00000006c0000000,0x00000006c0014010,0x00000006cab00000)
 Metaspace       used 19216K, capacity 19359K, committed 19456K, reserved 1067008K
  class space    used 1949K, capacity 2014K, committed 2048K, reserved 1048576K
}
Event: 5.521 GC heap before
{Heap before GC invocations=2 (full 0):
 PSYoungGen      total 76288K, used 74136K [0x000000076ab00000, 0x0000000770000000, 0x00000007c0000000)
  eden space 65536K, 100% used [0x000000076ab00000,0x000000076eb00000,0x000000076eb00000)
  from space 10752K, 79% used [0x000000076eb00000,0x000000076f3661c0,0x000000076f580000)
  to   space 10752K, 0% used [0x000000076f580000,0x000000076f580000,0x0000000770000000)
 ParOldGen       total 175104K, used 80K [0x00000006c0000000, 0x00000006cab00000, 0x000000076ab00000)
  object space 175104K, 0% used [0x00000006c0000000,0x00000006c0014010,0x00000006cab00000)
 Metaspace       used 20733K, capacity 20943K, committed 21120K, reserved 1069056K
  class space    used 2034K, capacity 2112K, committed 2176K, reserved 1048576K
Event: 5.530 GC heap after
Heap after GC invocations=2 (full 0):
 PSYoungGen      total 76288K, used 10746K [0x000000076ab00000, 0x0000000770000000, 0x00000007c0000000)
  eden space 65536K, 0% used [0x000000076ab00000,0x000000076ab00000,0x000000076eb00000)
  from space 10752K, 99% used [0x000000076f580000,0x000000076fffe920,0x0000000770000000)
  to   space 10752K, 0% used [0x000000076eb00000,0x000000076eb00000,0x000000076f580000)
 ParOldGen       total 175104K, used 5521K [0x00000006c0000000, 0x00000006cab00000, 0x000000076ab00000)
  object space 175104K, 3% used [0x00000006c0000000,0x00000006c05645f8,0x00000006cab00000)
 Metaspace       used 20733K, capacity 20943K, committed 21120K, reserved 1069056K
  class space    used 2034K, capacity 2112K, committed 2176K, reserved 1048576K
}
Event: 8.336 GC heap before
{Heap before GC invocations=3 (full 0):
 PSYoungGen      total 76288K, used 41495K [0x000000076ab00000, 0x0000000770000000, 0x00000007c0000000)
  eden space 65536K, 46% used [0x000000076ab00000,0x000000076c907590,0x000000076eb00000)
  from space 10752K, 99% used [0x000000076f580000,0x000000076fffe920,0x0000000770000000)
  to   space 10752K, 0% used [0x000000076eb00000,0x000000076eb00000,0x000000076f580000)
 ParOldGen       total 175104K, used 5521K [0x00000006c0000000, 0x00000006cab00000, 0x000000076ab00000)
  object space 175104K, 3% used [0x00000006c0000000,0x00000006c05645f8,0x00000006cab00000)
 Metaspace       used 20941K, capacity 21135K, committed 21296K, reserved 1069056K
  class space    used 2034K, capacity 2112K, committed 2176K, reserved 1048576K
Event: 8.343 GC heap after
Heap after GC invocations=3 (full 0):
 PSYoungGen      total 76288K, used 10730K [0x000000076ab00000, 0x0000000770000000, 0x00000007c0000000)
  eden space 65536K, 0% used [0x000000076ab00000,0x000000076ab00000,0x000000076eb00000)
  from space 10752K, 99% used [0x000000076eb00000,0x000000076f57a930,0x000000076f580000)
  to   space 10752K, 0% used [0x000000076f580000,0x000000076f580000,0x0000000770000000)
 ParOldGen       total 175104K, used 5621K [0x00000006c0000000, 0x00000006cab00000, 0x000000076ab00000)
  object space 175104K, 3% used [0x00000006c0000000,0x00000006c057d608,0x00000006cab00000)
 Metaspace       used 20941K, capacity 21135K, committed 21296K, reserved 1069056K
  class space    used 2034K, capacity 2112K, committed 2176K, reserved 1048576K
}
Event: 8.343 GC heap before
{Heap before GC invocations=4 (full 1):
 PSYoungGen      total 76288K, used 10730K [0x000000076ab00000, 0x0000000770000000, 0x00000007c0000000)
  eden space 65536K, 0% used [0x000000076ab00000,0x000000076ab00000,0x000000076eb00000)
  from space 10752K, 99% used [0x000000076eb00000,0x000000076f57a930,0x000000076f580000)
  to   space 10752K, 0% used [0x000000076f580000,0x000000076f580000,0x0000000770000000)
 ParOldGen       total 175104K, used 5621K [0x00000006c0000000, 0x00000006cab00000, 0x000000076ab00000)
  object space 175104K, 3% used [0x00000006c0000000,0x00000006c057d608,0x00000006cab00000)
 Metaspace       used 20941K, capacity 21135K, committed 21296K, reserved 1069056K
  class space    used 2034K, capacity 2112K, committed 2176K, reserved 1048576K
Event: 8.386 GC heap after
Heap after GC invocations=4 (full 1):
 PSYoungGen      total 76288K, used 0K [0x000000076ab00000, 0x0000000770000000, 0x00000007c0000000)
  eden space 65536K, 0% used [0x000000076ab00000,0x000000076ab00000,0x000000076eb00000)
  from space 10752K, 0% used [0x000000076eb00000,0x000000076eb00000,0x000000076f580000)
  to   space 10752K, 0% used [0x000000076f580000,0x000000076f580000,0x0000000770000000)
 ParOldGen       total 88064K, used 16115K [0x00000006c0000000, 0x00000006c5600000, 0x000000076ab00000)
  object space 88064K, 18% used [0x00000006c0000000,0x00000006c0fbcd80,0x00000006c5600000)
 Metaspace       used 20941K, capacity 21135K, committed 21296K, reserved 1069056K
  class space    used 2034K, capacity 2112K, committed 2176K, reserved 1048576K
}

