# JRE version: Java(TM) SE Runtime Environment (8.0_73-b02) (build 1.8.0_73-b02)
# Java VM: Java HotSpot(TM) 64-Bit Server VM (25.73-b02 mixed mode bsd-amd64 compressed oops)
Heap:
 PSYoungGen      total 474112K, used 220638K [0x000000076ab00000, 0x0000000789000000, 0x00000007c0000000)
  eden space 463360K, 45% used [0x000000076ab00000,0x0000000777872e10,0x0000000786f80000)
  from space 10752K, 95% used [0x0000000788580000,0x0000000788f84cc0,0x0000000789000000)
  to   space 16384K, 0% used [0x0000000787000000,0x0000000787000000,0x0000000788000000)
 ParOldGen       total 90624K, used 26507K [0x00000006c0000000, 0x00000006c5880000, 0x000000076ab00000)
  object space 90624K, 29% used [0x00000006c0000000,0x00000006c19e2f78,0x00000006c5880000)
 Metaspace       used 23844K, capacity 24069K, committed 24320K, reserved 1071104K
  class space    used 2383K, capacity 2483K, committed 2560K, reserved 1048576K
GC Heap History (10 events):
Event: 4.147 GC heap before
{Heap before GC invocations=7 (full 1):
 PSYoungGen      total 123392K, used 123301K [0x000000076ab00000, 0x0000000778600000, 0x00000007c0000000)
  eden space 112640K, 100% used [0x000000076ab00000,0x0000000771900000,0x0000000771900000)
  from space 10752K, 99% used [0x0000000771900000,0x0000000772369510,0x0000000772380000)
  to   space 14336K, 0% used [0x0000000777800000,0x0000000777800000,0x0000000778600000)
 ParOldGen       total 90624K, used 15885K [0x00000006c0000000, 0x00000006c5880000, 0x000000076ab00000)
  object space 90624K, 17% used [0x00000006c0000000,0x00000006c0f83478,0x00000006c5880000)
 Metaspace       used 23608K, capacity 23871K, committed 24064K, reserved 1071104K
  class space    used 2375K, capacity 2482K, committed 2560K, reserved 1048576K
Event: 4.155 GC heap after
Heap after GC invocations=7 (full 1):
 PSYoungGen      total 209408K, used 13146K [0x000000076ab00000, 0x0000000778980000, 0x00000007c0000000)
  eden space 195072K, 0% used [0x000000076ab00000,0x000000076ab00000,0x0000000776980000)
  from space 14336K, 91% used [0x0000000777800000,0x00000007784d6850,0x0000000778600000)
  to   space 14848K, 0% used [0x0000000776980000,0x0000000776980000,0x0000000777800000)
 ParOldGen       total 90624K, used 15893K [0x00000006c0000000, 0x00000006c5880000, 0x000000076ab00000)
  object space 90624K, 17% used [0x00000006c0000000,0x00000006c0f85478,0x00000006c5880000)
 Metaspace       used 23608K, capacity 23871K, committed 24064K, reserved 1071104K
  class space    used 2375K, capacity 2482K, committed 2560K, reserved 1048576K
}
Event: 4.508 GC heap before
{Heap before GC invocations=8 (full 1):
 PSYoungGen      total 209408K, used 208218K [0x000000076ab00000, 0x0000000778980000, 0x00000007c0000000)
  eden space 195072K, 100% used [0x000000076ab00000,0x0000000776980000,0x0000000776980000)
  from space 14336K, 91% used [0x0000000777800000,0x00000007784d6850,0x0000000778600000)
  to   space 14848K, 0% used [0x0000000776980000,0x0000000776980000,0x0000000777800000)
 ParOldGen       total 90624K, used 15893K [0x00000006c0000000, 0x00000006c5880000, 0x000000076ab00000)
  object space 90624K, 17% used [0x00000006c0000000,0x00000006c0f85478,0x00000006c5880000)
 Metaspace       used 23673K, capacity 23941K, committed 24320K, reserved 1071104K
  class space    used 2376K, capacity 2483K, committed 2560K, reserved 1048576K
Event: 4.514 GC heap after
Heap after GC invocations=8 (full 1):
 PSYoungGen      total 209920K, used 13130K [0x000000076ab00000, 0x0000000781400000, 0x00000007c0000000)
  eden space 195072K, 0% used [0x000000076ab00000,0x000000076ab00000,0x0000000776980000)
  from space 14848K, 88% used [0x0000000776980000,0x0000000777652860,0x0000000777800000)
  to   space 15360K, 0% used [0x0000000780500000,0x0000000780500000,0x0000000781400000)
 ParOldGen       total 90624K, used 15901K [0x00000006c0000000, 0x00000006c5880000, 0x000000076ab00000)
  object space 90624K, 17% used [0x00000006c0000000,0x00000006c0f87478,0x00000006c5880000)
 Metaspace       used 23673K, capacity 23941K, committed 24320K, reserved 1071104K
  class space    used 2376K, capacity 2483K, committed 2560K, reserved 1048576K
}
Event: 4.855 GC heap before
{Heap before GC invocations=9 (full 1):
 PSYoungGen      total 209920K, used 208202K [0x000000076ab00000, 0x0000000781400000, 0x00000007c0000000)
  eden space 195072K, 100% used [0x000000076ab00000,0x0000000776980000,0x0000000776980000)
  from space 14848K, 88% used [0x0000000776980000,0x0000000777652860,0x0000000777800000)
  to   space 15360K, 0% used [0x0000000780500000,0x0000000780500000,0x0000000781400000)
 ParOldGen       total 90624K, used 15901K [0x00000006c0000000, 0x00000006c5880000, 0x000000076ab00000)
  object space 90624K, 17% used [0x00000006c0000000,0x00000006c0f87478,0x00000006c5880000)
 Metaspace       used 23703K, capacity 23941K, committed 24320K, reserved 1071104K
  class space    used 2376K, capacity 2483K, committed 2560K, reserved 1048576K
Event: 4.859 GC heap after
Heap after GC invocations=9 (full 1):
 PSYoungGen      total 346112K, used 7081K [0x000000076ab00000, 0x0000000781080000, 0x00000007c0000000)
  eden space 334336K, 0% used [0x000000076ab00000,0x000000076ab00000,0x000000077f180000)
  from space 11776K, 60% used [0x0000000780500000,0x0000000780bea6d0,0x0000000781080000)
  to   space 15872K, 0% used [0x000000077f180000,0x000000077f180000,0x0000000780100000)
 ParOldGen       total 90624K, used 22094K [0x00000006c0000000, 0x00000006c5880000, 0x000000076ab00000)
  object space 90624K, 24% used [0x00000006c0000000,0x00000006c1593bd8,0x00000006c5880000)
 Metaspace       used 23703K, capacity 23941K, committed 24320K, reserved 1071104K
  class space    used 2376K, capacity 2483K, committed 2560K, reserved 1048576K
}
Event: 5.533 GC heap before
{Heap before GC invocations=10 (full 1):
 PSYoungGen      total 346112K, used 341417K [0x000000076ab00000, 0x0000000781080000, 0x00000007c0000000)
  eden space 334336K, 100% used [0x000000076ab00000,0x000000077f180000,0x000000077f180000)
  from space 11776K, 60% used [0x0000000780500000,0x0000000780bea6d0,0x0000000781080000)
  to   space 15872K, 0% used [0x000000077f180000,0x000000077f180000,0x0000000780100000)
 ParOldGen       total 90624K, used 22094K [0x00000006c0000000, 0x00000006c5880000, 0x000000076ab00000)
  object space 90624K, 24% used [0x00000006c0000000,0x00000006c1593bd8,0x00000006c5880000)
 Metaspace       used 23750K, capacity 24069K, committed 24320K, reserved 1071104K
  class space    used 2376K, capacity 2483K, committed 2560K, reserved 1048576K
Event: 5.537 GC heap after
Heap after GC invocations=10 (full 1):
 PSYoungGen      total 350208K, used 2788K [0x000000076ab00000, 0x0000000789600000, 0x00000007c0000000)
  eden space 334336K, 0% used [0x000000076ab00000,0x000000076ab00000,0x000000077f180000)
  from space 15872K, 17% used [0x000000077f180000,0x000000077f439330,0x0000000780100000)
  to   space 16896K, 0% used [0x0000000788580000,0x0000000788580000,0x0000000789600000)
 ParOldGen       total 90624K, used 26459K [0x00000006c0000000, 0x00000006c5880000, 0x000000076ab00000)
  object space 90624K, 29% used [0x00000006c0000000,0x00000006c19d6f78,0x00000006c5880000)
 Metaspace       used 23750K, capacity 24069K, committed 24320K, reserved 1071104K
  class space    used 2376K, capacity 2483K, committed 2560K, reserved 1048576K
}
Event: 6.154 GC heap before
{Heap before GC invocations=11 (full 1):
 PSYoungGen      total 350208K, used 336315K [0x000000076ab00000, 0x0000000789600000, 0x00000007c0000000)
  eden space 334336K, 99% used [0x000000076ab00000,0x000000077f0b5c90,0x000000077f180000)
  from space 15872K, 17% used [0x000000077f180000,0x000000077f439330,0x0000000780100000)
  to   space 16896K, 0% used [0x0000000788580000,0x0000000788580000,0x0000000789600000)
 ParOldGen       total 90624K, used 26459K [0x00000006c0000000, 0x00000006c5880000, 0x000000076ab00000)
  object space 90624K, 29% used [0x00000006c0000000,0x00000006c19d6f78,0x00000006c5880000)
 Metaspace       used 23789K, capacity 24069K, committed 24320K, reserved 1071104K
  class space    used 2376K, capacity 2483K, committed 2560K, reserved 1048576K
Event: 6.160 GC heap after
Heap after GC invocations=11 (full 1):
 PSYoungGen      total 474112K, used 10259K [0x000000076ab00000, 0x0000000789000000, 0x00000007c0000000)
  eden space 463360K, 0% used [0x000000076ab00000,0x000000076ab00000,0x0000000786f80000)
  from space 10752K, 95% used [0x0000000788580000,0x0000000788f84cc0,0x0000000789000000)
  to   space 16384K, 0% used [0x0000000787000000,0x0000000787000000,0x0000000788000000)
 ParOldGen       total 90624K, used 26507K [0x00000006c0000000, 0x00000006c5880000, 0x000000076ab00000)
  object space 90624K, 29% used [0x00000006c0000000,0x00000006c19e2f78,0x00000006c5880000)
 Metaspace       used 23789K, capacity 24069K, committed 24320K, reserved 1071104K
  class space    used 2376K, capacity 2483K, committed 2560K, reserved 1048576K
}

