# JRE version: Java(TM) SE Runtime Environment (8.0_73-b02) (build 1.8.0_73-b02)
# Java VM: Java HotSpot(TM) 64-Bit Server VM (25.73-b02 mixed mode bsd-amd64 compressed oops)
Heap:
 PSYoungGen      total 544256K, used 533658K [0x000000076ab00000, 0x0000000795600000, 0x00000007c0000000)
  eden space 525824K, 99% used [0x000000076ab00000,0x000000078aa21e40,0x000000078ac80000)
  from space 18432K, 55% used [0x000000078ac80000,0x000000078b684cc0,0x000000078be80000)
  to   space 17920K, 0% used [0x0000000794480000,0x0000000794480000,0x0000000795600000)
 ParOldGen       total 134656K, used 28298K [0x00000006c0000000, 0x00000006c8380000, 0x000000076ab00000)
  object space 134656K, 21% used [0x00000006c0000000,0x00000006c1ba2970,0x00000006c8380000)
 Metaspace       used 23900K, capacity 24161K, committed 24320K, reserved 1071104K
  class space    used 2342K, capacity 2449K, committed 2560K, reserved 1048576K
GC Heap History (10 events):
Event: 6.439 GC heap before
{Heap before GC invocations=11 (full 2):
 PSYoungGen      total 324608K, used 321085K [0x000000076ab00000, 0x0000000780c00000, 0x00000007c0000000)
  eden space 305664K, 99% used [0x000000076ab00000,0x000000077d419580,0x000000077d580000)
  from space 18944K, 88% used [0x000000077e900000,0x000000077f9760f0,0x000000077fb80000)
  to   space 19968K, 0% used [0x000000077d580000,0x000000077d580000,0x000000077e900000)
 ParOldGen       total 134656K, used 21453K [0x00000006c0000000, 0x00000006c8380000, 0x000000076ab00000)
  object space 134656K, 15% used [0x00000006c0000000,0x00000006c14f3540,0x00000006c8380000)
 Metaspace       used 23595K, capacity 23841K, committed 24064K, reserved 1071104K
  class space    used 2334K, capacity 2449K, committed 2560K, reserved 1048576K
Event: 6.446 GC heap after
Heap after GC invocations=11 (full 2):
 PSYoungGen      total 325632K, used 12083K [0x000000076ab00000, 0x0000000786500000, 0x00000007c0000000)
  eden space 305664K, 0% used [0x000000076ab00000,0x000000076ab00000,0x000000077d580000)
  from space 19968K, 60% used [0x000000077d580000,0x000000077e14cd30,0x000000077e900000)
  to   space 19456K, 0% used [0x0000000785200000,0x0000000785200000,0x0000000786500000)
 ParOldGen       total 134656K, used 26306K [0x00000006c0000000, 0x00000006c8380000, 0x000000076ab00000)
  object space 134656K, 19% used [0x00000006c0000000,0x00000006c19b0900,0x00000006c8380000)
 Metaspace       used 23595K, capacity 23841K, committed 24064K, reserved 1071104K
  class space    used 2334K, capacity 2449K, committed 2560K, reserved 1048576K
}
Event: 7.121 GC heap before
{Heap before GC invocations=12 (full 2):
 PSYoungGen      total 325632K, used 316313K [0x000000076ab00000, 0x0000000786500000, 0x00000007c0000000)
  eden space 305664K, 99% used [0x000000076ab00000,0x000000077d419970,0x000000077d580000)
  from space 19968K, 60% used [0x000000077d580000,0x000000077e14cd30,0x000000077e900000)
  to   space 19456K, 0% used [0x0000000785200000,0x0000000785200000,0x0000000786500000)
 ParOldGen       total 134656K, used 26306K [0x00000006c0000000, 0x00000006c8380000, 0x000000076ab00000)
  object space 134656K, 19% used [0x00000006c0000000,0x00000006c19b0900,0x00000006c8380000)
 Metaspace       used 23631K, capacity 23905K, committed 24064K, reserved 1071104K
  class space    used 2334K, capacity 2449K, committed 2560K, reserved 1048576K
Event: 7.127 GC heap after
Heap after GC invocations=12 (full 2):
 PSYoungGen      total 420864K, used 10227K [0x000000076ab00000, 0x0000000785e80000, 0x00000007c0000000)
  eden space 408064K, 0% used [0x000000076ab00000,0x000000076ab00000,0x0000000783980000)
  from space 12800K, 79% used [0x0000000785200000,0x0000000785bfccc0,0x0000000785e80000)
  to   space 18944K, 0% used [0x0000000783980000,0x0000000783980000,0x0000000784c00000)
 ParOldGen       total 134656K, used 28154K [0x00000006c0000000, 0x00000006c8380000, 0x000000076ab00000)
  object space 134656K, 20% used [0x00000006c0000000,0x00000006c1b7e970,0x00000006c8380000)
 Metaspace       used 23631K, capacity 23905K, committed 24064K, reserved 1071104K
  class space    used 2334K, capacity 2449K, committed 2560K, reserved 1048576K
}
Event: 8.036 GC heap before
{Heap before GC invocations=13 (full 2):
 PSYoungGen      total 420864K, used 418084K [0x000000076ab00000, 0x0000000785e80000, 0x00000007c0000000)
  eden space 408064K, 99% used [0x000000076ab00000,0x000000078394c688,0x0000000783980000)
  from space 12800K, 79% used [0x0000000785200000,0x0000000785bfccc0,0x0000000785e80000)
  to   space 18944K, 0% used [0x0000000783980000,0x0000000783980000,0x0000000784c00000)
 ParOldGen       total 134656K, used 28154K [0x00000006c0000000, 0x00000006c8380000, 0x000000076ab00000)
  object space 134656K, 20% used [0x00000006c0000000,0x00000006c1b7e970,0x00000006c8380000)
 Metaspace       used 23691K, capacity 23969K, committed 24320K, reserved 1071104K
  class space    used 2334K, capacity 2449K, committed 2560K, reserved 1048576K
Event: 8.041 GC heap after
Heap after GC invocations=13 (full 2):
 PSYoungGen      total 427008K, used 10291K [0x000000076ab00000, 0x000000078d900000, 0x00000007c0000000)
  eden space 408064K, 0% used [0x000000076ab00000,0x000000076ab00000,0x0000000783980000)
  from space 18944K, 54% used [0x0000000783980000,0x000000078438ccc0,0x0000000784c00000)
  to   space 18944K, 0% used [0x000000078c680000,0x000000078c680000,0x000000078d900000)
 ParOldGen       total 134656K, used 28218K [0x00000006c0000000, 0x00000006c8380000, 0x000000076ab00000)
  object space 134656K, 20% used [0x00000006c0000000,0x00000006c1b8e970,0x00000006c8380000)
 Metaspace       used 23691K, capacity 23969K, committed 24320K, reserved 1071104K
  class space    used 2334K, capacity 2449K, committed 2560K, reserved 1048576K
}
Event: 8.922 GC heap before
{Heap before GC invocations=14 (full 2):
 PSYoungGen      total 427008K, used 416017K [0x000000076ab00000, 0x000000078d900000, 0x00000007c0000000)
  eden space 408064K, 99% used [0x000000076ab00000,0x00000007837377f0,0x0000000783980000)
  from space 18944K, 54% used [0x0000000783980000,0x000000078438ccc0,0x0000000784c00000)
  to   space 18944K, 0% used [0x000000078c680000,0x000000078c680000,0x000000078d900000)
 ParOldGen       total 134656K, used 28218K [0x00000006c0000000, 0x00000006c8380000, 0x000000076ab00000)
  object space 134656K, 20% used [0x00000006c0000000,0x00000006c1b8e970,0x00000006c8380000)
 Metaspace       used 23789K, capacity 24097K, committed 24320K, reserved 1071104K
  class space    used 2334K, capacity 2449K, committed 2560K, reserved 1048576K
Event: 8.928 GC heap after
Heap after GC invocations=14 (full 2):
 PSYoungGen      total 536064K, used 10227K [0x000000076ab00000, 0x000000078d080000, 0x00000007c0000000)
  eden space 525824K, 0% used [0x000000076ab00000,0x000000076ab00000,0x000000078ac80000)
  from space 10240K, 99% used [0x000000078c680000,0x000000078d07ccc0,0x000000078d080000)
  to   space 18432K, 0% used [0x000000078ac80000,0x000000078ac80000,0x000000078be80000)
 ParOldGen       total 134656K, used 28258K [0x00000006c0000000, 0x00000006c8380000, 0x000000076ab00000)
  object space 134656K, 20% used [0x00000006c0000000,0x00000006c1b98970,0x00000006c8380000)
 Metaspace       used 23789K, capacity 24097K, committed 24320K, reserved 1071104K
  class space    used 2334K, capacity 2449K, committed 2560K, reserved 1048576K
}
Event: 10.087 GC heap before
{Heap before GC invocations=15 (full 2):
 PSYoungGen      total 536064K, used 535648K [0x000000076ab00000, 0x000000078d080000, 0x00000007c0000000)
  eden space 525824K, 99% used [0x000000076ab00000,0x000000078ac1b650,0x000000078ac80000)
  from space 10240K, 99% used [0x000000078c680000,0x000000078d07ccc0,0x000000078d080000)
  to   space 18432K, 0% used [0x000000078ac80000,0x000000078ac80000,0x000000078be80000)
 ParOldGen       total 134656K, used 28258K [0x00000006c0000000, 0x00000006c8380000, 0x000000076ab00000)
  object space 134656K, 20% used [0x00000006c0000000,0x00000006c1b98970,0x00000006c8380000)
 Metaspace       used 23791K, capacity 24097K, committed 24320K, reserved 1071104K
  class space    used 2334K, capacity 2449K, committed 2560K, reserved 1048576K
Event: 10.092 GC heap after
Heap after GC invocations=15 (full 2):
 PSYoungGen      total 544256K, used 10259K [0x000000076ab00000, 0x0000000795600000, 0x00000007c0000000)
  eden space 525824K, 0% used [0x000000076ab00000,0x000000076ab00000,0x000000078ac80000)
  from space 18432K, 55% used [0x000000078ac80000,0x000000078b684cc0,0x000000078be80000)
  to   space 17920K, 0% used [0x0000000794480000,0x0000000794480000,0x0000000795600000)
 ParOldGen       total 134656K, used 28298K [0x00000006c0000000, 0x00000006c8380000, 0x000000076ab00000)
  object space 134656K, 21% used [0x00000006c0000000,0x00000006c1ba2970,0x00000006c8380000)
 Metaspace       used 23791K, capacity 24097K, committed 24320K, reserved 1071104K
  class space    used 2334K, capacity 2449K, committed 2560K, reserved 1048576K
}

