# JRE version: Java(TM) SE Runtime Environment (8.0_73-b02) (build 1.8.0_73-b02)
# Java VM: Java HotSpot(TM) 64-Bit Server VM (25.73-b02 mixed mode bsd-amd64 compressed oops)
Heap:
 PSYoungGen      total 674816K, used 366035K [0x000000076ab00000, 0x00000007a1680000, 0x00000007c0000000)
  eden space 652800K, 54% used [0x000000076ab00000,0x00000007806802b8,0x0000000792880000)
  from space 22016K, 46% used [0x0000000792880000,0x0000000793274cc0,0x0000000793e00000)
  to   space 20992K, 0% used [0x00000007a0200000,0x00000007a0200000,0x00000007a1680000)
 ParOldGen       total 89088K, used 31569K [0x00000006c0000000, 0x00000006c5700000, 0x000000076ab00000)
  object space 89088K, 35% used [0x00000006c0000000,0x00000006c1ed4628,0x00000006c5700000)
 Metaspace       used 23824K, capacity 24087K, committed 24320K, reserved 1071104K
  class space    used 2341K, capacity 2448K, committed 2560K, reserved 1048576K
GC Heap History (10 events):
Event: 5.672 GC heap before
{Heap before GC invocations=10 (full 1):
 PSYoungGen      total 369152K, used 357513K [0x000000076ab00000, 0x0000000782f80000, 0x00000007c0000000)
  eden space 351744K, 100% used [0x000000076ab00000,0x0000000780280000,0x0000000780280000)
  from space 17408K, 33% used [0x0000000781e80000,0x0000000782422680,0x0000000782f80000)
  to   space 23040K, 0% used [0x0000000780280000,0x0000000780280000,0x0000000781900000)
 ParOldGen       total 89088K, used 30801K [0x00000006c0000000, 0x00000006c5700000, 0x000000076ab00000)
  object space 89088K, 34% used [0x00000006c0000000,0x00000006c1e14608,0x00000006c5700000)
 Metaspace       used 23487K, capacity 23767K, committed 24064K, reserved 1071104K
  class space    used 2333K, capacity 2448K, committed 2560K, reserved 1048576K
Event: 5.676 GC heap after
Heap after GC invocations=10 (full 1):
 PSYoungGen      total 374784K, used 10227K [0x000000076ab00000, 0x000000078bd80000, 0x00000007c0000000)
  eden space 351744K, 0% used [0x000000076ab00000,0x000000076ab00000,0x0000000780280000)
  from space 23040K, 44% used [0x0000000780280000,0x0000000780c7ccc0,0x0000000781900000)
  to   space 22016K, 0% used [0x000000078a800000,0x000000078a800000,0x000000078bd80000)
 ParOldGen       total 89088K, used 31377K [0x00000006c0000000, 0x00000006c5700000, 0x000000076ab00000)
  object space 89088K, 35% used [0x00000006c0000000,0x00000006c1ea4628,0x00000006c5700000)
 Metaspace       used 23487K, capacity 23767K, committed 24064K, reserved 1071104K
  class space    used 2333K, capacity 2448K, committed 2560K, reserved 1048576K
}
Event: 6.453 GC heap before
{Heap before GC invocations=11 (full 1):
 PSYoungGen      total 374784K, used 361906K [0x000000076ab00000, 0x000000078bd80000, 0x00000007c0000000)
  eden space 351744K, 99% used [0x000000076ab00000,0x000000078026fcb0,0x0000000780280000)
  from space 23040K, 44% used [0x0000000780280000,0x0000000780c7ccc0,0x0000000781900000)
  to   space 22016K, 0% used [0x000000078a800000,0x000000078a800000,0x000000078bd80000)
 ParOldGen       total 89088K, used 31377K [0x00000006c0000000, 0x00000006c5700000, 0x000000076ab00000)
  object space 89088K, 35% used [0x00000006c0000000,0x00000006c1ea4628,0x00000006c5700000)
 Metaspace       used 23523K, capacity 23831K, committed 24064K, reserved 1071104K
  class space    used 2333K, capacity 2448K, committed 2560K, reserved 1048576K
Event: 6.456 GC heap after
Heap after GC invocations=11 (full 1):
 PSYoungGen      total 501760K, used 2724K [0x000000076ab00000, 0x000000078b500000, 0x00000007c0000000)
  eden space 488448K, 0% used [0x000000076ab00000,0x000000076ab00000,0x0000000788800000)
  from space 13312K, 20% used [0x000000078a800000,0x000000078aaa9330,0x000000078b500000)
  to   space 23040K, 0% used [0x0000000788800000,0x0000000788800000,0x0000000789e80000)
 ParOldGen       total 89088K, used 31425K [0x00000006c0000000, 0x00000006c5700000, 0x000000076ab00000)
  object space 89088K, 35% used [0x00000006c0000000,0x00000006c1eb0628,0x00000006c5700000)
 Metaspace       used 23523K, capacity 23831K, committed 24064K, reserved 1071104K
  class space    used 2333K, capacity 2448K, committed 2560K, reserved 1048576K
}
Event: 7.535 GC heap before
{Heap before GC invocations=12 (full 1):
 PSYoungGen      total 501760K, used 489167K [0x000000076ab00000, 0x000000078b500000, 0x00000007c0000000)
  eden space 488448K, 99% used [0x000000076ab00000,0x000000078860ab98,0x0000000788800000)
  from space 13312K, 20% used [0x000000078a800000,0x000000078aaa9330,0x000000078b500000)
  to   space 23040K, 0% used [0x0000000788800000,0x0000000788800000,0x0000000789e80000)
 ParOldGen       total 89088K, used 31425K [0x00000006c0000000, 0x00000006c5700000, 0x000000076ab00000)
  object space 89088K, 35% used [0x00000006c0000000,0x00000006c1eb0628,0x00000006c5700000)
 Metaspace       used 23595K, capacity 23831K, committed 24064K, reserved 1071104K
  class space    used 2333K, capacity 2448K, committed 2560K, reserved 1048576K
Event: 7.539 GC heap after
Heap after GC invocations=12 (full 1):
 PSYoungGen      total 511488K, used 2724K [0x000000076ab00000, 0x0000000795f00000, 0x00000007c0000000)
  eden space 488448K, 0% used [0x000000076ab00000,0x000000076ab00000,0x0000000788800000)
  from space 23040K, 11% used [0x0000000788800000,0x0000000788aa9330,0x0000000789e80000)
  to   space 23040K, 0% used [0x0000000794880000,0x0000000794880000,0x0000000795f00000)
 ParOldGen       total 89088K, used 31473K [0x00000006c0000000, 0x00000006c5700000, 0x000000076ab00000)
  object space 89088K, 35% used [0x00000006c0000000,0x00000006c1ebc628,0x00000006c5700000)
 Metaspace       used 23595K, capacity 23831K, committed 24064K, reserved 1071104K
  class space    used 2333K, capacity 2448K, committed 2560K, reserved 1048576K
}
Event: 8.571 GC heap before
{Heap before GC invocations=13 (full 1):
 PSYoungGen      total 511488K, used 488854K [0x000000076ab00000, 0x0000000795f00000, 0x00000007c0000000)
  eden space 488448K, 99% used [0x000000076ab00000,0x00000007885bc788,0x0000000788800000)
  from space 23040K, 11% used [0x0000000788800000,0x0000000788aa9330,0x0000000789e80000)
  to   space 23040K, 0% used [0x0000000794880000,0x0000000794880000,0x0000000795f00000)
 ParOldGen       total 89088K, used 31473K [0x00000006c0000000, 0x00000006c5700000, 0x000000076ab00000)
  object space 89088K, 35% used [0x00000006c0000000,0x00000006c1ebc628,0x00000006c5700000)
 Metaspace       used 23711K, capacity 24023K, committed 24320K, reserved 1071104K
  class space    used 2333K, capacity 2448K, committed 2560K, reserved 1048576K
Event: 8.578 GC heap after
Heap after GC invocations=13 (full 1):
 PSYoungGen      total 664064K, used 10227K [0x000000076ab00000, 0x0000000795380000, 0x00000007c0000000)
  eden space 652800K, 0% used [0x000000076ab00000,0x000000076ab00000,0x0000000792880000)
  from space 11264K, 90% used [0x0000000794880000,0x000000079527ccc0,0x0000000795380000)
  to   space 22016K, 0% used [0x0000000792880000,0x0000000792880000,0x0000000793e00000)
 ParOldGen       total 89088K, used 31529K [0x00000006c0000000, 0x00000006c5700000, 0x000000076ab00000)
  object space 89088K, 35% used [0x00000006c0000000,0x00000006c1eca628,0x00000006c5700000)
 Metaspace       used 23711K, capacity 24023K, committed 24320K, reserved 1071104K
  class space    used 2333K, capacity 2448K, committed 2560K, reserved 1048576K
}
Event: 10.024 GC heap before
{Heap before GC invocations=14 (full 1):
 PSYoungGen      total 664064K, used 661932K [0x000000076ab00000, 0x0000000795380000, 0x00000007c0000000)
  eden space 652800K, 99% used [0x000000076ab00000,0x000000079276e540,0x0000000792880000)
  from space 11264K, 90% used [0x0000000794880000,0x000000079527ccc0,0x0000000795380000)
  to   space 22016K, 0% used [0x0000000792880000,0x0000000792880000,0x0000000793e00000)
 ParOldGen       total 89088K, used 31529K [0x00000006c0000000, 0x00000006c5700000, 0x000000076ab00000)
  object space 89088K, 35% used [0x00000006c0000000,0x00000006c1eca628,0x00000006c5700000)
 Metaspace       used 23789K, capacity 24023K, committed 24320K, reserved 1071104K
  class space    used 2333K, capacity 2448K, committed 2560K, reserved 1048576K
Event: 10.030 GC heap after
Heap after GC invocations=14 (full 1):
 PSYoungGen      total 674816K, used 10195K [0x000000076ab00000, 0x00000007a1680000, 0x00000007c0000000)
  eden space 652800K, 0% used [0x000000076ab00000,0x000000076ab00000,0x0000000792880000)
  from space 22016K, 46% used [0x0000000792880000,0x0000000793274cc0,0x0000000793e00000)
  to   space 20992K, 0% used [0x00000007a0200000,0x00000007a0200000,0x00000007a1680000)
 ParOldGen       total 89088K, used 31569K [0x00000006c0000000, 0x00000006c5700000, 0x000000076ab00000)
  object space 89088K, 35% used [0x00000006c0000000,0x00000006c1ed4628,0x00000006c5700000)
 Metaspace       used 23789K, capacity 24023K, committed 24320K, reserved 1071104K
  class space    used 2333K, capacity 2448K, committed 2560K, reserved 1048576K
}

