# JRE version: Java(TM) SE Runtime Environment (8.0_73-b02) (build 1.8.0_73-b02)
# Java VM: Java HotSpot(TM) 64-Bit Server VM (25.73-b02 mixed mode bsd-amd64 compressed oops)
Heap:
 PSYoungGen      total 848896K, used 273613K [0x000000076ab00000, 0x000000079f480000, 0x00000007c0000000)
  eden space 837632K, 32% used [0x000000076ab00000,0x000000077b5e3c58,0x000000079dd00000)
  from space 11264K, 2% used [0x000000079e880000,0x000000079e8cfb38,0x000000079f380000)
  to   space 11776K, 0% used [0x000000079dd00000,0x000000079dd00000,0x000000079e880000)
 ParOldGen       total 175104K, used 5805K [0x00000006c0000000, 0x00000006cab00000, 0x000000076ab00000)
  object space 175104K, 3% used [0x00000006c0000000,0x00000006c05ab4d8,0x00000006cab00000)
 Metaspace       used 20714K, capacity 20937K, committed 21120K, reserved 1069056K
  class space    used 2045K, capacity 2111K, committed 2176K, reserved 1048576K
GC Heap History (10 events):
Event: 3.029 GC heap before
{Heap before GC invocations=6 (full 0):
 PSYoungGen      total 141824K, used 137485K [0x000000076ab00000, 0x000000077be00000, 0x00000007c0000000)
  eden space 131072K, 100% used [0x000000076ab00000,0x0000000772b00000,0x0000000772b00000)
  from space 10752K, 59% used [0x0000000772b00000,0x00000007731434d8,0x0000000773580000)
  to   space 9728K, 0% used [0x000000077b480000,0x000000077b480000,0x000000077be00000)
 ParOldGen       total 175104K, used 112K [0x00000006c0000000, 0x00000006cab00000, 0x000000076ab00000)
  object space 175104K, 0% used [0x00000006c0000000,0x00000006c001c010,0x00000006cab00000)
 Metaspace       used 19264K, capacity 19423K, committed 19712K, reserved 1067008K
  class space    used 1956K, capacity 2014K, committed 2048K, reserved 1048576K
Event: 3.034 GC heap after
Heap after GC invocations=6 (full 0):
 PSYoungGen      total 271872K, used 7036K [0x000000076ab00000, 0x000000077be00000, 0x00000007c0000000)
  eden space 262144K, 0% used [0x000000076ab00000,0x000000076ab00000,0x000000077ab00000)
  from space 9728K, 72% used [0x000000077b480000,0x000000077bb5f038,0x000000077be00000)
  to   space 9728K, 0% used [0x000000077ab00000,0x000000077ab00000,0x000000077b480000)
 ParOldGen       total 175104K, used 120K [0x00000006c0000000, 0x00000006cab00000, 0x000000076ab00000)
  object space 175104K, 0% used [0x00000006c0000000,0x00000006c001e010,0x00000006cab00000)
 Metaspace       used 19264K, capacity 19423K, committed 19712K, reserved 1067008K
  class space    used 1956K, capacity 2014K, committed 2048K, reserved 1048576K
}
Event: 3.408 GC heap before
{Heap before GC invocations=7 (full 0):
 PSYoungGen      total 271872K, used 269180K [0x000000076ab00000, 0x000000077be00000, 0x00000007c0000000)
  eden space 262144K, 100% used [0x000000076ab00000,0x000000077ab00000,0x000000077ab00000)
  from space 9728K, 72% used [0x000000077b480000,0x000000077bb5f038,0x000000077be00000)
  to   space 9728K, 0% used [0x000000077ab00000,0x000000077ab00000,0x000000077b480000)
 ParOldGen       total 175104K, used 120K [0x00000006c0000000, 0x00000006cab00000, 0x000000076ab00000)
  object space 175104K, 0% used [0x00000006c0000000,0x00000006c001e010,0x00000006cab00000)
 Metaspace       used 19269K, capacity 19423K, committed 19712K, reserved 1067008K
  class space    used 1956K, capacity 2014K, committed 2048K, reserved 1048576K
Event: 3.414 GC heap after
Heap after GC invocations=7 (full 0):
 PSYoungGen      total 271872K, used 1146K [0x000000076ab00000, 0x000000078c000000, 0x00000007c0000000)
  eden space 262144K, 0% used [0x000000076ab00000,0x000000076ab00000,0x000000077ab00000)
  from space 9728K, 11% used [0x000000077ab00000,0x000000077ac1eba8,0x000000077b480000)
  to   space 10752K, 0% used [0x000000078b580000,0x000000078b580000,0x000000078c000000)
 ParOldGen       total 175104K, used 5685K [0x00000006c0000000, 0x00000006cab00000, 0x000000076ab00000)
  object space 175104K, 3% used [0x00000006c0000000,0x00000006c058d4d8,0x00000006cab00000)
 Metaspace       used 19269K, capacity 19423K, committed 19712K, reserved 1067008K
  class space    used 1956K, capacity 2014K, committed 2048K, reserved 1048576K
}
Event: 3.751 GC heap before
{Heap before GC invocations=8 (full 0):
 PSYoungGen      total 271872K, used 263290K [0x000000076ab00000, 0x000000078c000000, 0x00000007c0000000)
  eden space 262144K, 100% used [0x000000076ab00000,0x000000077ab00000,0x000000077ab00000)
  from space 9728K, 11% used [0x000000077ab00000,0x000000077ac1eba8,0x000000077b480000)
  to   space 10752K, 0% used [0x000000078b580000,0x000000078b580000,0x000000078c000000)
 ParOldGen       total 175104K, used 5685K [0x00000006c0000000, 0x00000006cab00000, 0x000000076ab00000)
  object space 175104K, 3% used [0x00000006c0000000,0x00000006c058d4d8,0x00000006cab00000)
 Metaspace       used 19273K, capacity 19423K, committed 19712K, reserved 1067008K
  class space    used 1956K, capacity 2014K, committed 2048K, reserved 1048576K
Event: 3.752 GC heap after
Heap after GC invocations=8 (full 0):
 PSYoungGen      total 534528K, used 1578K [0x000000076ab00000, 0x000000078c100000, 0x00000007c0000000)
  eden space 523776K, 0% used [0x000000076ab00000,0x000000076ab00000,0x000000078aa80000)
  from space 10752K, 14% used [0x000000078b580000,0x000000078b70a8b8,0x000000078c000000)
  to   space 11264K, 0% used [0x000000078aa80000,0x000000078aa80000,0x000000078b580000)
 ParOldGen       total 175104K, used 5725K [0x00000006c0000000, 0x00000006cab00000, 0x000000076ab00000)
  object space 175104K, 3% used [0x00000006c0000000,0x00000006c05974d8,0x00000006cab00000)
 Metaspace       used 19273K, capacity 19423K, committed 19712K, reserved 1067008K
  class space    used 1956K, capacity 2014K, committed 2048K, reserved 1048576K
}
Event: 4.465 GC heap before
{Heap before GC invocations=9 (full 0):
 PSYoungGen      total 534528K, used 525354K [0x000000076ab00000, 0x000000078c100000, 0x00000007c0000000)
  eden space 523776K, 100% used [0x000000076ab00000,0x000000078aa80000,0x000000078aa80000)
  from space 10752K, 14% used [0x000000078b580000,0x000000078b70a8b8,0x000000078c000000)
  to   space 11264K, 0% used [0x000000078aa80000,0x000000078aa80000,0x000000078b580000)
 ParOldGen       total 175104K, used 5725K [0x00000006c0000000, 0x00000006cab00000, 0x000000076ab00000)
  object space 175104K, 3% used [0x00000006c0000000,0x00000006c05974d8,0x00000006cab00000)
 Metaspace       used 19296K, capacity 19491K, committed 19712K, reserved 1067008K
  class space    used 1956K, capacity 2014K, committed 2048K, reserved 1048576K
Event: 4.467 GC heap after
Heap after GC invocations=9 (full 0):
 PSYoungGen      total 535040K, used 2336K [0x000000076ab00000, 0x000000079f380000, 0x00000007c0000000)
  eden space 523776K, 0% used [0x000000076ab00000,0x000000076ab00000,0x000000078aa80000)
  from space 11264K, 20% used [0x000000078aa80000,0x000000078acc8000,0x000000078b580000)
  to   space 11264K, 0% used [0x000000079e880000,0x000000079e880000,0x000000079f380000)
 ParOldGen       total 175104K, used 5749K [0x00000006c0000000, 0x00000006cab00000, 0x000000076ab00000)
  object space 175104K, 3% used [0x00000006c0000000,0x00000006c059d4d8,0x00000006cab00000)
 Metaspace       used 19296K, capacity 19491K, committed 19712K, reserved 1067008K
  class space    used 1956K, capacity 2014K, committed 2048K, reserved 1048576K
}
Event: 4.942 GC heap before
{Heap before GC invocations=10 (full 0):
 PSYoungGen      total 535040K, used 526112K [0x000000076ab00000, 0x000000079f380000, 0x00000007c0000000)
  eden space 523776K, 100% used [0x000000076ab00000,0x000000078aa80000,0x000000078aa80000)
  from space 11264K, 20% used [0x000000078aa80000,0x000000078acc8000,0x000000078b580000)
  to   space 11264K, 0% used [0x000000079e880000,0x000000079e880000,0x000000079f380000)
 ParOldGen       total 175104K, used 5749K [0x00000006c0000000, 0x00000006cab00000, 0x000000076ab00000)
  object space 175104K, 3% used [0x00000006c0000000,0x00000006c059d4d8,0x00000006cab00000)
 Metaspace       used 19323K, capacity 19555K, committed 19712K, reserved 1067008K
  class space    used 1956K, capacity 2014K, committed 2048K, reserved 1048576K
Event: 4.943 GC heap after
Heap after GC invocations=10 (full 0):
 PSYoungGen      total 848896K, used 318K [0x000000076ab00000, 0x000000079f480000, 0x00000007c0000000)
  eden space 837632K, 0% used [0x000000076ab00000,0x000000076ab00000,0x000000079dd00000)
  from space 11264K, 2% used [0x000000079e880000,0x000000079e8cfb38,0x000000079f380000)
  to   space 11776K, 0% used [0x000000079dd00000,0x000000079dd00000,0x000000079e880000)
 ParOldGen       total 175104K, used 5805K [0x00000006c0000000, 0x00000006cab00000, 0x000000076ab00000)
  object space 175104K, 3% used [0x00000006c0000000,0x00000006c05ab4d8,0x00000006cab00000)
 Metaspace       used 19323K, capacity 19555K, committed 19712K, reserved 1067008K
  class space    used 1956K, capacity 2014K, committed 2048K, reserved 1048576K
}

