# JRE version: Java(TM) SE Runtime Environment (8.0_73-b02) (build 1.8.0_73-b02)
# Java VM: Java HotSpot(TM) 64-Bit Server VM (25.73-b02 mixed mode bsd-amd64 compressed oops)
Heap:
 PSYoungGen      total 542208K, used 101587K [0x000000076ab00000, 0x000000078da80000, 0x00000007c0000000)
  eden space 535040K, 18% used [0x000000076ab00000,0x0000000770c42cd8,0x000000078b580000)
  from space 7168K, 27% used [0x000000078d380000,0x000000078d572160,0x000000078da80000)
  to   space 18944K, 0% used [0x000000078b580000,0x000000078b580000,0x000000078c800000)
 ParOldGen       total 100864K, used 15995K [0x00000006c0000000, 0x00000006c6280000, 0x000000076ab00000)
  object space 100864K, 15% used [0x00000006c0000000,0x00000006c0f9eda8,0x00000006c6280000)
 Metaspace       used 21541K, capacity 21781K, committed 22016K, reserved 1069056K
  class space    used 2165K, capacity 2257K, committed 2304K, reserved 1048576K
GC Heap History (10 events):
Event: 5.806 GC heap before
{Heap before GC invocations=9 (full 1):
 PSYoungGen      total 216064K, used 202996K [0x000000076ab00000, 0x0000000780e00000, 0x00000007c0000000)
  eden space 195072K, 99% used [0x000000076ab00000,0x0000000776872b98,0x0000000776980000)
  from space 20992K, 42% used [0x0000000776980000,0x000000077724a6e0,0x0000000777e00000)
  to   space 19968K, 0% used [0x000000077fa80000,0x000000077fa80000,0x0000000780e00000)
 ParOldGen       total 100864K, used 13947K [0x00000006c0000000, 0x00000006c6280000, 0x000000076ab00000)
  object space 100864K, 13% used [0x00000006c0000000,0x00000006c0d9ec48,0x00000006c6280000)
 Metaspace       used 21217K, capacity 21461K, committed 21760K, reserved 1069056K
  class space    used 2157K, capacity 2257K, committed 2304K, reserved 1048576K
Event: 5.811 GC heap after
Heap after GC invocations=9 (full 1):
 PSYoungGen      total 332288K, used 7169K [0x000000076ab00000, 0x0000000780800000, 0x00000007c0000000)
  eden space 318464K, 0% used [0x000000076ab00000,0x000000076ab00000,0x000000077e200000)
  from space 13824K, 51% used [0x000000077fa80000,0x0000000780180580,0x0000000780800000)
  to   space 19456K, 0% used [0x000000077e200000,0x000000077e200000,0x000000077f500000)
 ParOldGen       total 100864K, used 15771K [0x00000006c0000000, 0x00000006c6280000, 0x000000076ab00000)
  object space 100864K, 15% used [0x00000006c0000000,0x00000006c0f66da8,0x00000006c6280000)
 Metaspace       used 21217K, capacity 21461K, committed 21760K, reserved 1069056K
  class space    used 2157K, capacity 2257K, committed 2304K, reserved 1048576K
}
Event: 6.824 GC heap before
{Heap before GC invocations=10 (full 1):
 PSYoungGen      total 332288K, used 324618K [0x000000076ab00000, 0x0000000780800000, 0x00000007c0000000)
  eden space 318464K, 99% used [0x000000076ab00000,0x000000077e102458,0x000000077e200000)
  from space 13824K, 51% used [0x000000077fa80000,0x0000000780180580,0x0000000780800000)
  to   space 19456K, 0% used [0x000000077e200000,0x000000077e200000,0x000000077f500000)
 ParOldGen       total 100864K, used 15771K [0x00000006c0000000, 0x00000006c6280000, 0x000000076ab00000)
  object space 100864K, 15% used [0x00000006c0000000,0x00000006c0f66da8,0x00000006c6280000)
 Metaspace       used 21262K, capacity 21525K, committed 21760K, reserved 1069056K
  class space    used 2157K, capacity 2257K, committed 2304K, reserved 1048576K
Event: 6.830 GC heap after
Heap after GC invocations=10 (full 1):
 PSYoungGen      total 337920K, used 7201K [0x000000076ab00000, 0x0000000787500000, 0x00000007c0000000)
  eden space 318464K, 0% used [0x000000076ab00000,0x000000076ab00000,0x000000077e200000)
  from space 19456K, 37% used [0x000000077e200000,0x000000077e908580,0x000000077f500000)
  to   space 18944K, 0% used [0x0000000786280000,0x0000000786280000,0x0000000787500000)
 ParOldGen       total 100864K, used 15835K [0x00000006c0000000, 0x00000006c6280000, 0x000000076ab00000)
  object space 100864K, 15% used [0x00000006c0000000,0x00000006c0f76da8,0x00000006c6280000)
 Metaspace       used 21262K, capacity 21525K, committed 21760K, reserved 1069056K
  class space    used 2157K, capacity 2257K, committed 2304K, reserved 1048576K
}
Event: 7.842 GC heap before
{Heap before GC invocations=11 (full 1):
 PSYoungGen      total 337920K, used 324785K [0x000000076ab00000, 0x0000000787500000, 0x00000007c0000000)
  eden space 318464K, 99% used [0x000000076ab00000,0x000000077e124150,0x000000077e200000)
  from space 19456K, 37% used [0x000000077e200000,0x000000077e908580,0x000000077f500000)
  to   space 18944K, 0% used [0x0000000786280000,0x0000000786280000,0x0000000787500000)
 ParOldGen       total 100864K, used 15835K [0x00000006c0000000, 0x00000006c6280000, 0x000000076ab00000)
  object space 100864K, 15% used [0x00000006c0000000,0x00000006c0f76da8,0x00000006c6280000)
 Metaspace       used 21391K, capacity 21653K, committed 21760K, reserved 1069056K
  class space    used 2157K, capacity 2257K, committed 2304K, reserved 1048576K
Event: 7.845 GC heap after
Heap after GC invocations=11 (full 1):
 PSYoungGen      total 431616K, used 1960K [0x000000076ab00000, 0x0000000786c80000, 0x00000007c0000000)
  eden space 421376K, 0% used [0x000000076ab00000,0x000000076ab00000,0x0000000784680000)
  from space 10240K, 19% used [0x0000000786280000,0x000000078646a160,0x0000000786c80000)
  to   space 19456K, 0% used [0x0000000784680000,0x0000000784680000,0x0000000785980000)
 ParOldGen       total 100864K, used 15891K [0x00000006c0000000, 0x00000006c6280000, 0x000000076ab00000)
  object space 100864K, 15% used [0x00000006c0000000,0x00000006c0f84da8,0x00000006c6280000)
 Metaspace       used 21391K, capacity 21653K, committed 21760K, reserved 1069056K
  class space    used 2157K, capacity 2257K, committed 2304K, reserved 1048576K
}
Event: 9.146 GC heap before
{Heap before GC invocations=12 (full 1):
 PSYoungGen      total 431616K, used 421780K [0x000000076ab00000, 0x0000000786c80000, 0x00000007c0000000)
  eden space 421376K, 99% used [0x000000076ab00000,0x00000007844fb1c0,0x0000000784680000)
  from space 10240K, 19% used [0x0000000786280000,0x000000078646a160,0x0000000786c80000)
  to   space 19456K, 0% used [0x0000000784680000,0x0000000784680000,0x0000000785980000)
 ParOldGen       total 100864K, used 15891K [0x00000006c0000000, 0x00000006c6280000, 0x000000076ab00000)
  object space 100864K, 15% used [0x00000006c0000000,0x00000006c0f84da8,0x00000006c6280000)
 Metaspace       used 21395K, capacity 21653K, committed 21760K, reserved 1069056K
  class space    used 2157K, capacity 2257K, committed 2304K, reserved 1048576K
Event: 9.151 GC heap after
Heap after GC invocations=12 (full 1):
 PSYoungGen      total 440832K, used 7169K [0x000000076ab00000, 0x000000078e600000, 0x00000007c0000000)
  eden space 421376K, 0% used [0x000000076ab00000,0x000000076ab00000,0x0000000784680000)
  from space 19456K, 36% used [0x0000000784680000,0x0000000784d80580,0x0000000785980000)
  to   space 18944K, 0% used [0x000000078d380000,0x000000078d380000,0x000000078e600000)
 ParOldGen       total 100864K, used 15947K [0x00000006c0000000, 0x00000006c6280000, 0x000000076ab00000)
  object space 100864K, 15% used [0x00000006c0000000,0x00000006c0f92da8,0x00000006c6280000)
 Metaspace       used 21395K, capacity 21653K, committed 21760K, reserved 1069056K
  class space    used 2157K, capacity 2257K, committed 2304K, reserved 1048576K
}
Event: 10.504 GC heap before
{Heap before GC invocations=13 (full 1):
 PSYoungGen      total 440832K, used 427324K [0x000000076ab00000, 0x000000078e600000, 0x00000007c0000000)
  eden space 421376K, 99% used [0x000000076ab00000,0x000000078454edb8,0x0000000784680000)
  from space 19456K, 36% used [0x0000000784680000,0x0000000784d80580,0x0000000785980000)
  to   space 18944K, 0% used [0x000000078d380000,0x000000078d380000,0x000000078e600000)
 ParOldGen       total 100864K, used 15947K [0x00000006c0000000, 0x00000006c6280000, 0x000000076ab00000)
  object space 100864K, 15% used [0x00000006c0000000,0x00000006c0f92da8,0x00000006c6280000)
 Metaspace       used 21505K, capacity 21781K, committed 22016K, reserved 1069056K
  class space    used 2157K, capacity 2257K, committed 2304K, reserved 1048576K
Event: 10.508 GC heap after
Heap after GC invocations=13 (full 1):
 PSYoungGen      total 542208K, used 1992K [0x000000076ab00000, 0x000000078da80000, 0x00000007c0000000)
  eden space 535040K, 0% used [0x000000076ab00000,0x000000076ab00000,0x000000078b580000)
  from space 7168K, 27% used [0x000000078d380000,0x000000078d572160,0x000000078da80000)
  to   space 18944K, 0% used [0x000000078b580000,0x000000078b580000,0x000000078c800000)
 ParOldGen       total 100864K, used 15995K [0x00000006c0000000, 0x00000006c6280000, 0x000000076ab00000)
  object space 100864K, 15% used [0x00000006c0000000,0x00000006c0f9eda8,0x00000006c6280000)
 Metaspace       used 21505K, capacity 21781K, committed 22016K, reserved 1069056K
  class space    used 2157K, capacity 2257K, committed 2304K, reserved 1048576K
}

